{"numFailedTestSuites":1,"numFailedTests":1,"numPassedTestSuites":0,"numPassedTests":0,"numPendingTestSuites":0,"numPendingTests":21,"numRuntimeErrorTestSuites":0,"numTodoTests":0,"numTotalTestSuites":1,"numTotalTests":22,"openHandles":[],"snapshot":{"added":0,"didUpdate":false,"failure":false,"filesAdded":0,"filesRemoved":0,"filesRemovedList":[],"filesUnmatched":0,"filesUpdated":0,"matched":0,"total":0,"unchecked":0,"uncheckedKeysByFile":[],"unmatched":0,"updated":0},"startTime":1770298465073,"success":false,"testResults":[{"assertionResults":[{"ancestorTitles":["MareasService","validateStagesChronology (Edge Cases)"],"duration":null,"failing":false,"failureDetails":[],"failureMessages":[],"fullName":"MareasService validateStagesChronology (Edge Cases) should throw error if arrival is before departure in same stage","invocations":1,"location":null,"numPassingAsserts":0,"retryReasons":[],"startAt":1770298468446,"status":"pending","title":"should throw error if arrival is before departure in same stage"},{"ancestorTitles":["MareasService","validateStagesChronology (Edge Cases)"],"duration":null,"failing":false,"failureDetails":[],"failureMessages":[],"fullName":"MareasService validateStagesChronology (Edge Cases) should throw error if stage 2 departure is before stage 1 arrival","invocations":1,"location":null,"numPassingAsserts":0,"retryReasons":[],"startAt":1770298468446,"status":"pending","title":"should throw error if stage 2 departure is before stage 1 arrival"},{"ancestorTitles":["MareasService","validateStagesChronology (Edge Cases)"],"duration":null,"failing":false,"failureDetails":[],"failureMessages":[],"fullName":"MareasService validateStagesChronology (Edge Cases) should pass if dates are equal (limit case)","invocations":1,"location":null,"numPassingAsserts":0,"retryReasons":[],"startAt":1770298468446,"status":"pending","title":"should pass if dates are equal (limit case)"},{"ancestorTitles":["MareasService","update (Impediment check)"],"duration":null,"failing":false,"failureDetails":[],"failureMessages":[],"fullName":"MareasService update (Impediment check) should throw BadRequestException if assigning an observer with impediment","invocations":1,"location":null,"numPassingAsserts":0,"retryReasons":[],"startAt":1770298468446,"status":"pending","title":"should throw BadRequestException if assigning an observer with impediment"},{"ancestorTitles":["MareasService","executeAction - RECIBIR_DATOS (Date range checks)"],"duration":null,"failing":false,"failureDetails":[],"failureMessages":[],"fullName":"MareasService executeAction - RECIBIR_DATOS (Date range checks) should throw if reception date is before arrival","invocations":1,"location":null,"numPassingAsserts":0,"retryReasons":[],"startAt":1770298468446,"status":"pending","title":"should throw if reception date is before arrival"},{"ancestorTitles":["MareasService","executeAction - RECIBIR_DATOS (Date range checks)"],"duration":null,"failing":false,"failureDetails":[],"failureMessages":[],"fullName":"MareasService executeAction - RECIBIR_DATOS (Date range checks) should throw if observer dates are inconsistent with stages","invocations":1,"location":null,"numPassingAsserts":0,"retryReasons":[],"startAt":1770298468446,"status":"pending","title":"should throw if observer dates are inconsistent with stages"},{"ancestorTitles":["MareasService","create (Uniqueness and Initialization)"],"duration":null,"failing":false,"failureDetails":[],"failureMessages":[],"fullName":"MareasService create (Uniqueness and Initialization) should throw error if marea already exists","invocations":1,"location":null,"numPassingAsserts":0,"retryReasons":[],"startAt":1770298468446,"status":"pending","title":"should throw error if marea already exists"},{"ancestorTitles":["MareasService","create (Uniqueness and Initialization)"],"duration":null,"failing":false,"failureDetails":[],"failureMessages":[],"fullName":"MareasService create (Uniqueness and Initialization) should create marea and state is initialized","invocations":1,"location":null,"numPassingAsserts":0,"retryReasons":[],"startAt":1770298468446,"status":"pending","title":"should create marea and state is initialized"},{"ancestorTitles":["MareasService","executeAction - REGISTRAR_INICIO"],"duration":null,"failing":false,"failureDetails":[],"failureMessages":[],"fullName":"MareasService executeAction - REGISTRAR_INICIO should create first stage automatically if it does not exist","invocations":1,"location":null,"numPassingAsserts":0,"retryReasons":[],"startAt":1770298468446,"status":"pending","title":"should create first stage automatically if it does not exist"},{"ancestorTitles":["MareasService","update (Business Rules and Blinking)"],"duration":null,"failing":false,"failureDetails":[],"failureMessages":[],"fullName":"MareasService update (Business Rules and Blinking) should allow clearing optional fields by sending null","invocations":1,"location":null,"numPassingAsserts":0,"retryReasons":[],"startAt":1770298468446,"status":"pending","title":"should allow clearing optional fields by sending null"},{"ancestorTitles":["MareasService","update (Business Rules and Blinking)"],"duration":null,"failing":false,"failureDetails":[],"failureMessages":[],"fullName":"MareasService update (Business Rules and Blinking) should throw error if fechaFinObservador is provided without fechaInicioObservador (and not in DB)","invocations":1,"location":null,"numPassingAsserts":0,"retryReasons":[],"startAt":1770298468446,"status":"pending","title":"should throw error if fechaFinObservador is provided without fechaInicioObservador (and not in DB)"},{"ancestorTitles":["MareasService","update (Business Rules and Blinking)"],"duration":null,"failing":false,"failureDetails":[],"failureMessages":[],"fullName":"MareasService update (Business Rules and Blinking) should throw error if fechaInicioObservador is after fechaFinObservador","invocations":1,"location":null,"numPassingAsserts":0,"retryReasons":[],"startAt":1770298468446,"status":"pending","title":"should throw error if fechaInicioObservador is after fechaFinObservador"},{"ancestorTitles":["MareasService","update (Business Rules and Blinking)"],"duration":null,"failing":false,"failureDetails":[],"failureMessages":[],"fullName":"MareasService update (Business Rules and Blinking) should throw error if fechaFinObservador is provided but there are open stages in DTO","invocations":1,"location":null,"numPassingAsserts":0,"retryReasons":[],"startAt":1770298468446,"status":"pending","title":"should throw error if fechaFinObservador is provided but there are open stages in DTO"},{"ancestorTitles":["MareasService","update (Business Rules and Blinking)"],"duration":null,"failing":false,"failureDetails":[],"failureMessages":[],"fullName":"MareasService update (Business Rules and Blinking) should throw error if fechaFinObservador is provided but there are open stages in DB","invocations":1,"location":null,"numPassingAsserts":0,"retryReasons":[],"startAt":1770298468446,"status":"pending","title":"should throw error if fechaFinObservador is provided but there are open stages in DB"},{"ancestorTitles":["MareasService","update (Business Rules and Blinking)"],"duration":null,"failing":false,"failureDetails":[],"failureMessages":[],"fullName":"MareasService update (Business Rules and Blinking) should throw error if protocolization fields are inconsistent (some null, some defined)","invocations":1,"location":null,"numPassingAsserts":0,"retryReasons":[],"startAt":1770298468446,"status":"pending","title":"should throw error if protocolization fields are inconsistent (some null, some defined)"},{"ancestorTitles":["MareasService","update (Business Rules and Blinking)"],"duration":null,"failing":false,"failureDetails":[],"failureMessages":[],"fullName":"MareasService update (Business Rules and Blinking) should throw error if protocolization fields are partially cleared (some null, some defined)","invocations":1,"location":null,"numPassingAsserts":0,"retryReasons":[],"startAt":1770298468446,"status":"pending","title":"should throw error if protocolization fields are partially cleared (some null, some defined)"},{"ancestorTitles":["MareasService","update (Business Rules and Blinking)"],"duration":null,"failing":false,"failureDetails":[],"failureMessages":[],"fullName":"MareasService update (Business Rules and Blinking) should pass if all protocolization fields are null","invocations":1,"location":null,"numPassingAsserts":0,"retryReasons":[],"startAt":1770298468446,"status":"pending","title":"should pass if all protocolization fields are null"},{"ancestorTitles":["MareasService","update (Business Rules and Blinking)"],"duration":null,"failing":false,"failureDetails":[],"failureMessages":[],"fullName":"MareasService update (Business Rules and Blinking) should throw error if stage zarpada fields are incomplete","invocations":1,"location":null,"numPassingAsserts":0,"retryReasons":[],"startAt":1770298468446,"status":"pending","title":"should throw error if stage zarpada fields are incomplete"},{"ancestorTitles":["MareasService","update (Business Rules and Blinking)"],"duration":null,"failing":false,"failureDetails":[],"failureMessages":[],"fullName":"MareasService update (Business Rules and Blinking) should throw error if stage arribo fields are inconsistent (fecha present, puerto missing)","invocations":1,"location":null,"numPassingAsserts":0,"retryReasons":[],"startAt":1770298468446,"status":"pending","title":"should throw error if stage arribo fields are inconsistent (fecha present, puerto missing)"},{"ancestorTitles":["MareasService","update (Business Rules and Blinking)"],"duration":null,"failing":false,"failureDetails":[],"failureMessages":[],"fullName":"MareasService update (Business Rules and Blinking) should throw error if stage arribo fields are inconsistent (puerto present, fecha missing)","invocations":1,"location":null,"numPassingAsserts":0,"retryReasons":[],"startAt":1770298468446,"status":"pending","title":"should throw error if stage arribo fields are inconsistent (puerto present, fecha missing)"},{"ancestorTitles":["MareasService","getRecentMovements"],"duration":null,"failing":false,"failureDetails":[],"failureMessages":[],"fullName":"MareasService getRecentMovements should calculate limitDate based on DateUtils.getNow","invocations":1,"location":null,"numPassingAsserts":0,"retryReasons":[],"startAt":1770298468446,"status":"pending","title":"should calculate limitDate based on DateUtils.getNow"},{"ancestorTitles":["MareasService","getRecentMovements","getMareaContext"],"duration":7,"failing":false,"failureDetails":[{}],"failureMessages":["TypeError: Cannot read properties of undefined (reading 'map')\n    at MareasService.getMareaContext (D:\\Desarrollo\\_INIDEP\\OBS\\Mareas\\gestion-mareas-monorepo\\app\\backend\\src\\mareas\\mareas.service.ts:1511:43)\n    at Object.<anonymous> (D:\\Desarrollo\\_INIDEP\\OBS\\Mareas\\gestion-mareas-monorepo\\app\\backend\\src\\mareas\\mareas.service.spec.ts:486:32)"],"fullName":"MareasService getRecentMovements getMareaContext should enrich actions with toStateName and requiresNotes","invocations":1,"location":null,"numPassingAsserts":0,"retryReasons":[],"startAt":1770298468446,"status":"failed","title":"should enrich actions with toStateName and requiresNotes"}],"endTime":1770298468471,"message":"\u001b[1m\u001b[31m  \u001b[1m● \u001b[22m\u001b[1mMareasService › getRecentMovements › getMareaContext › should enrich actions with toStateName and requiresNotes\u001b[39m\u001b[22m\n\n    TypeError: Cannot read properties of undefined (reading 'map')\n\u001b[2m\u001b[22m\n\u001b[2m    \u001b[0m \u001b[90m 1509 |\u001b[39m             }\u001b[33m,\u001b[39m\u001b[22m\n\u001b[2m     \u001b[90m 1510 |\u001b[39m             actions\u001b[33m,\u001b[39m\u001b[22m\n\u001b[2m    \u001b[31m\u001b[1m>\u001b[22m\u001b[2m\u001b[39m\u001b[90m 1511 |\u001b[39m             lastEvents\u001b[33m:\u001b[39m marea\u001b[33m.\u001b[39mmovimientos\u001b[33m.\u001b[39mmap((mov\u001b[33m:\u001b[39m any) \u001b[33m=>\u001b[39m ({\u001b[22m\n\u001b[2m     \u001b[90m      |\u001b[39m                                           \u001b[31m\u001b[1m^\u001b[22m\u001b[2m\u001b[39m\u001b[22m\n\u001b[2m     \u001b[90m 1512 |\u001b[39m                 id\u001b[33m:\u001b[39m mov\u001b[33m.\u001b[39mid\u001b[33m,\u001b[39m\u001b[22m\n\u001b[2m     \u001b[90m 1513 |\u001b[39m                 titulo\u001b[33m:\u001b[39m mov\u001b[33m.\u001b[39mdetalle \u001b[33m||\u001b[39m mov\u001b[33m.\u001b[39mtipoEvento\u001b[33m,\u001b[39m\u001b[22m\n\u001b[2m     \u001b[90m 1514 |\u001b[39m                 fecha\u001b[33m:\u001b[39m mov\u001b[33m.\u001b[39mfechaHora\u001b[33m,\u001b[39m\u001b[0m\u001b[22m\n\u001b[2m\u001b[22m\n\u001b[2m      \u001b[2mat MareasService.getMareaContext (\u001b[22m\u001b[2mmareas/mareas.service.ts\u001b[2m:1511:43)\u001b[22m\u001b[2m\u001b[22m\n\u001b[2m      \u001b[2mat Object.<anonymous> (\u001b[22m\u001b[2m\u001b[0m\u001b[36mmareas/mareas.service.spec.ts\u001b[39m\u001b[0m\u001b[2m:486:32)\u001b[22m\u001b[2m\u001b[22m\n","name":"D:\\Desarrollo\\_INIDEP\\OBS\\Mareas\\gestion-mareas-monorepo\\app\\backend\\src\\mareas\\mareas.service.spec.ts","startTime":1770298465285,"status":"failed","summary":""}],"wasInterrupted":false}
