TN:
SF:src\app.module.ts
FN:93,(anonymous_1)
FNF:1
FNH:0
FNDA:0,(anonymous_1)
DA:1,0
DA:3,0
DA:4,0
DA:5,0
DA:6,0
DA:8,0
DA:9,0
DA:10,0
DA:11,0
DA:12,0
DA:13,0
DA:14,0
DA:15,0
DA:16,0
DA:17,0
DA:18,0
DA:19,0
DA:20,0
DA:21,0
DA:22,0
DA:23,0
DA:24,0
DA:25,0
DA:28,0
DA:30,0
DA:31,0
DA:33,0
DA:34,0
DA:35,0
DA:36,0
DA:92,0
DA:94,0
LF:32
LH:0
BRF:0
BRH:0
end_of_record
TN:
SF:src\main.ts
FN:8,bootstrap
FN:40,(anonymous_1)
FN:47,(anonymous_2)
FN:64,(anonymous_3)
FNF:4
FNH:0
FNDA:0,bootstrap
FNDA:0,(anonymous_1)
FNDA:0,(anonymous_2)
FNDA:0,(anonymous_3)
DA:1,0
DA:2,0
DA:3,0
DA:5,0
DA:6,0
DA:9,0
DA:12,0
DA:13,0
DA:15,0
DA:16,0
DA:18,0
DA:20,0
DA:28,0
DA:30,0
DA:31,0
DA:39,0
DA:40,0
DA:41,0
DA:42,0
DA:47,0
DA:49,0
DA:51,0
DA:60,0
DA:61,0
DA:64,0
DA:65,0
DA:66,0
LF:27
LH:0
BRDA:39,0,0,0
BRDA:39,0,1,0
BRDA:42,1,0,0
BRDA:42,1,1,0
BRDA:60,2,0,0
BRDA:60,2,1,0
BRDA:61,3,0,0
BRDA:61,3,1,0
BRF:8
BRH:0
end_of_record
TN:
SF:src\access-import\access-import.controller.ts
FN:12,(anonymous_4)
FN:16,(anonymous_5)
FNF:2
FNH:0
FNDA:0,(anonymous_4)
FNDA:0,(anonymous_5)
DA:1,0
DA:2,0
DA:3,0
DA:4,0
DA:5,0
DA:9,0
DA:10,0
DA:12,0
DA:16,0
DA:17,0
DA:18,0
DA:21,0
DA:25,0
DA:27,0
LF:14
LH:0
BRDA:17,0,0,0
BRDA:17,0,1,0
BRF:2
BRH:0
end_of_record
TN:
SF:src\access-import\access-import.module.ts
FNF:0
FNH:0
DA:1,0
DA:2,0
DA:3,0
DA:4,0
DA:5,0
DA:6,0
DA:7,0
DA:8,0
DA:16,0
LF:9
LH:0
BRF:0
BRH:0
end_of_record
TN:
SF:src\access-import\access-import.service.ts
FN:24,(anonymous_2)
FN:34,(anonymous_3)
FN:54,(anonymous_4)
FN:79,(anonymous_5)
FN:110,(anonymous_6)
FN:206,(anonymous_7)
FN:225,(anonymous_8)
FN:278,(anonymous_9)
FN:282,(anonymous_10)
FN:316,(anonymous_11)
FN:329,(anonymous_12)
FN:345,(anonymous_13)
FN:356,(anonymous_14)
FN:395,(anonymous_15)
FNF:14
FNH:0
FNDA:0,(anonymous_2)
FNDA:0,(anonymous_3)
FNDA:0,(anonymous_4)
FNDA:0,(anonymous_5)
FNDA:0,(anonymous_6)
FNDA:0,(anonymous_7)
FNDA:0,(anonymous_8)
FNDA:0,(anonymous_9)
FNDA:0,(anonymous_10)
FNDA:0,(anonymous_11)
FNDA:0,(anonymous_12)
FNDA:0,(anonymous_13)
FNDA:0,(anonymous_14)
FNDA:0,(anonymous_15)
DA:1,0
DA:2,0
DA:3,0
DA:4,0
DA:6,0
DA:7,0
DA:8,0
DA:9,0
DA:10,0
DA:21,0
DA:22,0
DA:25,0
DA:26,0
DA:27,0
DA:28,0
DA:35,0
DA:36,0
DA:37,0
DA:39,0
DA:47,0
DA:55,0
DA:63,0
DA:64,0
DA:65,0
DA:66,0
DA:67,0
DA:69,0
DA:70,0
DA:71,0
DA:72,0
DA:73,0
DA:76,0
DA:81,0
DA:87,0
DA:88,0
DA:90,0
DA:94,0
DA:95,0
DA:98,0
DA:100,0
DA:102,0
DA:104,0
DA:105,0
DA:106,0
DA:108,0
DA:109,0
DA:110,0
DA:113,0
DA:115,0
DA:116,0
DA:118,0
DA:120,0
DA:124,0
DA:125,0
DA:127,0
DA:130,0
DA:147,0
DA:148,0
DA:151,0
DA:152,0
DA:156,0
DA:157,0
DA:158,0
DA:159,0
DA:161,0
DA:172,0
DA:175,0
DA:176,0
DA:178,0
DA:179,0
DA:180,0
DA:186,0
DA:187,0
DA:189,0
DA:190,0
DA:192,0
DA:193,0
DA:194,0
DA:198,0
DA:199,0
DA:203,0
DA:207,0
DA:209,0
DA:210,0
DA:213,0
DA:214,0
DA:215,0
DA:222,0
DA:226,0
DA:227,0
DA:230,0
DA:246,0
DA:247,0
DA:251,0
DA:253,0
DA:254,0
DA:256,0
DA:277,0
DA:278,0
DA:281,0
DA:282,0
DA:283,0
DA:284,0
DA:287,0
DA:288,0
DA:292,0
DA:293,0
DA:296,0
DA:299,0
DA:300,0
DA:304,0
DA:309,0
DA:313,0
DA:317,0
DA:318,0
DA:320,0
DA:322,0
DA:323,0
DA:325,0
DA:326,0
DA:330,0
DA:331,0
DA:333,0
DA:334,0
DA:338,0
DA:339,0
DA:342,0
DA:346,0
DA:347,0
DA:352,0
DA:362,0
DA:364,0
DA:365,0
DA:366,0
DA:370,0
DA:371,0
DA:373,0
DA:374,0
DA:375,0
DA:376,0
DA:378,0
DA:380,0
DA:381,0
DA:382,0
DA:383,0
DA:385,0
DA:386,0
DA:387,0
DA:388,0
DA:390,0
DA:391,0
DA:392,0
DA:395,0
DA:396,0
DA:397,0
DA:398,0
DA:399,0
DA:406,0
DA:407,0
DA:408,0
DA:409,0
DA:411,0
DA:419,0
DA:421,0
DA:422,0
DA:423,0
DA:424,0
DA:426,0
DA:427,0
DA:428,0
DA:429,0
DA:430,0
DA:432,0
DA:433,0
DA:434,0
DA:435,0
DA:436,0
DA:438,0
DA:439,0
DA:442,0
DA:443,0
DA:446,0
DA:447,0
DA:449,0
LF:184
LH:0
BRDA:66,0,0,0
BRDA:66,0,1,0
BRDA:70,1,0,0
BRDA:70,1,1,0
BRDA:71,2,0,0
BRDA:71,2,1,0
BRDA:72,3,0,0
BRDA:72,3,1,0
BRDA:73,4,0,0
BRDA:73,4,1,0
BRDA:95,5,0,0
BRDA:95,5,1,0
BRDA:100,6,0,0
BRDA:100,6,1,0
BRDA:104,7,0,0
BRDA:104,7,1,0
BRDA:106,8,0,0
BRDA:106,8,1,0
BRDA:108,9,0,0
BRDA:108,9,1,0
BRDA:109,10,0,0
BRDA:109,10,1,0
BRDA:110,11,0,0
BRDA:110,11,1,0
BRDA:113,12,0,0
BRDA:113,12,1,0
BRDA:116,13,0,0
BRDA:116,13,1,0
BRDA:116,14,0,0
BRDA:116,14,1,0
BRDA:127,15,0,0
BRDA:127,15,1,0
BRDA:127,16,0,0
BRDA:127,16,1,0
BRDA:151,17,0,0
BRDA:151,17,1,0
BRDA:175,18,0,0
BRDA:175,18,1,0
BRDA:175,19,0,0
BRDA:175,19,1,0
BRDA:175,19,2,0
BRDA:176,20,0,0
BRDA:176,20,1,0
BRDA:178,21,0,0
BRDA:178,21,1,0
BRDA:186,22,0,0
BRDA:186,22,1,0
BRDA:187,23,0,0
BRDA:187,23,1,0
BRDA:187,23,2,0
BRDA:189,24,0,0
BRDA:189,24,1,0
BRDA:189,25,0,0
BRDA:189,25,1,0
BRDA:190,26,0,0
BRDA:190,26,1,0
BRDA:192,27,0,0
BRDA:192,27,1,0
BRDA:207,28,0,0
BRDA:207,28,1,0
BRDA:209,29,0,0
BRDA:209,29,1,0
BRDA:214,30,0,0
BRDA:214,30,1,0
BRDA:232,31,0,0
BRDA:232,31,1,0
BRDA:246,32,0,0
BRDA:246,32,1,0
BRDA:246,33,0,0
BRDA:246,33,1,0
BRDA:246,33,2,0
BRDA:251,34,0,0
BRDA:251,34,1,0
BRDA:278,35,0,0
BRDA:278,35,1,0
BRDA:281,36,0,0
BRDA:281,36,1,0
BRDA:281,37,0,0
BRDA:281,37,1,0
BRDA:287,38,0,0
BRDA:287,38,1,0
BRDA:287,39,0,0
BRDA:287,39,1,0
BRDA:287,39,2,0
BRDA:292,40,0,0
BRDA:292,40,1,0
BRDA:292,41,0,0
BRDA:292,41,1,0
BRDA:292,41,2,0
BRDA:299,42,0,0
BRDA:299,42,1,0
BRDA:309,43,0,0
BRDA:309,43,1,0
BRDA:316,44,0,0
BRDA:320,45,0,0
BRDA:320,45,1,0
BRDA:320,46,0,0
BRDA:320,46,1,0
BRDA:333,47,0,0
BRDA:333,47,1,0
BRDA:333,48,0,0
BRDA:333,48,1,0
BRDA:334,49,0,0
BRDA:334,49,1,0
BRDA:334,50,0,0
BRDA:334,50,1,0
BRDA:348,51,0,0
BRDA:348,51,1,0
BRDA:362,52,0,0
BRDA:362,52,1,0
BRDA:365,53,0,0
BRDA:365,53,1,0
BRDA:366,54,0,0
BRDA:366,54,1,0
BRDA:370,55,0,0
BRDA:370,55,1,0
BRDA:371,56,0,0
BRDA:371,56,1,0
BRDA:371,56,2,0
BRDA:376,57,0,0
BRDA:376,57,1,0
BRDA:378,58,0,0
BRDA:378,58,1,0
BRDA:378,58,2,0
BRDA:378,58,3,0
BRDA:378,58,4,0
BRDA:378,58,5,0
BRDA:378,58,6,0
BRDA:396,59,0,0
BRDA:396,59,1,0
BRDA:398,60,0,0
BRDA:398,60,1,0
BRDA:442,61,0,0
BRDA:442,61,1,0
BRDA:446,62,0,0
BRDA:446,62,1,0
BRDA:447,63,0,0
BRDA:447,63,1,0
BRDA:451,64,0,0
BRDA:451,64,1,0
BRDA:451,64,2,0
BRDA:452,65,0,0
BRDA:452,65,1,0
BRDA:452,66,0,0
BRDA:452,66,1,0
BRDA:463,67,0,0
BRDA:463,67,1,0
BRDA:463,67,2,0
BRDA:464,68,0,0
BRDA:464,68,1,0
BRDA:482,69,0,0
BRDA:482,69,1,0
BRDA:484,70,0,0
BRDA:484,70,1,0
BRDA:490,71,0,0
BRDA:490,71,1,0
BRF:156
BRH:0
end_of_record
TN:
SF:src\access-import\access-reader.service.ts
FN:30,(anonymous_1)
FN:36,(anonymous_2)
FN:59,(anonymous_3)
FN:60,(anonymous_4)
FN:72,(anonymous_5)
FN:91,(anonymous_6)
FNF:6
FNH:0
FNDA:0,(anonymous_1)
FNDA:0,(anonymous_2)
FNDA:0,(anonymous_3)
FNDA:0,(anonymous_4)
FNDA:0,(anonymous_5)
FNDA:0,(anonymous_6)
DA:1,0
DA:2,0
DA:30,0
DA:31,0
DA:37,0
DA:38,0
DA:40,0
DA:41,0
DA:44,0
DA:45,0
DA:46,0
DA:47,0
DA:48,0
DA:49,0
DA:50,0
DA:59,0
DA:60,0
DA:63,0
DA:64,0
DA:67,0
DA:68,0
DA:69,0
DA:72,0
DA:73,0
DA:74,0
DA:81,0
DA:83,0
DA:84,0
DA:92,0
DA:95,0
DA:96,0
DA:100,0
DA:101,0
DA:102,0
DA:106,0
DA:107,0
DA:108,0
DA:109,0
DA:110,0
DA:111,0
DA:112,0
DA:113,0
DA:117,0
LF:43
LH:0
BRDA:45,0,0,0
BRDA:45,0,1,0
BRDA:49,1,0,0
BRDA:49,1,1,0
BRDA:51,2,0,0
BRDA:51,2,1,0
BRDA:52,3,0,0
BRDA:52,3,1,0
BRDA:59,4,0,0
BRDA:59,4,1,0
BRDA:59,4,2,0
BRDA:63,5,0,0
BRDA:63,5,1,0
BRDA:92,6,0,0
BRDA:92,6,1,0
BRDA:95,7,0,0
BRDA:95,7,1,0
BRDA:96,8,0,0
BRDA:96,8,1,0
BRDA:100,9,0,0
BRDA:100,9,1,0
BRDA:100,10,0,0
BRDA:100,10,1,0
BRDA:102,11,0,0
BRDA:102,11,1,0
BRDA:106,12,0,0
BRDA:106,12,1,0
BRDA:106,13,0,0
BRDA:106,13,1,0
BRDA:108,14,0,0
BRDA:108,14,1,0
BRDA:113,15,0,0
BRDA:113,15,1,0
BRF:33
BRH:0
end_of_record
TN:
SF:src\admin\backup\backup.controller.ts
FN:11,(anonymous_4)
FN:14,(anonymous_5)
FN:20,(anonymous_6)
FN:27,(anonymous_7)
FN:32,(anonymous_8)
FN:37,(anonymous_9)
FN:42,(anonymous_10)
FN:47,(anonymous_11)
FN:56,(anonymous_12)
FN:61,(anonymous_13)
FN:70,(anonymous_14)
FNF:11
FNH:0
FNDA:0,(anonymous_4)
FNDA:0,(anonymous_5)
FNDA:0,(anonymous_6)
FNDA:0,(anonymous_7)
FNDA:0,(anonymous_8)
FNDA:0,(anonymous_9)
FNDA:0,(anonymous_10)
FNDA:0,(anonymous_11)
FNDA:0,(anonymous_12)
FNDA:0,(anonymous_13)
FNDA:0,(anonymous_14)
DA:1,0
DA:2,0
DA:4,0
DA:5,0
DA:6,0
DA:10,0
DA:11,0
DA:14,0
DA:20,0
DA:23,0
DA:27,0
DA:28,0
DA:32,0
DA:33,0
DA:37,0
DA:38,0
DA:42,0
DA:43,0
DA:47,0
DA:51,0
DA:56,0
DA:57,0
DA:61,0
DA:66,0
DA:70,0
DA:71,0
LF:26
LH:0
BRF:0
BRH:0
end_of_record
TN:
SF:src\admin\backup\backup.module.ts
FNF:0
FNH:0
DA:1,0
DA:2,0
DA:3,0
DA:4,0
DA:5,0
DA:6,0
DA:14,0
LF:7
LH:0
BRF:0
BRH:0
end_of_record
TN:
SF:src\admin\backup\backup.service.ts
FN:35,(anonymous_2)
FN:62,(anonymous_3)
FN:70,(anonymous_4)
FN:82,(anonymous_5)
FN:92,(anonymous_6)
FN:108,(anonymous_7)
FN:178,(anonymous_8)
FN:243,(anonymous_9)
FN:246,(anonymous_10)
FN:249,(anonymous_11)
FN:253,(anonymous_12)
FN:261,(anonymous_13)
FN:283,(anonymous_14)
FN:290,(anonymous_15)
FN:325,(anonymous_16)
FN:355,(anonymous_17)
FN:374,(anonymous_18)
FN:434,(anonymous_19)
FN:475,(anonymous_20)
FN:498,(anonymous_21)
FN:513,(anonymous_22)
FN:522,(anonymous_23)
FN:535,(anonymous_24)
FN:560,(anonymous_25)
FN:561,(anonymous_26)
FN:596,(anonymous_27)
FN:597,(anonymous_28)
FN:600,(anonymous_29)
FN:601,(anonymous_30)
FN:602,(anonymous_31)
FN:610,(anonymous_32)
FN:616,(anonymous_33)
FN:623,(anonymous_34)
FN:628,(anonymous_35)
FN:629,(anonymous_36)
FN:649,(anonymous_37)
FN:650,(anonymous_38)
FN:660,(anonymous_39)
FN:664,(anonymous_40)
FN:673,(anonymous_41)
FNF:40
FNH:0
FNDA:0,(anonymous_2)
FNDA:0,(anonymous_3)
FNDA:0,(anonymous_4)
FNDA:0,(anonymous_5)
FNDA:0,(anonymous_6)
FNDA:0,(anonymous_7)
FNDA:0,(anonymous_8)
FNDA:0,(anonymous_9)
FNDA:0,(anonymous_10)
FNDA:0,(anonymous_11)
FNDA:0,(anonymous_12)
FNDA:0,(anonymous_13)
FNDA:0,(anonymous_14)
FNDA:0,(anonymous_15)
FNDA:0,(anonymous_16)
FNDA:0,(anonymous_17)
FNDA:0,(anonymous_18)
FNDA:0,(anonymous_19)
FNDA:0,(anonymous_20)
FNDA:0,(anonymous_21)
FNDA:0,(anonymous_22)
FNDA:0,(anonymous_23)
FNDA:0,(anonymous_24)
FNDA:0,(anonymous_25)
FNDA:0,(anonymous_26)
FNDA:0,(anonymous_27)
FNDA:0,(anonymous_28)
FNDA:0,(anonymous_29)
FNDA:0,(anonymous_30)
FNDA:0,(anonymous_31)
FNDA:0,(anonymous_32)
FNDA:0,(anonymous_33)
FNDA:0,(anonymous_34)
FNDA:0,(anonymous_35)
FNDA:0,(anonymous_36)
FNDA:0,(anonymous_37)
FNDA:0,(anonymous_38)
FNDA:0,(anonymous_39)
FNDA:0,(anonymous_40)
FNDA:0,(anonymous_41)
DA:1,0
DA:2,0
DA:3,0
DA:4,0
DA:5,0
DA:6,0
DA:7,0
DA:8,0
DA:9,0
DA:11,0
DA:13,0
DA:22,0
DA:30,0
DA:31,0
DA:36,0
DA:37,0
DA:39,0
DA:41,0
DA:42,0
DA:44,0
DA:45,0
DA:49,0
DA:50,0
DA:51,0
DA:53,0
DA:56,0
DA:57,0
DA:58,0
DA:63,0
DA:71,0
DA:72,0
DA:73,0
DA:74,0
DA:75,0
DA:76,0
DA:78,0
DA:83,0
DA:84,0
DA:89,0
DA:93,0
DA:94,0
DA:95,0
DA:96,0
DA:97,0
DA:98,0
DA:99,0
DA:101,0
DA:102,0
DA:103,0
DA:104,0
DA:105,0
DA:108,0
DA:109,0
DA:110,0
DA:113,0
DA:114,0
DA:116,0
DA:117,0
DA:119,0
DA:121,0
DA:123,0
DA:125,0
DA:127,0
DA:128,0
DA:130,0
DA:132,0
DA:134,0
DA:144,0
DA:147,0
DA:148,0
DA:159,0
DA:162,0
DA:166,0
DA:167,0
DA:169,0
DA:170,0
DA:171,0
DA:172,0
DA:173,0
DA:177,0
DA:178,0
DA:185,0
DA:186,0
DA:187,0
DA:191,0
DA:192,0
DA:193,0
DA:198,0
DA:213,0
DA:216,0
DA:218,0
DA:219,0
DA:221,0
DA:230,0
DA:231,0
DA:233,0
DA:234,0
DA:235,0
DA:244,0
DA:245,0
DA:246,0
DA:250,0
DA:251,0
DA:252,0
DA:254,0
DA:258,0
DA:259,0
DA:262,0
DA:263,0
DA:265,0
DA:266,0
DA:267,0
DA:268,0
DA:270,0
DA:271,0
DA:272,0
DA:273,0
DA:274,0
DA:275,0
DA:277,0
DA:281,0
DA:283,0
DA:285,0
DA:286,0
DA:291,0
DA:304,0
DA:305,0
DA:308,0
DA:309,0
DA:310,0
DA:314,0
DA:315,0
DA:316,0
DA:317,0
DA:318,0
DA:319,0
DA:324,0
DA:325,0
DA:328,0
DA:329,0
DA:332,0
DA:333,0
DA:334,0
DA:335,0
DA:336,0
DA:337,0
DA:339,0
DA:340,0
DA:341,0
DA:343,0
DA:344,0
DA:346,0
DA:347,0
DA:348,0
DA:349,0
DA:352,0
DA:353,0
DA:355,0
DA:356,0
DA:357,0
DA:358,0
DA:364,0
DA:366,0
DA:367,0
DA:368,0
DA:369,0
DA:370,0
DA:374,0
DA:375,0
DA:376,0
DA:379,0
DA:381,0
DA:382,0
DA:384,0
DA:385,0
DA:386,0
DA:387,0
DA:388,0
DA:391,0
DA:393,0
DA:395,0
DA:399,0
DA:405,0
DA:406,0
DA:409,0
DA:414,0
DA:418,0
DA:419,0
DA:420,0
DA:421,0
DA:422,0
DA:424,0
DA:425,0
DA:428,0
DA:429,0
DA:431,0
DA:434,0
DA:435,0
DA:436,0
DA:437,0
DA:438,0
DA:439,0
DA:440,0
DA:441,0
DA:443,0
DA:447,0
DA:448,0
DA:450,0
DA:454,0
DA:456,0
DA:463,0
DA:464,0
DA:465,0
DA:466,0
DA:467,0
DA:469,0
DA:470,0
DA:476,0
DA:477,0
DA:478,0
DA:481,0
DA:482,0
DA:483,0
DA:484,0
DA:485,0
DA:487,0
DA:489,0
DA:490,0
DA:499,0
DA:500,0
DA:501,0
DA:504,0
DA:506,0
DA:507,0
DA:508,0
DA:509,0
DA:510,0
DA:512,0
DA:513,0
DA:514,0
DA:515,0
DA:516,0
DA:519,0
DA:523,0
DA:524,0
DA:525,0
DA:528,0
DA:530,0
DA:531,0
DA:532,0
DA:534,0
DA:535,0
DA:537,0
DA:538,0
DA:543,0
DA:544,0
DA:552,0
DA:553,0
DA:554,0
DA:557,0
DA:560,0
DA:561,0
DA:564,0
DA:565,0
DA:566,0
DA:573,0
DA:576,0
DA:577,0
DA:586,0
DA:587,0
DA:588,0
DA:590,0
DA:591,0
DA:597,0
DA:598,0
DA:599,0
DA:600,0
DA:601,0
DA:602,0
DA:616,0
DA:617,0
DA:619,0
DA:623,0
DA:624,0
DA:625,0
DA:628,0
DA:629,0
DA:631,0
DA:633,0
DA:635,0
DA:638,0
DA:640,0
DA:641,0
DA:645,0
DA:650,0
DA:651,0
DA:652,0
DA:657,0
DA:659,0
DA:660,0
DA:661,0
DA:664,0
DA:665,0
DA:666,0
DA:668,0
DA:669,0
DA:673,0
DA:674,0
LF:308
LH:0
BRDA:42,0,0,0
BRDA:42,0,1,0
BRDA:44,1,0,0
BRDA:44,1,1,0
BRDA:57,2,0,0
BRDA:57,2,1,0
BRDA:74,3,0,0
BRDA:74,3,1,0
BRDA:92,4,0,0
BRDA:104,5,0,0
BRDA:104,5,1,0
BRDA:105,6,0,0
BRDA:105,6,1,0
BRDA:109,7,0,0
BRDA:109,7,1,0
BRDA:125,8,0,0
BRDA:125,8,1,0
BRDA:169,9,0,0
BRDA:169,9,1,0
BRDA:170,10,0,0
BRDA:170,10,1,0
BRDA:172,11,0,0
BRDA:172,11,1,0
BRDA:191,12,0,0
BRDA:191,12,1,0
BRDA:200,13,0,0
BRDA:200,13,1,0
BRDA:230,14,0,0
BRDA:230,14,1,0
BRDA:233,15,0,0
BRDA:233,15,1,0
BRDA:235,16,0,0
BRDA:235,16,1,0
BRDA:254,17,0,0
BRDA:254,17,1,0
BRDA:254,18,0,0
BRDA:254,18,1,0
BRDA:270,19,0,0
BRDA:270,19,1,0
BRDA:273,20,0,0
BRDA:273,20,1,0
BRDA:274,21,0,0
BRDA:274,21,1,0
BRDA:275,22,0,0
BRDA:275,22,1,0
BRDA:304,23,0,0
BRDA:304,23,1,0
BRDA:309,24,0,0
BRDA:309,24,1,0
BRDA:316,25,0,0
BRDA:316,25,1,0
BRDA:319,26,0,0
BRDA:319,26,1,0
BRDA:324,27,0,0
BRDA:324,27,1,0
BRDA:324,28,0,0
BRDA:324,28,1,0
BRDA:328,29,0,0
BRDA:328,29,1,0
BRDA:335,30,0,0
BRDA:335,30,1,0
BRDA:336,31,0,0
BRDA:336,31,1,0
BRDA:355,32,0,0
BRDA:366,33,0,0
BRDA:366,33,1,0
BRDA:367,34,0,0
BRDA:367,34,1,0
BRDA:379,35,0,0
BRDA:379,35,1,0
BRDA:382,36,0,0
BRDA:382,36,1,0
BRDA:385,37,0,0
BRDA:385,37,1,0
BRDA:393,38,0,0
BRDA:393,38,1,0
BRDA:418,39,0,0
BRDA:418,39,1,0
BRDA:420,40,0,0
BRDA:420,40,1,0
BRDA:421,41,0,0
BRDA:421,41,1,0
BRDA:428,42,0,0
BRDA:428,42,1,0
BRDA:440,43,0,0
BRDA:440,43,1,0
BRDA:463,44,0,0
BRDA:463,44,1,0
BRDA:469,45,0,0
BRDA:469,45,1,0
BRDA:477,46,0,0
BRDA:477,46,1,0
BRDA:484,47,0,0
BRDA:484,47,1,0
BRDA:500,48,0,0
BRDA:500,48,1,0
BRDA:515,49,0,0
BRDA:515,49,1,0
BRDA:524,50,0,0
BRDA:524,50,1,0
BRDA:537,51,0,0
BRDA:537,51,1,0
BRDA:553,52,0,0
BRDA:553,52,1,0
BRDA:565,53,0,0
BRDA:565,53,1,0
BRDA:587,54,0,0
BRDA:587,54,1,0
BRDA:590,55,0,0
BRDA:590,55,1,0
BRDA:614,56,0,0
BRDA:619,57,0,0
BRDA:619,57,1,0
BRDA:640,58,0,0
BRDA:640,58,1,0
BRDA:665,59,0,0
BRDA:665,59,1,0
BRDA:668,60,0,0
BRDA:668,60,1,0
BRF:119
BRH:0
end_of_record
TN:
SF:src\admin\data-export\data-export.controller.ts
FN:12,(anonymous_4)
FN:15,(anonymous_5)
FN:20,(anonymous_6)
FN:25,(anonymous_7)
FN:32,(anonymous_8)
FN:38,(anonymous_9)
FNF:6
FNH:0
FNDA:0,(anonymous_4)
FNDA:0,(anonymous_5)
FNDA:0,(anonymous_6)
FNDA:0,(anonymous_7)
FNDA:0,(anonymous_8)
FNDA:0,(anonymous_9)
DA:1,0
DA:2,0
DA:4,0
DA:6,0
DA:7,0
DA:11,0
DA:12,0
DA:15,0
DA:16,0
DA:20,0
DA:21,0
DA:25,0
DA:26,0
DA:27,0
DA:32,0
DA:33,0
DA:34,0
DA:38,0
DA:39,0
LF:19
LH:0
BRDA:33,0,0,0
BRDA:33,0,1,0
BRF:2
BRH:0
end_of_record
TN:
SF:src\admin\data-export\data-export.module.ts
FNF:0
FNH:0
DA:1,0
DA:2,0
DA:3,0
DA:5,0
DA:6,0
DA:8,0
DA:15,0
LF:7
LH:0
BRF:0
BRH:0
end_of_record
TN:
SF:src\admin\data-export\data-export.service.ts
FN:19,(anonymous_2)
FN:32,(anonymous_3)
FN:43,(anonymous_4)
FN:44,(anonymous_5)
FN:64,(anonymous_6)
FN:75,(anonymous_7)
FN:81,(anonymous_8)
FN:82,(anonymous_9)
FN:107,(anonymous_10)
FN:114,(anonymous_11)
FN:125,(anonymous_12)
FN:140,(anonymous_13)
FN:146,(anonymous_14)
FN:152,(anonymous_15)
FN:158,(anonymous_16)
FN:164,(anonymous_17)
FN:170,(anonymous_18)
FN:178,(anonymous_19)
FN:197,(anonymous_20)
FN:203,(anonymous_21)
FN:207,(anonymous_22)
FN:219,(anonymous_23)
FN:244,(anonymous_24)
FN:249,(anonymous_25)
FN:253,(anonymous_26)
FN:304,(anonymous_27)
FN:310,(anonymous_28)
FN:319,(anonymous_29)
FN:321,(anonymous_30)
FN:329,(anonymous_31)
FN:332,(anonymous_32)
FN:337,(anonymous_33)
FN:362,(anonymous_34)
FN:377,(anonymous_35)
FN:387,(anonymous_36)
FN:414,(anonymous_37)
FN:425,(anonymous_38)
FN:445,(anonymous_39)
FN:449,(anonymous_40)
FN:452,(anonymous_41)
FN:452,(anonymous_42)
FN:576,(anonymous_43)
FN:581,(anonymous_44)
FN:581,(anonymous_45)
FN:585,(anonymous_46)
FN:589,(anonymous_47)
FN:589,(anonymous_48)
FN:590,(anonymous_49)
FN:593,(anonymous_50)
FN:596,(anonymous_51)
FN:641,(anonymous_52)
FN:646,(anonymous_53)
FN:646,(anonymous_54)
FN:651,(anonymous_55)
FN:654,(anonymous_56)
FN:657,(anonymous_57)
FN:660,(anonymous_58)
FN:663,(anonymous_59)
FN:663,(anonymous_60)
FN:664,(anonymous_61)
FN:667,(anonymous_62)
FN:670,(anonymous_63)
FN:670,(anonymous_64)
FN:674,(anonymous_65)
FN:708,(anonymous_66)
FN:720,(anonymous_67)
FN:750,(anonymous_68)
FN:760,(anonymous_69)
FN:773,(anonymous_70)
FN:780,(anonymous_71)
FN:792,(anonymous_72)
FN:796,(anonymous_73)
FN:802,(anonymous_74)
FN:814,(anonymous_75)
FN:826,(anonymous_76)
FN:843,(anonymous_77)
FN:864,(anonymous_78)
FNF:77
FNH:0
FNDA:0,(anonymous_2)
FNDA:0,(anonymous_3)
FNDA:0,(anonymous_4)
FNDA:0,(anonymous_5)
FNDA:0,(anonymous_6)
FNDA:0,(anonymous_7)
FNDA:0,(anonymous_8)
FNDA:0,(anonymous_9)
FNDA:0,(anonymous_10)
FNDA:0,(anonymous_11)
FNDA:0,(anonymous_12)
FNDA:0,(anonymous_13)
FNDA:0,(anonymous_14)
FNDA:0,(anonymous_15)
FNDA:0,(anonymous_16)
FNDA:0,(anonymous_17)
FNDA:0,(anonymous_18)
FNDA:0,(anonymous_19)
FNDA:0,(anonymous_20)
FNDA:0,(anonymous_21)
FNDA:0,(anonymous_22)
FNDA:0,(anonymous_23)
FNDA:0,(anonymous_24)
FNDA:0,(anonymous_25)
FNDA:0,(anonymous_26)
FNDA:0,(anonymous_27)
FNDA:0,(anonymous_28)
FNDA:0,(anonymous_29)
FNDA:0,(anonymous_30)
FNDA:0,(anonymous_31)
FNDA:0,(anonymous_32)
FNDA:0,(anonymous_33)
FNDA:0,(anonymous_34)
FNDA:0,(anonymous_35)
FNDA:0,(anonymous_36)
FNDA:0,(anonymous_37)
FNDA:0,(anonymous_38)
FNDA:0,(anonymous_39)
FNDA:0,(anonymous_40)
FNDA:0,(anonymous_41)
FNDA:0,(anonymous_42)
FNDA:0,(anonymous_43)
FNDA:0,(anonymous_44)
FNDA:0,(anonymous_45)
FNDA:0,(anonymous_46)
FNDA:0,(anonymous_47)
FNDA:0,(anonymous_48)
FNDA:0,(anonymous_49)
FNDA:0,(anonymous_50)
FNDA:0,(anonymous_51)
FNDA:0,(anonymous_52)
FNDA:0,(anonymous_53)
FNDA:0,(anonymous_54)
FNDA:0,(anonymous_55)
FNDA:0,(anonymous_56)
FNDA:0,(anonymous_57)
FNDA:0,(anonymous_58)
FNDA:0,(anonymous_59)
FNDA:0,(anonymous_60)
FNDA:0,(anonymous_61)
FNDA:0,(anonymous_62)
FNDA:0,(anonymous_63)
FNDA:0,(anonymous_64)
FNDA:0,(anonymous_65)
FNDA:0,(anonymous_66)
FNDA:0,(anonymous_67)
FNDA:0,(anonymous_68)
FNDA:0,(anonymous_69)
FNDA:0,(anonymous_70)
FNDA:0,(anonymous_71)
FNDA:0,(anonymous_72)
FNDA:0,(anonymous_73)
FNDA:0,(anonymous_74)
FNDA:0,(anonymous_75)
FNDA:0,(anonymous_76)
FNDA:0,(anonymous_77)
FNDA:0,(anonymous_78)
DA:1,0
DA:2,0
DA:4,0
DA:7,0
DA:9,0
DA:10,0
DA:11,0
DA:12,0
DA:15,0
DA:16,0
DA:20,0
DA:21,0
DA:24,0
DA:25,0
DA:27,0
DA:28,0
DA:33,0
DA:34,0
DA:35,0
DA:36,0
DA:37,0
DA:38,0
DA:39,0
DA:41,0
DA:43,0
DA:44,0
DA:45,0
DA:48,0
DA:54,0
DA:56,0
DA:64,0
DA:65,0
DA:66,0
DA:69,0
DA:71,0
DA:76,0
DA:77,0
DA:79,0
DA:80,0
DA:81,0
DA:83,0
DA:84,0
DA:86,0
DA:87,0
DA:88,0
DA:90,0
DA:91,0
DA:92,0
DA:93,0
DA:94,0
DA:96,0
DA:100,0
DA:107,0
DA:109,0
DA:110,0
DA:116,0
DA:117,0
DA:119,0
DA:120,0
DA:122,0
DA:126,0
DA:133,0
DA:134,0
DA:135,0
DA:137,0
DA:141,0
DA:144,0
DA:145,0
DA:146,0
DA:147,0
DA:150,0
DA:151,0
DA:152,0
DA:153,0
DA:156,0
DA:157,0
DA:158,0
DA:159,0
DA:162,0
DA:163,0
DA:164,0
DA:165,0
DA:168,0
DA:169,0
DA:170,0
DA:171,0
DA:174,0
DA:177,0
DA:178,0
DA:179,0
DA:190,0
DA:192,0
DA:195,0
DA:196,0
DA:197,0
DA:198,0
DA:201,0
DA:202,0
DA:203,0
DA:204,0
DA:208,0
DA:209,0
DA:218,0
DA:219,0
DA:220,0
DA:239,0
DA:241,0
DA:245,0
DA:248,0
DA:249,0
DA:252,0
DA:253,0
DA:257,0
DA:294,0
DA:296,0
DA:297,0
DA:304,0
DA:310,0
DA:319,0
DA:321,0
DA:329,0
DA:332,0
DA:337,0
DA:362,0
DA:377,0
DA:387,0
DA:407,0
DA:410,0
DA:415,0
DA:417,0
DA:418,0
DA:421,0
DA:422,0
DA:425,0
DA:426,0
DA:427,0
DA:431,0
DA:434,0
DA:437,0
DA:440,0
DA:442,0
DA:446,0
DA:449,0
DA:450,0
DA:451,0
DA:452,0
DA:456,0
DA:457,0
DA:458,0
DA:466,0
DA:467,0
DA:473,0
DA:474,0
DA:481,0
DA:482,0
DA:483,0
DA:485,0
DA:491,0
DA:492,0
DA:493,0
DA:501,0
DA:502,0
DA:503,0
DA:511,0
DA:512,0
DA:513,0
DA:521,0
DA:522,0
DA:523,0
DA:531,0
DA:532,0
DA:533,0
DA:541,0
DA:542,0
DA:543,0
DA:544,0
DA:546,0
DA:547,0
DA:577,0
DA:578,0
DA:579,0
DA:581,0
DA:584,0
DA:585,0
DA:587,0
DA:589,0
DA:590,0
DA:592,0
DA:593,0
DA:595,0
DA:596,0
DA:598,0
DA:600,0
DA:602,0
DA:603,0
DA:605,0
DA:607,0
DA:610,0
DA:611,0
DA:613,0
DA:633,0
DA:642,0
DA:643,0
DA:644,0
DA:646,0
DA:650,0
DA:651,0
DA:653,0
DA:654,0
DA:656,0
DA:657,0
DA:659,0
DA:660,0
DA:662,0
DA:663,0
DA:664,0
DA:666,0
DA:667,0
DA:669,0
DA:670,0
DA:673,0
DA:674,0
DA:676,0
DA:678,0
DA:679,0
DA:680,0
DA:681,0
DA:685,0
DA:708,0
DA:720,0
DA:750,0
DA:760,0
DA:773,0
DA:780,0
DA:792,0
DA:796,0
DA:802,0
DA:814,0
DA:826,0
DA:838,0
DA:844,0
DA:845,0
DA:847,0
DA:848,0
DA:851,0
DA:852,0
DA:853,0
DA:854,0
DA:855,0
DA:857,0
DA:859,0
DA:860,0
DA:865,0
DA:868,0
DA:903,0
DA:904,0
DA:905,0
DA:906,0
LF:258
LH:0
BRDA:24,0,0,0
BRDA:24,0,1,0
BRDA:27,1,0,0
BRDA:27,1,1,0
BRDA:50,2,0,0
BRDA:50,2,1,0
BRDA:77,3,0,0
BRDA:77,3,1,0
BRDA:81,4,0,0
BRDA:81,4,1,0
BRDA:90,5,0,0
BRDA:90,5,1,0
BRDA:93,6,0,0
BRDA:93,6,1,0
BRDA:94,7,0,0
BRDA:94,7,1,0
BRDA:119,8,0,0
BRDA:119,8,1,0
BRDA:128,9,0,0
BRDA:128,9,1,0
BRDA:223,10,0,0
BRDA:223,10,1,0
BRDA:306,11,0,0
BRDA:306,11,1,0
BRDA:307,12,0,0
BRDA:307,12,1,0
BRDA:364,13,0,0
BRDA:364,13,1,0
BRDA:365,14,0,0
BRDA:365,14,1,0
BRDA:366,15,0,0
BRDA:366,15,1,0
BRDA:389,16,0,0
BRDA:389,16,1,0
BRDA:417,17,0,0
BRDA:417,17,1,0
BRDA:426,18,0,0
BRDA:426,18,1,0
BRDA:451,19,0,0
BRDA:451,19,1,0
BRDA:473,20,0,0
BRDA:473,20,1,0
BRDA:482,21,0,0
BRDA:482,21,1,0
BRDA:546,22,0,0
BRDA:546,22,1,0
BRDA:546,23,0,0
BRDA:546,23,1,0
BRDA:579,24,0,0
BRDA:579,24,1,0
BRDA:600,25,0,0
BRDA:600,25,1,0
BRDA:603,26,0,0
BRDA:603,26,1,0
BRDA:607,27,0,0
BRDA:607,27,1,0
BRDA:610,28,0,0
BRDA:610,28,1,0
BRDA:611,29,0,0
BRDA:611,29,1,0
BRDA:615,30,0,0
BRDA:615,30,1,0
BRDA:619,31,0,0
BRDA:619,31,1,0
BRDA:621,32,0,0
BRDA:621,32,1,0
BRDA:644,33,0,0
BRDA:644,33,1,0
BRDA:679,34,0,0
BRDA:679,34,1,0
BRDA:688,35,0,0
BRDA:688,35,1,0
BRDA:689,36,0,0
BRDA:689,36,1,0
BRDA:690,37,0,0
BRDA:690,37,1,0
BRDA:691,38,0,0
BRDA:691,38,1,0
BRDA:696,39,0,0
BRDA:696,39,1,0
BRDA:703,40,0,0
BRDA:703,40,1,0
BRDA:704,41,0,0
BRDA:704,41,1,0
BRDA:709,42,0,0
BRDA:709,42,1,0
BRDA:710,43,0,0
BRDA:710,43,1,0
BRDA:711,44,0,0
BRDA:711,44,1,0
BRDA:712,45,0,0
BRDA:712,45,1,0
BRDA:715,46,0,0
BRDA:715,46,1,0
BRDA:715,47,0,0
BRDA:715,47,1,0
BRDA:716,48,0,0
BRDA:716,48,1,0
BRDA:716,49,0,0
BRDA:716,49,1,0
BRDA:717,50,0,0
BRDA:717,50,1,0
BRDA:722,51,0,0
BRDA:722,51,1,0
BRDA:723,52,0,0
BRDA:723,52,1,0
BRDA:723,52,2,0
BRDA:751,53,0,0
BRDA:751,53,1,0
BRDA:751,53,2,0
BRDA:752,54,0,0
BRDA:752,54,1,0
BRDA:754,55,0,0
BRDA:754,55,1,0
BRDA:764,56,0,0
BRDA:764,56,1,0
BRDA:794,57,0,0
BRDA:794,57,1,0
BRDA:803,58,0,0
BRDA:803,58,1,0
BRDA:804,59,0,0
BRDA:804,59,1,0
BRDA:805,60,0,0
BRDA:805,60,1,0
BRDA:806,61,0,0
BRDA:806,61,1,0
BRDA:807,62,0,0
BRDA:807,62,1,0
BRDA:808,63,0,0
BRDA:808,63,1,0
BRDA:819,64,0,0
BRDA:819,64,1,0
BRDA:827,65,0,0
BRDA:827,65,1,0
BRDA:833,66,0,0
BRDA:833,66,1,0
BRDA:847,67,0,0
BRDA:847,67,1,0
BRDA:854,68,0,0
BRDA:854,68,1,0
BRDA:905,69,0,0
BRDA:905,69,1,0
BRF:142
BRH:0
end_of_record
TN:
SF:src\alerts\alert-automation.service.ts
FN:11,(anonymous_4)
FN:20,(anonymous_5)
FN:79,(anonymous_6)
FN:123,(anonymous_7)
FN:139,(anonymous_8)
FN:163,(anonymous_9)
FN:168,(anonymous_10)
FN:213,(anonymous_11)
FN:219,(anonymous_12)
FN:275,(anonymous_13)
FN:13,(anonymous_14)
FN:282,metadataValue
FNF:12
FNH:0
FNDA:0,(anonymous_4)
FNDA:0,(anonymous_5)
FNDA:0,(anonymous_6)
FNDA:0,(anonymous_7)
FNDA:0,(anonymous_8)
FNDA:0,(anonymous_9)
FNDA:0,(anonymous_10)
FNDA:0,(anonymous_11)
FNDA:0,(anonymous_12)
FNDA:0,(anonymous_13)
FNDA:0,(anonymous_14)
FNDA:0,metadataValue
DA:1,0
DA:3,0
DA:5,0
DA:8,0
DA:9,0
DA:12,0
DA:13,0
DA:14,0
DA:21,0
DA:25,0
DA:26,0
DA:30,0
DA:31,0
DA:32,0
DA:38,0
DA:39,0
DA:42,0
DA:43,0
DA:46,0
DA:47,0
DA:50,0
DA:51,0
DA:54,0
DA:57,0
DA:58,0
DA:59,0
DA:60,0
DA:63,0
DA:64,0
DA:65,0
DA:66,0
DA:68,0
DA:71,0
DA:72,0
DA:80,0
DA:88,0
DA:90,0
DA:91,0
DA:93,0
DA:94,0
DA:95,0
DA:96,0
DA:97,0
DA:99,0
DA:106,0
DA:107,0
DA:116,0
DA:124,0
DA:126,0
DA:127,0
DA:131,0
DA:135,0
DA:136,0
DA:137,0
DA:138,0
DA:139,0
DA:141,0
DA:155,0
DA:156,0
DA:157,0
DA:160,0
DA:161,0
DA:162,0
DA:163,0
DA:165,0
DA:168,0
DA:195,0
DA:196,0
DA:201,0
DA:202,0
DA:203,0
DA:204,0
DA:205,0
DA:206,0
DA:210,0
DA:212,0
DA:213,0
DA:215,0
DA:220,0
DA:221,0
DA:228,0
DA:239,0
DA:240,0
DA:243,0
DA:246,0
DA:259,0
DA:268,0
DA:269,0
DA:272,0
DA:276,0
DA:283,0
DA:284,0
DA:286,0
LF:93
LH:0
BRDA:25,0,0,0
BRDA:25,0,1,0
BRDA:25,1,0,0
BRDA:25,1,1,0
BRDA:31,2,0,0
BRDA:31,2,1,0
BRDA:31,3,0,0
BRDA:31,3,1,0
BRDA:38,4,0,0
BRDA:38,4,1,0
BRDA:42,5,0,0
BRDA:42,5,1,0
BRDA:43,6,0,0
BRDA:43,6,1,0
BRDA:50,7,0,0
BRDA:50,7,1,0
BRDA:50,8,0,0
BRDA:50,8,1,0
BRDA:58,9,0,0
BRDA:58,9,1,0
BRDA:65,10,0,0
BRDA:65,10,1,0
BRDA:96,11,0,0
BRDA:96,11,1,0
BRDA:131,12,0,0
BRDA:131,12,1,0
BRDA:135,13,0,0
BRDA:135,13,1,0
BRDA:135,14,0,0
BRDA:135,14,1,0
BRDA:136,15,0,0
BRDA:136,15,1,0
BRDA:138,16,0,0
BRDA:138,16,1,0
BRDA:138,16,2,0
BRDA:145,17,0,0
BRDA:145,17,1,0
BRDA:145,17,2,0
BRDA:148,18,0,0
BRDA:148,18,1,0
BRDA:155,19,0,0
BRDA:155,19,1,0
BRDA:156,20,0,0
BRDA:156,20,1,0
BRDA:160,21,0,0
BRDA:160,21,1,0
BRDA:160,22,0,0
BRDA:160,22,1,0
BRDA:162,23,0,0
BRDA:162,23,1,0
BRDA:162,23,2,0
BRDA:183,24,0,0
BRDA:183,24,1,0
BRDA:183,24,2,0
BRDA:185,25,0,0
BRDA:185,25,1,0
BRDA:195,26,0,0
BRDA:195,26,1,0
BRDA:195,27,0,0
BRDA:195,27,1,0
BRDA:195,27,2,0
BRDA:196,28,0,0
BRDA:196,28,1,0
BRDA:202,29,0,0
BRDA:202,29,1,0
BRDA:202,30,0,0
BRDA:202,30,1,0
BRDA:205,31,0,0
BRDA:205,31,1,0
BRDA:210,32,0,0
BRDA:210,32,1,0
BRDA:210,33,0,0
BRDA:210,33,1,0
BRDA:212,34,0,0
BRDA:212,34,1,0
BRDA:212,34,2,0
BRDA:216,35,0,0
BRDA:216,35,1,0
BRDA:219,36,0,0
BRDA:219,36,1,0
BRDA:220,37,0,0
BRDA:220,37,1,0
BRDA:223,38,0,0
BRDA:223,38,1,0
BRDA:223,38,2,0
BRDA:232,39,0,0
BRDA:232,39,1,0
BRDA:239,40,0,0
BRDA:239,40,1,0
BRDA:252,41,0,0
BRDA:252,41,1,0
BRDA:284,42,0,0
BRDA:284,42,1,0
BRDA:284,43,0,0
BRDA:284,43,1,0
BRF:95
BRH:0
end_of_record
TN:
SF:src\alerts\alerts.controller.ts
FN:14,(anonymous_4)
FN:21,(anonymous_5)
FN:26,(anonymous_6)
FN:31,(anonymous_7)
FN:37,(anonymous_8)
FN:47,(anonymous_9)
FNF:6
FNH:0
FNDA:0,(anonymous_4)
FNDA:0,(anonymous_5)
FNDA:0,(anonymous_6)
FNDA:0,(anonymous_7)
FNDA:0,(anonymous_8)
FNDA:0,(anonymous_9)
DA:1,0
DA:2,0
DA:3,0
DA:4,0
DA:5,0
DA:6,0
DA:9,0
DA:13,0
DA:15,0
DA:16,0
DA:21,0
DA:22,0
DA:26,0
DA:27,0
DA:31,0
DA:32,0
DA:37,0
DA:42,0
DA:47,0
DA:48,0
LF:20
LH:0
BRF:0
BRH:0
end_of_record
TN:
SF:src\alerts\alerts.enums.ts
FN:1,(anonymous_0)
FN:9,(anonymous_1)
FNF:2
FNH:0
FNDA:0,(anonymous_0)
FNDA:0,(anonymous_1)
DA:1,0
DA:2,0
DA:3,0
DA:4,0
DA:5,0
DA:6,0
DA:9,0
DA:10,0
DA:11,0
DA:12,0
DA:13,0
LF:11
LH:0
BRDA:1,0,0,0
BRDA:1,0,1,0
BRDA:9,1,0,0
BRDA:9,1,1,0
BRF:4
BRH:0
end_of_record
TN:
SF:src\alerts\alerts.module.ts
FN:13,(anonymous_1)
FNF:1
FNH:0
FNDA:0,(anonymous_1)
DA:1,0
DA:2,0
DA:3,0
DA:4,0
DA:5,0
DA:6,0
DA:7,0
DA:13,0
DA:19,0
LF:9
LH:0
BRF:0
BRH:0
end_of_record
TN:
SF:src\alerts\alerts.service.ts
FN:13,(anonymous_2)
FN:18,(anonymous_3)
FN:62,(anonymous_4)
FN:145,(anonymous_5)
FN:163,(anonymous_6)
FN:176,(anonymous_7)
FN:215,(anonymous_8)
FN:225,(anonymous_9)
FN:240,(anonymous_10)
FN:260,(anonymous_11)
FN:294,(anonymous_12)
FNF:11
FNH:0
FNDA:0,(anonymous_2)
FNDA:0,(anonymous_3)
FNDA:0,(anonymous_4)
FNDA:0,(anonymous_5)
FNDA:0,(anonymous_6)
FNDA:0,(anonymous_7)
FNDA:0,(anonymous_8)
FNDA:0,(anonymous_9)
FNDA:0,(anonymous_10)
FNDA:0,(anonymous_11)
FNDA:0,(anonymous_12)
DA:1,0
DA:2,0
DA:3,0
DA:4,0
DA:7,0
DA:10,0
DA:11,0
DA:14,0
DA:15,0
DA:19,0
DA:22,0
DA:26,0
DA:27,0
DA:28,0
DA:29,0
DA:31,0
DA:33,0
DA:36,0
DA:48,0
DA:57,0
DA:59,0
DA:63,0
DA:64,0
DA:67,0
DA:68,0
DA:71,0
DA:72,0
DA:73,0
DA:74,0
DA:76,0
DA:79,0
DA:80,0
DA:81,0
DA:83,0
DA:86,0
DA:87,0
DA:94,0
DA:95,0
DA:104,0
DA:106,0
DA:107,0
DA:108,0
DA:110,0
DA:114,0
DA:117,0
DA:118,0
DA:119,0
DA:121,0
DA:122,0
DA:124,0
DA:143,0
DA:145,0
DA:151,0
DA:152,0
DA:160,0
DA:164,0
DA:177,0
DA:179,0
DA:180,0
DA:181,0
DA:182,0
DA:186,0
DA:187,0
DA:188,0
DA:189,0
DA:191,0
DA:199,0
DA:200,0
DA:201,0
DA:206,0
DA:207,0
DA:208,0
DA:209,0
DA:212,0
DA:216,0
DA:217,0
DA:218,0
DA:219,0
DA:220,0
DA:222,0
DA:226,0
DA:241,0
DA:242,0
DA:243,0
DA:247,0
DA:248,0
DA:251,0
DA:252,0
DA:260,0
DA:261,0
DA:262,0
DA:263,0
DA:267,0
DA:274,0
DA:285,0
DA:291,0
DA:294,0
DA:295,0
DA:298,0
LF:99
LH:0
BRDA:26,0,0,0
BRDA:26,0,1,0
BRDA:27,1,0,0
BRDA:27,1,1,0
BRDA:31,2,0,0
BRDA:31,2,1,0
BRDA:51,3,0,0
BRDA:51,3,1,0
BRDA:67,4,0,0
BRDA:67,4,1,0
BRDA:71,5,0,0
BRDA:71,5,1,0
BRDA:72,6,0,0
BRDA:72,6,1,0
BRDA:73,7,0,0
BRDA:73,7,1,0
BRDA:79,8,0,0
BRDA:79,8,1,0
BRDA:80,9,0,0
BRDA:80,9,1,0
BRDA:86,10,0,0
BRDA:86,10,1,0
BRDA:94,11,0,0
BRDA:94,11,1,0
BRDA:104,12,0,0
BRDA:104,12,1,0
BRDA:117,13,0,0
BRDA:117,13,1,0
BRDA:118,14,0,0
BRDA:118,14,1,0
BRDA:121,15,0,0
BRDA:121,15,1,0
BRDA:122,16,0,0
BRDA:122,16,1,0
BRDA:147,17,0,0
BRDA:147,17,1,0
BRDA:151,18,0,0
BRDA:151,18,1,0
BRDA:151,19,0,0
BRDA:151,19,1,0
BRDA:180,20,0,0
BRDA:180,20,1,0
BRDA:181,21,0,0
BRDA:181,21,1,0
BRDA:181,22,0,0
BRDA:181,22,1,0
BRDA:181,22,2,0
BRDA:187,23,0,0
BRDA:187,23,1,0
BRDA:187,24,0,0
BRDA:187,24,1,0
BRDA:188,25,0,0
BRDA:188,25,1,0
BRDA:188,26,0,0
BRDA:188,26,1,0
BRDA:189,27,0,0
BRDA:189,27,1,0
BRDA:189,28,0,0
BRDA:189,28,1,0
BRDA:195,29,0,0
BRDA:195,29,1,0
BRDA:195,30,0,0
BRDA:195,30,1,0
BRDA:200,31,0,0
BRDA:200,31,1,0
BRDA:201,32,0,0
BRDA:201,32,1,0
BRDA:206,33,0,0
BRDA:206,33,1,0
BRDA:208,34,0,0
BRDA:208,34,1,0
BRDA:216,35,0,0
BRDA:216,35,1,0
BRDA:218,36,0,0
BRDA:218,36,1,0
BRDA:220,37,0,0
BRDA:220,37,1,0
BRDA:222,38,0,0
BRDA:222,38,1,0
BRDA:242,39,0,0
BRDA:242,39,1,0
BRDA:247,40,0,0
BRDA:247,40,1,0
BRDA:248,41,0,0
BRDA:248,41,1,0
BRDA:251,42,0,0
BRDA:251,42,1,0
BRDA:251,43,0,0
BRDA:251,43,1,0
BRDA:261,44,0,0
BRDA:261,44,1,0
BRF:91
BRH:0
end_of_record
TN:
SF:src\alerts\dto\create-alert.dto.ts
FNF:0
FNH:0
DA:1,0
DA:2,0
DA:4,0
DA:7,0
DA:11,0
DA:15,0
DA:19,0
DA:23,0
DA:27,0
DA:31,0
DA:35,0
DA:39,0
DA:42,0
DA:46,0
DA:50,0
DA:54,0
LF:16
LH:0
BRF:0
BRH:0
end_of_record
TN:
SF:src\alerts\dto\update-alert.dto.ts
FNF:0
FNH:0
DA:1,0
DA:2,0
DA:4,0
DA:7,0
DA:11,0
DA:14,0
DA:18,0
DA:22,0
LF:8
LH:0
BRF:0
BRH:0
end_of_record
TN:
SF:src\audit\audit.module.ts
FN:19,(anonymous_1)
FNF:1
FNH:0
FNDA:0,(anonymous_1)
DA:1,0
DA:2,0
DA:3,0
DA:4,0
DA:5,0
DA:6,0
DA:7,0
DA:8,0
DA:19,0
DA:32,0
LF:10
LH:0
BRF:0
BRH:0
end_of_record
TN:
SF:src\audit\controllers\audit.controller.ts
FN:13,(anonymous_4)
FN:16,(anonymous_5)
FN:21,(anonymous_6)
FN:26,(anonymous_7)
FN:31,(anonymous_8)
FN:37,(anonymous_9)
FNF:6
FNH:0
FNDA:0,(anonymous_4)
FNDA:0,(anonymous_5)
FNDA:0,(anonymous_6)
FNDA:0,(anonymous_7)
FNDA:0,(anonymous_8)
FNDA:0,(anonymous_9)
DA:1,0
DA:2,0
DA:3,0
DA:4,0
DA:5,0
DA:6,0
DA:8,0
DA:12,0
DA:13,0
DA:16,0
DA:17,0
DA:21,0
DA:22,0
DA:26,0
DA:27,0
DA:31,0
DA:32,0
DA:37,0
DA:39,0
DA:40,0
LF:20
LH:0
BRDA:39,0,0,0
BRDA:39,0,1,0
BRF:2
BRH:0
end_of_record
TN:
SF:src\audit\decorators\audit-event.decorator.ts
FN:13,(anonymous_0)
FNF:1
FNH:0
FNDA:0,(anonymous_0)
DA:1,0
DA:4,0
DA:13,0
LF:3
LH:0
BRF:0
BRH:0
end_of_record
TN:
SF:src\audit\dto\audit-query.dto.ts
FN:7,(anonymous_2)
FN:12,(anonymous_3)
FN:33,(anonymous_4)
FNF:3
FNH:0
FNDA:0,(anonymous_2)
FNDA:0,(anonymous_3)
FNDA:0,(anonymous_4)
DA:1,0
DA:2,0
DA:3,0
DA:5,0
DA:7,0
DA:9,0
DA:12,0
DA:14,0
DA:18,0
DA:22,0
DA:26,0
DA:30,0
DA:34,0
DA:35,0
DA:36,0
DA:39,0
DA:43,0
LF:17
LH:0
BRDA:7,0,0,0
BRDA:7,0,1,0
BRDA:12,1,0,0
BRDA:12,1,1,0
BRDA:34,2,0,0
BRDA:34,2,1,0
BRDA:35,3,0,0
BRDA:35,3,1,0
BRF:8
BRH:0
end_of_record
TN:
SF:src\audit\dto\create-audit-api.dto.ts
FNF:0
FNH:0
DA:1,0
DA:2,0
DA:4,0
DA:7,0
DA:11,0
DA:15,0
DA:18,0
DA:21,0
DA:24,0
DA:28,0
DA:32,0
DA:35,0
DA:39,0
DA:43,0
DA:46,0
DA:50,0
DA:54,0
DA:57,0
DA:61,0
DA:65,0
DA:69,0
DA:72,0
DA:75,0
LF:23
LH:0
BRF:0
BRH:0
end_of_record
TN:
SF:src\audit\dto\create-audit-entidad.dto.ts
FNF:0
FNH:0
DA:1,0
DA:3,0
DA:6,0
DA:10,0
DA:13,0
DA:16,0
DA:19,0
DA:23,0
DA:27,0
DA:32,0
DA:36,0
LF:11
LH:0
BRF:0
BRH:0
end_of_record
TN:
SF:src\audit\dto\create-audit-evento.dto.ts
FNF:0
FNH:0
DA:1,0
DA:2,0
DA:4,0
DA:7,0
DA:11,0
DA:14,0
DA:17,0
DA:21,0
DA:25,0
DA:28,0
DA:32,0
DA:35,0
DA:39,0
DA:43,0
DA:47,0
LF:15
LH:0
BRF:0
BRH:0
end_of_record
TN:
SF:src\audit\dto\create-auditoria-api.dto.ts
FNF:0
FNH:0
DA:1,0
DA:2,0
DA:4,0
DA:7,0
DA:11,0
DA:15,0
DA:18,0
DA:21,0
DA:24,0
DA:28,0
DA:32,0
DA:35,0
DA:39,0
DA:42,0
DA:46,0
DA:50,0
DA:53,0
DA:57,0
DA:61,0
DA:65,0
DA:68,0
DA:71,0
LF:22
LH:0
BRF:0
BRH:0
end_of_record
TN:
SF:src\audit\dto\create-auditoria-entidad.dto.ts
FNF:0
FNH:0
DA:1,0
DA:3,0
DA:6,0
DA:10,0
DA:13,0
DA:16,0
DA:19,0
DA:23,0
DA:27,0
DA:32,0
DA:36,0
LF:11
LH:0
BRF:0
BRH:0
end_of_record
TN:
SF:src\audit\dto\create-auditoria-evento.dto.ts
FNF:0
FNH:0
DA:1,0
DA:2,0
DA:3,0
DA:5,0
DA:8,0
DA:12,0
DA:15,0
DA:18,0
DA:21,0
DA:29,0
DA:32,0
DA:36,0
DA:39,0
DA:43,0
LF:14
LH:0
BRF:0
BRH:0
end_of_record
TN:
SF:src\audit\dto\create-auditoria-navegacion.dto.ts
FNF:0
FNH:0
DA:1,0
DA:3,0
DA:6,0
DA:9,0
DA:13,0
DA:16,0
DA:20,0
DA:24,0
LF:8
LH:0
BRF:0
BRH:0
end_of_record
TN:
SF:src\audit\enums\audit-categoria.enum.ts
FN:1,(anonymous_0)
FNF:1
FNH:0
FNDA:0,(anonymous_0)
DA:1,0
DA:2,0
DA:3,0
DA:4,0
DA:5,0
DA:6,0
DA:7,0
DA:8,0
DA:9,0
DA:10,0
DA:11,0
DA:12,0
LF:12
LH:0
BRDA:1,0,0,0
BRDA:1,0,1,0
BRF:2
BRH:0
end_of_record
TN:
SF:src\audit\enums\audit-level.enum.ts
FN:1,(anonymous_0)
FNF:1
FNH:0
FNDA:0,(anonymous_0)
DA:1,0
DA:2,0
DA:3,0
LF:3
LH:0
BRDA:1,0,0,0
BRDA:1,0,1,0
BRF:2
BRH:0
end_of_record
TN:
SF:src\audit\enums\audit-resultado.enum.ts
FN:1,(anonymous_0)
FNF:1
FNH:0
FNDA:0,(anonymous_0)
DA:1,0
DA:2,0
DA:3,0
DA:4,0
LF:4
LH:0
BRDA:1,0,0,0
BRDA:1,0,1,0
BRF:2
BRH:0
end_of_record
TN:
SF:src\audit\enums\audit.enums.ts
FN:1,(anonymous_0)
FN:8,(anonymous_1)
FN:21,(anonymous_2)
FN:28,(anonymous_3)
FNF:4
FNH:0
FNDA:0,(anonymous_0)
FNDA:0,(anonymous_1)
FNDA:0,(anonymous_2)
FNDA:0,(anonymous_3)
DA:1,0
DA:2,0
DA:3,0
DA:4,0
DA:5,0
DA:8,0
DA:9,0
DA:10,0
DA:11,0
DA:12,0
DA:13,0
DA:14,0
DA:15,0
DA:16,0
DA:17,0
DA:18,0
DA:21,0
DA:22,0
DA:23,0
DA:24,0
DA:25,0
DA:28,0
DA:29,0
DA:30,0
DA:31,0
DA:32,0
DA:33,0
DA:34,0
DA:35,0
DA:36,0
DA:37,0
DA:38,0
DA:39,0
LF:33
LH:0
BRDA:1,0,0,0
BRDA:1,0,1,0
BRDA:8,1,0,0
BRDA:8,1,1,0
BRDA:21,2,0,0
BRDA:21,2,1,0
BRDA:28,3,0,0
BRDA:28,3,1,0
BRF:8
BRH:0
end_of_record
TN:
SF:src\audit\interceptors\audit-event.interceptor.ts
FN:13,(anonymous_2)
FN:18,(anonymous_3)
FN:30,(anonymous_4)
FN:54,(anonymous_5)
FN:79,(anonymous_6)
FNF:5
FNH:0
FNDA:0,(anonymous_2)
FNDA:0,(anonymous_3)
FNDA:0,(anonymous_4)
FNDA:0,(anonymous_5)
FNDA:0,(anonymous_6)
DA:1,0
DA:2,0
DA:3,0
DA:4,0
DA:5,0
DA:6,0
DA:7,0
DA:10,0
DA:11,0
DA:14,0
DA:15,0
DA:19,0
DA:21,0
DA:22,0
DA:25,0
DA:26,0
DA:27,0
DA:29,0
DA:31,0
DA:32,0
DA:51,0
DA:55,0
DA:56,0
DA:76,0
DA:79,0
LF:25
LH:0
BRDA:21,0,0,0
BRDA:21,0,1,0
BRDA:25,1,0,0
BRDA:25,1,1,0
BRDA:59,2,0,0
BRDA:59,2,1,0
BRF:6
BRH:0
end_of_record
TN:
SF:src\audit\interceptors\audit.interceptor.ts
FN:13,(anonymous_2)
FN:15,(anonymous_3)
FN:33,(anonymous_4)
FN:41,(anonymous_5)
FN:66,(anonymous_6)
FN:68,(anonymous_7)
FN:92,(anonymous_8)
FN:98,(anonymous_9)
FNF:8
FNH:0
FNDA:0,(anonymous_2)
FNDA:0,(anonymous_3)
FNDA:0,(anonymous_4)
FNDA:0,(anonymous_5)
FNDA:0,(anonymous_6)
FNDA:0,(anonymous_7)
FNDA:0,(anonymous_8)
FNDA:0,(anonymous_9)
DA:1,0
DA:3,0
DA:4,0
DA:5,0
DA:6,0
DA:9,0
DA:10,0
DA:11,0
DA:13,0
DA:16,0
DA:17,0
DA:20,0
DA:21,0
DA:24,0
DA:25,0
DA:27,0
DA:28,0
DA:29,0
DA:33,0
DA:34,0
DA:37,0
DA:39,0
DA:42,0
DA:43,0
DA:44,0
DA:45,0
DA:46,0
DA:47,0
DA:49,0
DA:66,0
DA:69,0
DA:70,0
DA:71,0
DA:72,0
DA:73,0
DA:75,0
DA:92,0
DA:100,0
DA:101,0
DA:102,0
DA:103,0
DA:104,0
DA:105,0
LF:43
LH:0
BRDA:16,0,0,0
BRDA:16,0,1,0
BRDA:27,1,0,0
BRDA:27,1,1,0
BRDA:27,2,0,0
BRDA:27,2,1,0
BRDA:33,3,0,0
BRDA:33,3,1,0
BRDA:46,4,0,0
BRDA:46,4,1,0
BRDA:47,5,0,0
BRDA:47,5,1,0
BRDA:47,5,2,0
BRDA:47,5,3,0
BRDA:47,5,4,0
BRDA:56,6,0,0
BRDA:56,6,1,0
BRDA:57,7,0,0
BRDA:57,7,1,0
BRDA:70,8,0,0
BRDA:70,8,1,0
BRDA:72,9,0,0
BRDA:72,9,1,0
BRDA:73,10,0,0
BRDA:73,10,1,0
BRDA:73,10,2,0
BRDA:73,10,3,0
BRDA:73,10,4,0
BRDA:82,11,0,0
BRDA:82,11,1,0
BRDA:83,12,0,0
BRDA:83,12,1,0
BRDA:100,13,0,0
BRDA:100,13,1,0
BRDA:101,14,0,0
BRDA:101,14,1,0
BRDA:101,15,0,0
BRDA:101,15,1,0
BRDA:102,16,0,0
BRDA:102,16,1,0
BRDA:103,17,0,0
BRDA:103,17,1,0
BRDA:104,18,0,0
BRDA:104,18,1,0
BRF:44
BRH:0
end_of_record
TN:
SF:src\audit\processors\audit.processor.ts
FN:11,(anonymous_2)
FN:13,(anonymous_3)
FN:26,(anonymous_4)
FN:37,(anonymous_5)
FN:48,(anonymous_6)
FN:59,(anonymous_7)
FNF:6
FNH:0
FNDA:0,(anonymous_2)
FNDA:0,(anonymous_3)
FNDA:0,(anonymous_4)
FNDA:0,(anonymous_5)
FNDA:0,(anonymous_6)
FNDA:0,(anonymous_7)
DA:1,0
DA:2,0
DA:4,0
DA:8,0
DA:9,0
DA:11,0
DA:14,0
DA:15,0
DA:16,0
DA:18,0
DA:19,0
DA:20,0
DA:22,0
DA:26,0
DA:27,0
DA:28,0
DA:29,0
DA:31,0
DA:32,0
DA:37,0
DA:38,0
DA:39,0
DA:40,0
DA:42,0
DA:43,0
DA:48,0
DA:49,0
DA:50,0
DA:51,0
DA:53,0
DA:54,0
DA:59,0
DA:60,0
DA:61,0
DA:62,0
DA:64,0
DA:65,0
LF:37
LH:0
BRDA:18,0,0,0
BRDA:18,0,1,0
BRDA:19,1,0,0
BRDA:19,1,1,0
BRDA:29,2,0,0
BRDA:29,2,1,0
BRDA:40,3,0,0
BRDA:40,3,1,0
BRDA:51,4,0,0
BRDA:51,4,1,0
BRDA:62,5,0,0
BRDA:62,5,1,0
BRF:12
BRH:0
end_of_record
TN:
SF:src\audit\services\audit.service.ts
FN:20,(anonymous_4)
FN:31,(anonymous_5)
FN:38,(anonymous_6)
FN:50,(anonymous_7)
FN:77,(anonymous_8)
FN:123,(anonymous_9)
FN:148,(anonymous_10)
FN:173,(anonymous_11)
FN:177,(anonymous_12)
FN:188,(anonymous_13)
FN:208,(anonymous_14)
FN:232,(anonymous_15)
FN:254,(anonymous_16)
FN:278,(anonymous_17)
FN:300,(anonymous_18)
FN:325,(anonymous_19)
FN:345,(anonymous_20)
FN:368,(anonymous_21)
FN:371,(anonymous_22)
FN:371,(anonymous_23)
FN:379,(anonymous_24)
FN:381,(anonymous_25)
FNF:22
FNH:0
FNDA:0,(anonymous_4)
FNDA:0,(anonymous_5)
FNDA:0,(anonymous_6)
FNDA:0,(anonymous_7)
FNDA:0,(anonymous_8)
FNDA:0,(anonymous_9)
FNDA:0,(anonymous_10)
FNDA:0,(anonymous_11)
FNDA:0,(anonymous_12)
FNDA:0,(anonymous_13)
FNDA:0,(anonymous_14)
FNDA:0,(anonymous_15)
FNDA:0,(anonymous_16)
FNDA:0,(anonymous_17)
FNDA:0,(anonymous_18)
FNDA:0,(anonymous_19)
FNDA:0,(anonymous_20)
FNDA:0,(anonymous_21)
FNDA:0,(anonymous_22)
FNDA:0,(anonymous_23)
FNDA:0,(anonymous_24)
FNDA:0,(anonymous_25)
DA:1,0
DA:2,0
DA:3,0
DA:5,0
DA:10,0
DA:11,0
DA:15,0
DA:16,0
DA:21,0
DA:22,0
DA:23,0
DA:25,0
DA:26,0
DA:28,0
DA:32,0
DA:33,0
DA:35,0
DA:39,0
DA:40,0
DA:41,0
DA:43,0
DA:44,0
DA:45,0
DA:47,0
DA:51,0
DA:52,0
DA:53,0
DA:55,0
DA:62,0
DA:63,0
DA:64,0
DA:69,0
DA:70,0
DA:73,0
DA:78,0
DA:80,0
DA:87,0
DA:88,0
DA:89,0
DA:95,0
DA:96,0
DA:99,0
DA:101,0
DA:103,0
DA:105,0
DA:118,0
DA:124,0
DA:126,0
DA:133,0
DA:134,0
DA:135,0
DA:140,0
DA:141,0
DA:144,0
DA:149,0
DA:151,0
DA:157,0
DA:158,0
DA:159,0
DA:164,0
DA:165,0
DA:168,0
DA:174,0
DA:178,0
DA:185,0
DA:189,0
DA:190,0
DA:191,0
DA:192,0
DA:193,0
DA:194,0
DA:195,0
DA:198,0
DA:199,0
DA:208,0
DA:210,0
DA:218,0
DA:228,0
DA:229,0
DA:233,0
DA:234,0
DA:235,0
DA:236,0
DA:237,0
DA:238,0
DA:239,0
DA:240,0
DA:241,0
DA:244,0
DA:245,0
DA:254,0
DA:256,0
DA:264,0
DA:274,0
DA:275,0
DA:279,0
DA:280,0
DA:281,0
DA:282,0
DA:283,0
DA:284,0
DA:285,0
DA:286,0
DA:287,0
DA:290,0
DA:291,0
DA:300,0
DA:302,0
DA:311,0
DA:321,0
DA:322,0
DA:326,0
DA:327,0
DA:328,0
DA:329,0
DA:330,0
DA:331,0
DA:332,0
DA:335,0
DA:336,0
DA:345,0
DA:347,0
DA:354,0
DA:364,0
DA:365,0
DA:369,0
DA:371,0
DA:372,0
DA:374,0
DA:379,0
DA:381,0
DA:382,0
DA:383,0
DA:387,0
LF:134
LH:0
BRDA:33,0,0,0
BRDA:33,0,1,0
BRDA:43,1,0,0
BRDA:43,1,1,0
BRDA:44,2,0,0
BRDA:44,2,1,0
BRDA:51,3,0,0
BRDA:51,3,1,0
BRDA:52,4,0,0
BRDA:52,4,1,0
BRDA:53,5,0,0
BRDA:53,5,1,0
BRDA:53,6,0,0
BRDA:53,6,1,0
BRDA:63,7,0,0
BRDA:63,7,1,0
BRDA:70,8,0,0
BRDA:70,8,1,0
BRDA:78,9,0,0
BRDA:78,9,1,0
BRDA:88,10,0,0
BRDA:88,10,1,0
BRDA:96,11,0,0
BRDA:96,11,1,0
BRDA:124,12,0,0
BRDA:124,12,1,0
BRDA:134,13,0,0
BRDA:134,13,1,0
BRDA:141,14,0,0
BRDA:141,14,1,0
BRDA:149,15,0,0
BRDA:149,15,1,0
BRDA:158,16,0,0
BRDA:158,16,1,0
BRDA:165,17,0,0
BRDA:165,17,1,0
BRDA:189,18,0,0
BRDA:191,19,0,0
BRDA:191,19,1,0
BRDA:192,20,0,0
BRDA:192,20,1,0
BRDA:192,21,0,0
BRDA:192,21,1,0
BRDA:194,22,0,0
BRDA:194,22,1,0
BRDA:195,23,0,0
BRDA:195,23,1,0
BRDA:198,24,0,0
BRDA:198,24,1,0
BRDA:214,25,0,0
BRDA:214,25,1,0
BRDA:233,26,0,0
BRDA:235,27,0,0
BRDA:235,27,1,0
BRDA:236,28,0,0
BRDA:236,28,1,0
BRDA:237,29,0,0
BRDA:237,29,1,0
BRDA:238,30,0,0
BRDA:238,30,1,0
BRDA:238,31,0,0
BRDA:238,31,1,0
BRDA:240,32,0,0
BRDA:240,32,1,0
BRDA:241,33,0,0
BRDA:241,33,1,0
BRDA:244,34,0,0
BRDA:244,34,1,0
BRDA:260,35,0,0
BRDA:260,35,1,0
BRDA:279,36,0,0
BRDA:281,37,0,0
BRDA:281,37,1,0
BRDA:282,38,0,0
BRDA:282,38,1,0
BRDA:283,39,0,0
BRDA:283,39,1,0
BRDA:284,40,0,0
BRDA:284,40,1,0
BRDA:284,41,0,0
BRDA:284,41,1,0
BRDA:286,42,0,0
BRDA:286,42,1,0
BRDA:287,43,0,0
BRDA:287,43,1,0
BRDA:290,44,0,0
BRDA:290,44,1,0
BRDA:307,45,0,0
BRDA:307,45,1,0
BRDA:326,46,0,0
BRDA:328,47,0,0
BRDA:328,47,1,0
BRDA:329,48,0,0
BRDA:329,48,1,0
BRDA:329,49,0,0
BRDA:329,49,1,0
BRDA:331,50,0,0
BRDA:331,50,1,0
BRDA:332,51,0,0
BRDA:332,51,1,0
BRDA:335,52,0,0
BRDA:335,52,1,0
BRDA:350,53,0,0
BRDA:350,53,1,0
BRDA:369,54,0,0
BRDA:369,54,1,0
BRDA:369,55,0,0
BRDA:369,55,1,0
BRDA:372,56,0,0
BRDA:372,56,1,0
BRDA:382,57,0,0
BRDA:382,57,1,0
BRDA:382,58,0,0
BRDA:382,58,1,0
BRF:114
BRH:0
end_of_record
TN:
SF:src\audit\utils\sanitize.util.ts
FN:29,sanitizeObject
FN:38,(anonymous_1)
FN:49,(anonymous_2)
FNF:3
FNH:0
FNDA:0,sanitizeObject
FNDA:0,(anonymous_1)
FNDA:0,(anonymous_2)
DA:5,0
DA:29,0
DA:30,0
DA:33,0
DA:34,0
DA:37,0
DA:38,0
DA:42,0
DA:44,0
DA:45,0
DA:46,0
DA:49,0
DA:50,0
DA:53,0
DA:54,0
DA:58,0
LF:16
LH:0
BRDA:29,0,0,0
BRDA:30,1,0,0
BRDA:30,1,1,0
BRDA:30,2,0,0
BRDA:30,2,1,0
BRDA:33,3,0,0
BRDA:33,3,1,0
BRDA:37,4,0,0
BRDA:37,4,1,0
BRDA:49,5,0,0
BRDA:49,5,1,0
BRDA:53,6,0,0
BRDA:53,6,1,0
BRDA:53,7,0,0
BRDA:53,7,1,0
BRF:15
BRH:0
end_of_record
TN:
SF:src\auth\auth.controller.ts
FN:17,(anonymous_4)
FN:20,(anonymous_5)
FN:37,(anonymous_6)
FN:51,(anonymous_7)
FN:65,(anonymous_8)
FN:79,(anonymous_9)
FN:94,(anonymous_10)
FN:99,(anonymous_11)
FN:104,(anonymous_12)
FN:110,(anonymous_13)
FN:119,(anonymous_14)
FN:145,(anonymous_15)
FN:158,(anonymous_16)
FNF:13
FNH:0
FNDA:0,(anonymous_4)
FNDA:0,(anonymous_5)
FNDA:0,(anonymous_6)
FNDA:0,(anonymous_7)
FNDA:0,(anonymous_8)
FNDA:0,(anonymous_9)
FNDA:0,(anonymous_10)
FNDA:0,(anonymous_11)
FNDA:0,(anonymous_12)
FNDA:0,(anonymous_13)
FNDA:0,(anonymous_14)
FNDA:0,(anonymous_15)
FNDA:0,(anonymous_16)
DA:1,0
DA:3,0
DA:6,0
DA:7,0
DA:8,0
DA:10,0
DA:12,0
DA:13,0
DA:16,0
DA:17,0
DA:20,0
DA:24,0
DA:25,0
DA:33,0
DA:37,0
DA:41,0
DA:43,0
DA:44,0
DA:45,0
DA:47,0
DA:51,0
DA:55,0
DA:56,0
DA:58,0
DA:59,0
DA:60,0
DA:61,0
DA:65,0
DA:68,0
DA:74,0
DA:80,0
DA:86,0
DA:87,0
DA:90,0
DA:94,0
DA:95,0
DA:99,0
DA:100,0
DA:104,0
DA:105,0
DA:110,0
DA:113,0
DA:119,0
DA:129,0
DA:145,0
DA:149,0
DA:158,0
DA:162,0
LF:48
LH:0
BRDA:43,0,0,0
BRDA:43,0,1,0
BRDA:56,1,0,0
BRDA:56,1,1,0
BRDA:71,2,0,0
BRDA:71,2,1,0
BRDA:79,3,0,0
BRDA:83,4,0,0
BRDA:83,4,1,0
BRDA:86,5,0,0
BRDA:86,5,1,0
BRF:11
BRH:0
end_of_record
TN:
SF:src\auth\auth.module.ts
FN:23,(anonymous_1)
FN:33,(anonymous_2)
FNF:2
FNH:0
FNDA:0,(anonymous_1)
FNDA:0,(anonymous_2)
DA:1,0
DA:2,0
DA:3,0
DA:4,0
DA:5,0
DA:7,0
DA:8,0
DA:9,0
DA:24,0
DA:33,0
DA:37,0
LF:11
LH:0
BRF:0
BRH:0
end_of_record
TN:
SF:src\auth\auth.service.ts
FN:19,(anonymous_2)
FN:26,(anonymous_3)
FN:50,(anonymous_4)
FN:71,(anonymous_5)
FN:85,(anonymous_6)
FN:90,(anonymous_7)
FN:102,(anonymous_8)
FN:155,(anonymous_9)
FN:176,(anonymous_10)
FN:213,(anonymous_11)
FN:220,(anonymous_12)
FNF:11
FNH:0
FNDA:0,(anonymous_2)
FNDA:0,(anonymous_3)
FNDA:0,(anonymous_4)
FNDA:0,(anonymous_5)
FNDA:0,(anonymous_6)
FNDA:0,(anonymous_7)
FNDA:0,(anonymous_8)
FNDA:0,(anonymous_9)
FNDA:0,(anonymous_10)
FNDA:0,(anonymous_11)
FNDA:0,(anonymous_12)
DA:1,0
DA:7,0
DA:8,0
DA:9,0
DA:10,0
DA:14,0
DA:15,0
DA:18,0
DA:20,0
DA:21,0
DA:22,0
DA:23,0
DA:27,0
DA:28,0
DA:30,0
DA:38,0
DA:40,0
DA:46,0
DA:51,0
DA:53,0
DA:57,0
DA:59,0
DA:60,0
DA:62,0
DA:64,0
DA:77,0
DA:79,0
DA:86,0
DA:87,0
DA:91,0
DA:92,0
DA:96,0
DA:97,0
DA:103,0
DA:105,0
DA:106,0
DA:111,0
DA:112,0
DA:113,0
DA:115,0
DA:125,0
DA:126,0
DA:127,0
DA:130,0
DA:132,0
DA:133,0
DA:146,0
DA:147,0
DA:150,0
DA:156,0
DA:161,0
DA:162,0
DA:165,0
DA:166,0
DA:169,0
DA:170,0
DA:173,0
DA:177,0
DA:179,0
DA:184,0
DA:185,0
DA:188,0
DA:189,0
DA:192,0
DA:193,0
DA:196,0
DA:199,0
DA:210,0
DA:214,0
DA:217,0
DA:221,0
DA:222,0
DA:223,0
DA:227,0
DA:228,0
DA:230,0
DA:232,0
DA:238,0
LF:78
LH:0
BRDA:57,0,0,0
BRDA:57,0,1,0
BRDA:59,1,0,0
BRDA:59,1,1,0
BRDA:91,2,0,0
BRDA:91,2,1,0
BRDA:105,3,0,0
BRDA:105,3,1,0
BRDA:105,4,0,0
BRDA:105,4,1,0
BRDA:125,5,0,0
BRDA:125,5,1,0
BRDA:126,6,0,0
BRDA:126,6,1,0
BRDA:161,7,0,0
BRDA:161,7,1,0
BRDA:165,8,0,0
BRDA:165,8,1,0
BRDA:169,9,0,0
BRDA:169,9,1,0
BRDA:184,10,0,0
BRDA:184,10,1,0
BRDA:188,11,0,0
BRDA:188,11,1,0
BRDA:192,12,0,0
BRDA:192,12,1,0
BRDA:227,13,0,0
BRDA:227,13,1,0
BRDA:228,14,0,0
BRDA:228,14,1,0
BRF:30
BRH:0
end_of_record
TN:
SF:src\auth\decorators\auth.decorator.ts
FN:8,Auth
FNF:1
FNH:1
FNDA:1,Auth
DA:1,1
DA:2,1
DA:3,1
DA:5,1
DA:8,1
DA:10,1
LF:6
LH:6
BRF:0
BRH:0
end_of_record
TN:
SF:src\auth\decorators\get-user.decorator.ts
FN:6,(anonymous_0)
FNF:1
FNH:0
FNDA:0,(anonymous_0)
DA:1,1
DA:5,1
DA:8,0
DA:9,0
DA:11,0
DA:12,0
DA:14,0
LF:7
LH:2
BRDA:11,0,0,0
BRDA:11,0,1,0
BRDA:14,1,0,0
BRDA:14,1,1,0
BRF:4
BRH:0
end_of_record
TN:
SF:src\auth\decorators\index.ts
FN:1,(anonymous_0)
FN:2,(anonymous_1)
FN:4,(anonymous_2)
FN:5,(anonymous_3)
FNF:4
FNH:2
FNDA:1,(anonymous_0)
FNDA:0,(anonymous_1)
FNDA:0,(anonymous_2)
FNDA:3,(anonymous_3)
DA:1,2
DA:2,1
DA:4,1
DA:5,4
LF:4
LH:4
BRF:0
BRH:0
end_of_record
TN:
SF:src\auth\decorators\raw-headers.decorator.ts
FN:6,(anonymous_0)
FNF:1
FNH:0
FNDA:0,(anonymous_0)
DA:1,1
DA:5,1
DA:8,0
DA:9,0
LF:4
LH:2
BRF:0
BRH:0
end_of_record
TN:
SF:src\auth\decorators\role-protected.decorator.ts
FN:7,(anonymous_0)
FNF:1
FNH:1
FNDA:1,(anonymous_0)
DA:1,1
DA:4,1
DA:7,1
DA:10,1
LF:4
LH:4
BRF:0
BRH:0
end_of_record
TN:
SF:src\auth\dto\create-user.dto.ts
FNF:0
FNH:0
DA:1,0
DA:4,0
DA:8,0
DA:17,0
DA:21,0
LF:5
LH:0
BRF:0
BRH:0
end_of_record
TN:
SF:src\auth\dto\forgot-password.dto.ts
FNF:0
FNH:0
DA:1,0
DA:3,0
DA:6,0
LF:3
LH:0
BRF:0
BRH:0
end_of_record
TN:
SF:src\auth\dto\index.ts
FN:1,(anonymous_0)
FN:2,(anonymous_1)
FN:3,(anonymous_2)
FN:4,(anonymous_3)
FNF:4
FNH:0
FNDA:0,(anonymous_0)
FNDA:0,(anonymous_1)
FNDA:0,(anonymous_2)
FNDA:0,(anonymous_3)
DA:1,0
DA:2,0
DA:3,0
DA:4,0
LF:4
LH:0
BRF:0
BRH:0
end_of_record
TN:
SF:src\auth\dto\login-user.dto.ts
FNF:0
FNH:0
DA:1,0
DA:4,0
DA:8,0
DA:17,0
DA:21,0
LF:5
LH:0
BRF:0
BRH:0
end_of_record
TN:
SF:src\auth\dto\reset-password.dto.ts
FNF:0
FNH:0
DA:1,0
DA:3,0
DA:5,0
DA:13,0
LF:4
LH:0
BRF:0
BRH:0
end_of_record
TN:
SF:src\auth\guards\user-role.guard.ts
FN:10,(anonymous_2)
FN:14,(anonymous_3)
FNF:2
FNH:1
FNDA:6,(anonymous_2)
FNDA:0,(anonymous_3)
DA:1,1
DA:2,1
DA:5,1
DA:8,1
DA:11,6
DA:18,0
DA:20,0
DA:21,0
DA:23,0
DA:24,0
DA:26,0
DA:27,0
DA:29,0
DA:30,0
DA:31,0
DA:35,0
LF:16
LH:5
BRDA:20,0,0,0
BRDA:20,0,1,0
BRDA:21,1,0,0
BRDA:21,1,1,0
BRDA:26,2,0,0
BRDA:26,2,1,0
BRDA:30,3,0,0
BRDA:30,3,1,0
BRF:8
BRH:0
end_of_record
TN:
SF:src\auth\interfaces\index.ts
FN:2,(anonymous_0)
FNF:1
FNH:1
FNDA:2,(anonymous_0)
DA:2,3
LF:1
LH:1
BRF:0
BRH:0
end_of_record
TN:
SF:src\auth\interfaces\valid-roles.ts
FN:1,(anonymous_0)
FNF:1
FNH:1
FNDA:1,(anonymous_0)
DA:1,1
DA:2,1
DA:3,1
DA:4,1
DA:5,1
DA:6,1
DA:7,1
DA:8,1
LF:8
LH:8
BRDA:1,0,0,1
BRDA:1,0,1,1
BRF:2
BRH:2
end_of_record
TN:
SF:src\auth\strategies\jwt.strategy.ts
FN:12,(anonymous_2)
FN:24,(anonymous_3)
FNF:2
FNH:0
FNDA:0,(anonymous_2)
FNDA:0,(anonymous_3)
DA:1,0
DA:2,0
DA:3,0
DA:4,0
DA:6,0
DA:10,0
DA:13,0
DA:17,0
DA:26,0
DA:28,0
DA:30,0
DA:31,0
DA:33,0
DA:34,0
DA:38,0
DA:40,0
LF:16
LH:0
BRDA:30,0,0,0
BRDA:30,0,1,0
BRDA:33,1,0,0
BRDA:33,1,1,0
BRF:4
BRH:0
end_of_record
TN:
SF:src\catalogos\catalogos.module.ts
FNF:0
FNH:0
DA:1,0
DA:2,0
DA:3,0
DA:4,0
DA:5,0
DA:6,0
DA:7,0
DA:8,0
DA:9,0
DA:10,0
DA:11,0
DA:12,0
DA:13,0
DA:14,0
DA:15,0
DA:16,0
DA:17,0
DA:18,0
DA:19,0
DA:20,0
DA:21,0
DA:22,0
DA:23,0
DA:24,0
DA:25,0
DA:57,0
LF:26
LH:0
BRF:0
BRH:0
end_of_record
TN:
SF:src\catalogos\artes-pesca\artes-pesca.controller.ts
FN:10,(anonymous_4)
FN:14,(anonymous_5)
FN:19,(anonymous_6)
FN:24,(anonymous_7)
FN:30,(anonymous_8)
FN:39,(anonymous_9)
FNF:6
FNH:0
FNDA:0,(anonymous_4)
FNDA:0,(anonymous_5)
FNDA:0,(anonymous_6)
FNDA:0,(anonymous_7)
FNDA:0,(anonymous_8)
FNDA:0,(anonymous_9)
DA:1,0
DA:2,0
DA:3,0
DA:4,0
DA:5,0
DA:9,0
DA:10,0
DA:14,0
DA:15,0
DA:19,0
DA:20,0
DA:24,0
DA:25,0
DA:30,0
DA:34,0
DA:39,0
DA:40,0
LF:17
LH:0
BRF:0
BRH:0
end_of_record
TN:
SF:src\catalogos\artes-pesca\artes-pesca.service.ts
FN:7,(anonymous_2)
FN:9,(anonymous_3)
FN:19,(anonymous_4)
FN:25,(anonymous_5)
FN:37,(anonymous_6)
FN:49,(anonymous_7)
FN:57,(anonymous_8)
FNF:7
FNH:0
FNDA:0,(anonymous_2)
FNDA:0,(anonymous_3)
FNDA:0,(anonymous_4)
FNDA:0,(anonymous_5)
FNDA:0,(anonymous_6)
FNDA:0,(anonymous_7)
FNDA:0,(anonymous_8)
DA:1,0
DA:2,0
DA:6,0
DA:7,0
DA:10,0
DA:11,0
DA:15,0
DA:20,0
DA:26,0
DA:30,0
DA:31,0
DA:34,0
DA:38,0
DA:39,0
DA:40,0
DA:45,0
DA:50,0
DA:51,0
DA:54,0
DA:58,0
DA:59,0
DA:61,0
DA:62,0
LF:23
LH:0
BRDA:30,0,0,0
BRDA:30,0,1,0
BRDA:58,1,0,0
BRDA:58,1,1,0
BRF:4
BRH:0
end_of_record
TN:
SF:src\catalogos\artes-pesca\dto\create-arte-pesca.dto.ts
FNF:0
FNH:0
DA:1,0
DA:3,0
DA:5,0
DA:8,0
DA:11,0
LF:5
LH:0
BRF:0
BRH:0
end_of_record
TN:
SF:src\catalogos\artes-pesca\dto\index.ts
FNF:0
FNH:0
DA:1,0
DA:2,0
LF:2
LH:0
BRF:0
BRH:0
end_of_record
TN:
SF:src\catalogos\artes-pesca\dto\update-arte-pesca.dto.ts
FNF:0
FNH:0
DA:1,0
DA:2,0
DA:4,0
LF:3
LH:0
BRF:0
BRH:0
end_of_record
TN:
SF:src\catalogos\buques\buques.controller.ts
FN:12,(anonymous_4)
FN:19,(anonymous_5)
FN:33,(anonymous_6)
FN:38,(anonymous_7)
FN:43,(anonymous_8)
FN:49,(anonymous_9)
FN:58,(anonymous_10)
FNF:7
FNH:0
FNDA:0,(anonymous_4)
FNDA:0,(anonymous_5)
FNDA:0,(anonymous_6)
FNDA:0,(anonymous_7)
FNDA:0,(anonymous_8)
FNDA:0,(anonymous_9)
FNDA:0,(anonymous_10)
DA:1,0
DA:3,0
DA:4,0
DA:5,0
DA:6,0
DA:7,0
DA:11,0
DA:13,0
DA:14,0
DA:19,0
DA:20,0
DA:22,0
DA:28,0
DA:33,0
DA:34,0
DA:38,0
DA:39,0
DA:43,0
DA:44,0
DA:49,0
DA:53,0
DA:58,0
DA:59,0
LF:23
LH:0
BRF:0
BRH:0
end_of_record
TN:
SF:src\catalogos\buques\buques.service.ts
FN:7,(anonymous_2)
FN:9,(anonymous_3)
FN:19,(anonymous_4)
FN:31,(anonymous_5)
FN:49,(anonymous_6)
FN:61,(anonymous_7)
FN:69,(anonymous_8)
FNF:7
FNH:0
FNDA:0,(anonymous_2)
FNDA:0,(anonymous_3)
FNDA:0,(anonymous_4)
FNDA:0,(anonymous_5)
FNDA:0,(anonymous_6)
FNDA:0,(anonymous_7)
FNDA:0,(anonymous_8)
DA:1,0
DA:2,0
DA:6,0
DA:7,0
DA:10,0
DA:11,0
DA:15,0
DA:20,0
DA:32,0
DA:42,0
DA:43,0
DA:46,0
DA:50,0
DA:51,0
DA:52,0
DA:57,0
DA:62,0
DA:63,0
DA:66,0
DA:70,0
DA:71,0
DA:73,0
DA:74,0
LF:23
LH:0
BRDA:42,0,0,0
BRDA:42,0,1,0
BRDA:70,1,0,0
BRDA:70,1,1,0
BRF:4
BRH:0
end_of_record
TN:
SF:src\catalogos\buques\vessel-export.service.ts
FN:12,(anonymous_2)
FN:18,(anonymous_3)
FN:71,(anonymous_4)
FNF:3
FNH:0
FNDA:0,(anonymous_2)
FNDA:0,(anonymous_3)
FNDA:0,(anonymous_4)
DA:1,0
DA:2,0
DA:3,0
DA:4,0
DA:5,0
DA:6,0
DA:9,0
DA:10,0
DA:12,0
DA:19,0
DA:22,0
DA:36,0
DA:65,0
DA:67,0
DA:68,0
DA:71,0
DA:76,0
DA:80,0
DA:110,0
DA:113,0
DA:114,0
DA:117,0
DA:118,0
DA:121,0
DA:122,0
LF:25
LH:0
BRDA:76,0,0,0
BRDA:76,0,1,0
BRDA:81,1,0,0
BRDA:81,1,1,0
BRDA:83,2,0,0
BRDA:83,2,1,0
BRDA:84,3,0,0
BRDA:84,3,1,0
BRDA:88,4,0,0
BRDA:88,4,1,0
BRDA:90,5,0,0
BRDA:90,5,1,0
BRDA:91,6,0,0
BRDA:91,6,1,0
BRDA:92,7,0,0
BRDA:92,7,1,0
BRDA:94,8,0,0
BRDA:94,8,1,0
BRDA:96,9,0,0
BRDA:96,9,1,0
BRDA:97,10,0,0
BRDA:97,10,1,0
BRDA:98,11,0,0
BRDA:98,11,1,0
BRDA:103,12,0,0
BRDA:103,12,1,0
BRDA:121,13,0,0
BRDA:121,13,1,0
BRF:28
BRH:0
end_of_record
TN:
SF:src\catalogos\buques\vessel-sync.service.ts
FN:12,(anonymous_2)
FN:25,(anonymous_3)
FN:54,(anonymous_4)
FN:82,(anonymous_5)
FN:115,(anonymous_6)
FN:121,(anonymous_7)
FNF:6
FNH:0
FNDA:0,(anonymous_2)
FNDA:0,(anonymous_3)
FNDA:0,(anonymous_4)
FNDA:0,(anonymous_5)
FNDA:0,(anonymous_6)
FNDA:0,(anonymous_7)
DA:1,0
DA:2,0
DA:3,0
DA:4,0
DA:8,0
DA:9,0
DA:13,0
DA:14,0
DA:15,0
DA:17,0
DA:26,0
DA:29,0
DA:40,0
DA:41,0
DA:45,0
DA:46,0
DA:50,0
DA:51,0
DA:55,0
DA:59,0
DA:62,0
DA:75,0
DA:83,0
DA:84,0
DA:86,0
DA:89,0
DA:90,0
DA:91,0
DA:95,0
DA:96,0
DA:97,0
DA:101,0
DA:102,0
DA:103,0
DA:107,0
DA:108,0
DA:109,0
DA:111,0
DA:116,0
DA:117,0
DA:118,0
DA:123,0
DA:124,0
DA:131,0
DA:132,0
DA:137,0
DA:161,0
DA:166,0
LF:48
LH:0
BRDA:32,0,0,0
BRDA:32,0,1,0
BRDA:33,1,0,0
BRDA:33,1,1,0
BRDA:34,2,0,0
BRDA:34,2,1,0
BRDA:40,3,0,0
BRDA:40,3,1,0
BRDA:45,4,0,0
BRDA:45,4,1,0
BRDA:51,5,0,0
BRDA:51,5,1,0
BRDA:59,6,0,0
BRDA:59,6,1,0
BRDA:75,7,0,0
BRDA:75,7,1,0
BRDA:84,8,0,0
BRDA:84,8,1,0
BRDA:89,9,0,0
BRDA:89,9,1,0
BRDA:89,10,0,0
BRDA:89,10,1,0
BRDA:95,11,0,0
BRDA:95,11,1,0
BRDA:95,12,0,0
BRDA:95,12,1,0
BRDA:101,13,0,0
BRDA:101,13,1,0
BRDA:101,14,0,0
BRDA:101,14,1,0
BRDA:107,15,0,0
BRDA:107,15,1,0
BRDA:111,16,0,0
BRDA:111,16,1,0
BRDA:111,17,0,0
BRDA:111,17,1,0
BRDA:116,18,0,0
BRDA:116,18,1,0
BRDA:123,19,0,0
BRDA:123,19,1,0
BRDA:131,20,0,0
BRDA:131,20,1,0
BRDA:157,21,0,0
BRDA:157,21,1,0
BRDA:186,22,0,0
BRDA:186,22,1,0
BRF:46
BRH:0
end_of_record
TN:
SF:src\catalogos\buques\dto\create-buque.dto.ts
FN:17,(anonymous_2)
FN:18,(anonymous_3)
FN:35,(anonymous_4)
FN:36,(anonymous_5)
FN:41,(anonymous_6)
FN:42,(anonymous_7)
FN:47,(anonymous_8)
FN:48,(anonymous_9)
FNF:8
FNH:0
FNDA:0,(anonymous_2)
FNDA:0,(anonymous_3)
FNDA:0,(anonymous_4)
FNDA:0,(anonymous_5)
FNDA:0,(anonymous_6)
FNDA:0,(anonymous_7)
FNDA:0,(anonymous_8)
FNDA:0,(anonymous_9)
DA:1,0
DA:2,0
DA:4,0
DA:6,0
DA:9,0
DA:13,0
DA:17,0
DA:18,0
DA:19,0
DA:23,0
DA:27,0
DA:31,0
DA:35,0
DA:36,0
DA:37,0
DA:41,0
DA:42,0
DA:43,0
DA:47,0
DA:48,0
DA:49,0
DA:53,0
DA:57,0
DA:61,0
DA:65,0
DA:69,0
DA:73,0
DA:77,0
DA:81,0
DA:85,0
DA:89,0
DA:93,0
DA:97,0
DA:101,0
DA:105,0
LF:35
LH:0
BRF:0
BRH:0
end_of_record
TN:
SF:src\catalogos\buques\dto\index.ts
FNF:0
FNH:0
DA:1,0
DA:2,0
LF:2
LH:0
BRF:0
BRH:0
end_of_record
TN:
SF:src\catalogos\buques\dto\update-buque.dto.ts
FNF:0
FNH:0
DA:1,0
DA:2,0
DA:4,0
LF:3
LH:0
BRF:0
BRH:0
end_of_record
TN:
SF:src\catalogos\especies\especies.controller.ts
FN:10,(anonymous_4)
FN:14,(anonymous_5)
FN:19,(anonymous_6)
FN:24,(anonymous_7)
FN:30,(anonymous_8)
FN:39,(anonymous_9)
FNF:6
FNH:0
FNDA:0,(anonymous_4)
FNDA:0,(anonymous_5)
FNDA:0,(anonymous_6)
FNDA:0,(anonymous_7)
FNDA:0,(anonymous_8)
FNDA:0,(anonymous_9)
DA:1,0
DA:2,0
DA:3,0
DA:4,0
DA:5,0
DA:9,0
DA:10,0
DA:14,0
DA:15,0
DA:19,0
DA:20,0
DA:24,0
DA:25,0
DA:30,0
DA:34,0
DA:39,0
DA:40,0
LF:17
LH:0
BRF:0
BRH:0
end_of_record
TN:
SF:src\catalogos\especies\especies.service.ts
FN:7,(anonymous_2)
FN:9,(anonymous_3)
FN:19,(anonymous_4)
FN:25,(anonymous_5)
FN:37,(anonymous_6)
FN:49,(anonymous_7)
FN:57,(anonymous_8)
FNF:7
FNH:0
FNDA:0,(anonymous_2)
FNDA:0,(anonymous_3)
FNDA:0,(anonymous_4)
FNDA:0,(anonymous_5)
FNDA:0,(anonymous_6)
FNDA:0,(anonymous_7)
FNDA:0,(anonymous_8)
DA:1,0
DA:2,0
DA:6,0
DA:7,0
DA:10,0
DA:11,0
DA:15,0
DA:20,0
DA:26,0
DA:30,0
DA:31,0
DA:34,0
DA:38,0
DA:39,0
DA:40,0
DA:45,0
DA:50,0
DA:51,0
DA:54,0
DA:58,0
DA:59,0
DA:61,0
DA:62,0
LF:23
LH:0
BRDA:30,0,0,0
BRDA:30,0,1,0
BRDA:58,1,0,0
BRDA:58,1,1,0
BRF:4
BRH:0
end_of_record
TN:
SF:src\catalogos\especies\dto\create-especie.dto.ts
FNF:0
FNH:0
DA:1,0
DA:3,0
DA:5,0
DA:8,0
DA:11,0
DA:15,0
DA:19,0
LF:7
LH:0
BRF:0
BRH:0
end_of_record
TN:
SF:src\catalogos\especies\dto\index.ts
FNF:0
FNH:0
DA:1,0
DA:2,0
LF:2
LH:0
BRF:0
BRH:0
end_of_record
TN:
SF:src\catalogos\especies\dto\update-especie.dto.ts
FNF:0
FNH:0
DA:1,0
DA:2,0
DA:4,0
LF:3
LH:0
BRF:0
BRH:0
end_of_record
TN:
SF:src\catalogos\estados-marea\estados-marea.controller.ts
FN:10,(anonymous_4)
FN:14,(anonymous_5)
FN:19,(anonymous_6)
FN:24,(anonymous_7)
FN:30,(anonymous_8)
FN:39,(anonymous_9)
FNF:6
FNH:0
FNDA:0,(anonymous_4)
FNDA:0,(anonymous_5)
FNDA:0,(anonymous_6)
FNDA:0,(anonymous_7)
FNDA:0,(anonymous_8)
FNDA:0,(anonymous_9)
DA:1,0
DA:2,0
DA:3,0
DA:4,0
DA:5,0
DA:9,0
DA:10,0
DA:14,0
DA:15,0
DA:19,0
DA:20,0
DA:24,0
DA:25,0
DA:30,0
DA:34,0
DA:39,0
DA:40,0
LF:17
LH:0
BRF:0
BRH:0
end_of_record
TN:
SF:src\catalogos\estados-marea\estados-marea.service.ts
FN:7,(anonymous_2)
FN:9,(anonymous_3)
FN:19,(anonymous_4)
FN:25,(anonymous_5)
FN:37,(anonymous_6)
FN:49,(anonymous_7)
FN:57,(anonymous_8)
FNF:7
FNH:0
FNDA:0,(anonymous_2)
FNDA:0,(anonymous_3)
FNDA:0,(anonymous_4)
FNDA:0,(anonymous_5)
FNDA:0,(anonymous_6)
FNDA:0,(anonymous_7)
FNDA:0,(anonymous_8)
DA:1,0
DA:2,0
DA:6,0
DA:7,0
DA:10,0
DA:11,0
DA:15,0
DA:20,0
DA:26,0
DA:30,0
DA:31,0
DA:34,0
DA:38,0
DA:39,0
DA:40,0
DA:45,0
DA:50,0
DA:51,0
DA:54,0
DA:58,0
DA:59,0
DA:61,0
DA:62,0
LF:23
LH:0
BRDA:30,0,0,0
BRDA:30,0,1,0
BRDA:58,1,0,0
BRDA:58,1,1,0
BRF:4
BRH:0
end_of_record
TN:
SF:src\catalogos\estados-marea\dto\create-estado-marea.dto.ts
FNF:0
FNH:0
DA:1,0
DA:3,0
DA:5,0
DA:8,0
DA:12,0
DA:15,0
DA:18,0
DA:22,0
DA:26,0
DA:30,0
DA:34,0
DA:38,0
DA:42,0
LF:13
LH:0
BRF:0
BRH:0
end_of_record
TN:
SF:src\catalogos\estados-marea\dto\index.ts
FNF:0
FNH:0
DA:1,0
DA:2,0
LF:2
LH:0
BRF:0
BRH:0
end_of_record
TN:
SF:src\catalogos\estados-marea\dto\update-estado-marea.dto.ts
FNF:0
FNH:0
DA:1,0
DA:2,0
DA:4,0
LF:3
LH:0
BRF:0
BRH:0
end_of_record
TN:
SF:src\catalogos\observadores\observadores.controller.ts
FN:11,(anonymous_4)
FN:15,(anonymous_5)
FN:20,(anonymous_6)
FN:32,(anonymous_7)
FN:52,(anonymous_8)
FN:57,(anonymous_9)
FN:66,(anonymous_10)
FN:75,(anonymous_11)
FNF:8
FNH:0
FNDA:0,(anonymous_4)
FNDA:0,(anonymous_5)
FNDA:0,(anonymous_6)
FNDA:0,(anonymous_7)
FNDA:0,(anonymous_8)
FNDA:0,(anonymous_9)
FNDA:0,(anonymous_10)
FNDA:0,(anonymous_11)
DA:1,0
DA:3,0
DA:4,0
DA:5,0
DA:6,0
DA:10,0
DA:11,0
DA:15,0
DA:16,0
DA:20,0
DA:24,0
DA:32,0
DA:36,0
DA:38,0
DA:42,0
DA:47,0
DA:48,0
DA:52,0
DA:53,0
DA:57,0
DA:61,0
DA:66,0
DA:70,0
DA:75,0
DA:76,0
LF:25
LH:0
BRF:0
BRH:0
end_of_record
TN:
SF:src\catalogos\observadores\observadores.service.ts
FN:11,(anonymous_2)
FN:13,(anonymous_3)
FN:34,(anonymous_4)
FN:68,(anonymous_5)
FN:115,(anonymous_6)
FN:135,(anonymous_7)
FN:148,(anonymous_8)
FN:172,(anonymous_9)
FN:180,(anonymous_10)
FN:226,(anonymous_11)
FN:229,(anonymous_12)
FN:247,(anonymous_13)
FN:263,(anonymous_14)
FN:264,(anonymous_15)
FN:268,(anonymous_16)
FN:289,(anonymous_17)
FN:352,(anonymous_18)
FN:353,(anonymous_19)
FNF:18
FNH:0
FNDA:0,(anonymous_2)
FNDA:0,(anonymous_3)
FNDA:0,(anonymous_4)
FNDA:0,(anonymous_5)
FNDA:0,(anonymous_6)
FNDA:0,(anonymous_7)
FNDA:0,(anonymous_8)
FNDA:0,(anonymous_9)
FNDA:0,(anonymous_10)
FNDA:0,(anonymous_11)
FNDA:0,(anonymous_12)
FNDA:0,(anonymous_13)
FNDA:0,(anonymous_14)
FNDA:0,(anonymous_15)
FNDA:0,(anonymous_16)
FNDA:0,(anonymous_17)
FNDA:0,(anonymous_18)
FNDA:0,(anonymous_19)
DA:1,0
DA:2,0
DA:3,0
DA:4,0
DA:5,0
DA:6,0
DA:10,0
DA:11,0
DA:14,0
DA:15,0
DA:18,0
DA:19,0
DA:23,0
DA:24,0
DA:25,0
DA:26,0
DA:29,0
DA:35,0
DA:36,0
DA:38,0
DA:39,0
DA:42,0
DA:43,0
DA:45,0
DA:48,0
DA:58,0
DA:63,0
DA:64,0
DA:69,0
DA:71,0
DA:72,0
DA:73,0
DA:80,0
DA:81,0
DA:85,0
DA:90,0
DA:91,0
DA:93,0
DA:108,0
DA:109,0
DA:115,0
DA:116,0
DA:132,0
DA:136,0
DA:141,0
DA:142,0
DA:145,0
DA:149,0
DA:151,0
DA:152,0
DA:155,0
DA:156,0
DA:160,0
DA:161,0
DA:162,0
DA:166,0
DA:173,0
DA:174,0
DA:177,0
DA:181,0
DA:182,0
DA:183,0
DA:186,0
DA:223,0
DA:224,0
DA:225,0
DA:226,0
DA:229,0
DA:230,0
DA:231,0
DA:232,0
DA:234,0
DA:235,0
DA:238,0
DA:241,0
DA:242,0
DA:243,0
DA:245,0
DA:246,0
DA:247,0
DA:249,0
DA:250,0
DA:254,0
DA:259,0
DA:262,0
DA:263,0
DA:264,0
DA:267,0
DA:268,0
DA:274,0
DA:289,0
DA:290,0
DA:292,0
DA:294,0
DA:296,0
DA:303,0
DA:304,0
DA:305,0
DA:306,0
DA:307,0
DA:308,0
DA:320,0
DA:321,0
DA:322,0
DA:324,0
DA:326,0
DA:332,0
DA:333,0
DA:334,0
DA:335,0
DA:336,0
DA:345,0
DA:349,0
DA:353,0
DA:354,0
DA:355,0
LF:116
LH:0
BRDA:14,0,0,0
BRDA:14,0,1,0
BRDA:14,1,0,0
BRDA:14,1,1,0
BRDA:18,2,0,0
BRDA:18,2,1,0
BRDA:23,3,0,0
BRDA:23,3,1,0
BRDA:23,4,0,0
BRDA:23,4,1,0
BRDA:25,5,0,0
BRDA:25,5,1,0
BRDA:34,6,0,0
BRDA:34,7,0,0
BRDA:38,8,0,0
BRDA:38,8,1,0
BRDA:42,9,0,0
BRDA:42,9,1,0
BRDA:71,10,0,0
BRDA:71,10,1,0
BRDA:80,11,0,0
BRDA:80,11,1,0
BRDA:122,12,0,0
BRDA:122,12,1,0
BRDA:123,13,0,0
BRDA:123,13,1,0
BRDA:124,14,0,0
BRDA:124,14,1,0
BRDA:125,15,0,0
BRDA:125,15,1,0
BRDA:126,16,0,0
BRDA:126,16,1,0
BRDA:127,17,0,0
BRDA:127,17,1,0
BRDA:128,18,0,0
BRDA:128,18,1,0
BRDA:141,19,0,0
BRDA:141,19,1,0
BRDA:151,20,0,0
BRDA:151,20,1,0
BRDA:151,21,0,0
BRDA:151,21,1,0
BRDA:155,22,0,0
BRDA:155,22,1,0
BRDA:160,23,0,0
BRDA:160,23,1,0
BRDA:161,24,0,0
BRDA:161,24,1,0
BRDA:161,25,0,0
BRDA:161,25,1,0
BRDA:231,26,0,0
BRDA:231,26,1,0
BRDA:232,27,0,0
BRDA:232,27,1,0
BRDA:241,28,0,0
BRDA:241,28,1,0
BRDA:242,29,0,0
BRDA:242,29,1,0
BRDA:242,30,0,0
BRDA:242,30,1,0
BRDA:245,31,0,0
BRDA:245,31,1,0
BRDA:245,32,0,0
BRDA:245,32,1,0
BRDA:247,33,0,0
BRDA:247,33,1,0
BRDA:249,34,0,0
BRDA:249,34,1,0
BRDA:254,35,0,0
BRDA:254,35,1,0
BRDA:254,36,0,0
BRDA:254,36,1,0
BRDA:259,37,0,0
BRDA:259,37,1,0
BRDA:264,38,0,0
BRDA:264,38,1,0
BRDA:270,39,0,0
BRDA:270,39,1,0
BRDA:270,40,0,0
BRDA:270,40,1,0
BRDA:292,41,0,0
BRDA:292,41,1,0
BRDA:303,42,0,0
BRDA:303,42,1,0
BRDA:303,43,0,0
BRDA:303,43,1,0
BRDA:305,44,0,0
BRDA:305,44,1,0
BRDA:305,45,0,0
BRDA:305,45,1,0
BRDA:307,46,0,0
BRDA:307,46,1,0
BRDA:324,47,0,0
BRDA:324,47,1,0
BRDA:332,48,0,0
BRDA:332,48,1,0
BRDA:335,49,0,0
BRDA:335,49,1,0
BRDA:354,50,0,0
BRDA:354,50,1,0
BRF:100
BRH:0
end_of_record
TN:
SF:src\catalogos\observadores\dto\create-observador.dto.ts
FN:43,(anonymous_2)
FN:54,(anonymous_3)
FNF:2
FNH:0
FNDA:0,(anonymous_2)
FNDA:0,(anonymous_3)
DA:1,0
DA:3,0
DA:5,0
DA:8,0
DA:11,0
DA:15,0
DA:18,0
DA:21,0
DA:25,0
DA:29,0
DA:33,0
DA:37,0
DA:41,0
DA:43,0
DA:47,0
DA:52,0
DA:54,0
DA:57,0
DA:61,0
LF:19
LH:0
BRDA:54,0,0,0
BRDA:54,0,1,0
BRDA:54,0,2,0
BRF:3
BRH:0
end_of_record
TN:
SF:src\catalogos\observadores\dto\index.ts
FNF:0
FNH:0
DA:1,0
DA:2,0
LF:2
LH:0
BRF:0
BRH:0
end_of_record
TN:
SF:src\catalogos\observadores\dto\update-observador.dto.ts
FNF:0
FNH:0
DA:1,0
DA:2,0
DA:4,0
LF:3
LH:0
BRF:0
BRH:0
end_of_record
TN:
SF:src\catalogos\pesquerias\pesquerias.controller.ts
FN:10,(anonymous_4)
FN:14,(anonymous_5)
FN:19,(anonymous_6)
FN:24,(anonymous_7)
FN:30,(anonymous_8)
FN:39,(anonymous_9)
FNF:6
FNH:0
FNDA:0,(anonymous_4)
FNDA:0,(anonymous_5)
FNDA:0,(anonymous_6)
FNDA:0,(anonymous_7)
FNDA:0,(anonymous_8)
FNDA:0,(anonymous_9)
DA:1,0
DA:2,0
DA:3,0
DA:4,0
DA:5,0
DA:9,0
DA:10,0
DA:14,0
DA:15,0
DA:19,0
DA:20,0
DA:24,0
DA:25,0
DA:30,0
DA:34,0
DA:39,0
DA:40,0
LF:17
LH:0
BRF:0
BRH:0
end_of_record
TN:
SF:src\catalogos\pesquerias\pesquerias.service.ts
FN:7,(anonymous_2)
FN:9,(anonymous_3)
FN:19,(anonymous_4)
FN:25,(anonymous_5)
FN:37,(anonymous_6)
FN:49,(anonymous_7)
FN:57,(anonymous_8)
FNF:7
FNH:0
FNDA:0,(anonymous_2)
FNDA:0,(anonymous_3)
FNDA:0,(anonymous_4)
FNDA:0,(anonymous_5)
FNDA:0,(anonymous_6)
FNDA:0,(anonymous_7)
FNDA:0,(anonymous_8)
DA:1,0
DA:2,0
DA:6,0
DA:7,0
DA:10,0
DA:11,0
DA:15,0
DA:20,0
DA:26,0
DA:30,0
DA:31,0
DA:34,0
DA:38,0
DA:39,0
DA:40,0
DA:45,0
DA:50,0
DA:51,0
DA:54,0
DA:58,0
DA:59,0
DA:61,0
DA:62,0
LF:23
LH:0
BRDA:30,0,0,0
BRDA:30,0,1,0
BRDA:58,1,0,0
BRDA:58,1,1,0
BRF:4
BRH:0
end_of_record
TN:
SF:src\catalogos\pesquerias\dto\create-pesqueria.dto.ts
FNF:0
FNH:0
DA:1,0
DA:3,0
DA:5,0
DA:8,0
DA:12,0
DA:16,0
DA:20,0
DA:24,0
LF:8
LH:0
BRF:0
BRH:0
end_of_record
TN:
SF:src\catalogos\pesquerias\dto\index.ts
FNF:0
FNH:0
DA:1,0
DA:2,0
LF:2
LH:0
BRF:0
BRH:0
end_of_record
TN:
SF:src\catalogos\pesquerias\dto\update-pesqueria.dto.ts
FNF:0
FNH:0
DA:1,0
DA:2,0
DA:4,0
LF:3
LH:0
BRF:0
BRH:0
end_of_record
TN:
SF:src\catalogos\puertos\puertos.controller.ts
FN:10,(anonymous_4)
FN:14,(anonymous_5)
FN:19,(anonymous_6)
FN:24,(anonymous_7)
FN:30,(anonymous_8)
FN:39,(anonymous_9)
FNF:6
FNH:0
FNDA:0,(anonymous_4)
FNDA:0,(anonymous_5)
FNDA:0,(anonymous_6)
FNDA:0,(anonymous_7)
FNDA:0,(anonymous_8)
FNDA:0,(anonymous_9)
DA:1,0
DA:2,0
DA:3,0
DA:4,0
DA:5,0
DA:9,0
DA:10,0
DA:14,0
DA:15,0
DA:19,0
DA:20,0
DA:24,0
DA:25,0
DA:30,0
DA:34,0
DA:39,0
DA:40,0
LF:17
LH:0
BRF:0
BRH:0
end_of_record
TN:
SF:src\catalogos\puertos\puertos.service.ts
FN:7,(anonymous_2)
FN:9,(anonymous_3)
FN:15,(anonymous_4)
FN:21,(anonymous_5)
FN:33,(anonymous_6)
FN:41,(anonymous_7)
FNF:6
FNH:0
FNDA:0,(anonymous_2)
FNDA:0,(anonymous_3)
FNDA:0,(anonymous_4)
FNDA:0,(anonymous_5)
FNDA:0,(anonymous_6)
FNDA:0,(anonymous_7)
DA:1,0
DA:2,0
DA:6,0
DA:7,0
DA:10,0
DA:16,0
DA:22,0
DA:26,0
DA:27,0
DA:30,0
DA:34,0
DA:35,0
DA:42,0
DA:43,0
DA:46,0
LF:15
LH:0
BRDA:26,0,0,0
BRDA:26,0,1,0
BRF:2
BRH:0
end_of_record
TN:
SF:src\catalogos\puertos\dto\create-puerto.dto.ts
FNF:0
FNH:0
DA:1,0
DA:3,0
DA:5,0
DA:9,0
DA:13,0
DA:17,0
DA:21,0
DA:25,0
DA:29,0
DA:33,0
DA:37,0
LF:11
LH:0
BRF:0
BRH:0
end_of_record
TN:
SF:src\catalogos\puertos\dto\index.ts
FNF:0
FNH:0
DA:1,0
DA:2,0
LF:2
LH:0
BRF:0
BRH:0
end_of_record
TN:
SF:src\catalogos\puertos\dto\update-puerto.dto.ts
FNF:0
FNH:0
DA:1,0
DA:2,0
DA:4,0
LF:3
LH:0
BRF:0
BRH:0
end_of_record
TN:
SF:src\catalogos\tipos-flota\tipos-flota.controller.ts
FN:10,(anonymous_4)
FN:14,(anonymous_5)
FN:19,(anonymous_6)
FN:24,(anonymous_7)
FN:30,(anonymous_8)
FN:39,(anonymous_9)
FNF:6
FNH:0
FNDA:0,(anonymous_4)
FNDA:0,(anonymous_5)
FNDA:0,(anonymous_6)
FNDA:0,(anonymous_7)
FNDA:0,(anonymous_8)
FNDA:0,(anonymous_9)
DA:1,0
DA:2,0
DA:3,0
DA:4,0
DA:5,0
DA:9,0
DA:10,0
DA:14,0
DA:15,0
DA:19,0
DA:20,0
DA:24,0
DA:25,0
DA:30,0
DA:34,0
DA:39,0
DA:40,0
LF:17
LH:0
BRF:0
BRH:0
end_of_record
TN:
SF:src\catalogos\tipos-flota\tipos-flota.service.ts
FN:7,(anonymous_2)
FN:9,(anonymous_3)
FN:19,(anonymous_4)
FN:25,(anonymous_5)
FN:37,(anonymous_6)
FN:49,(anonymous_7)
FN:57,(anonymous_8)
FNF:7
FNH:0
FNDA:0,(anonymous_2)
FNDA:0,(anonymous_3)
FNDA:0,(anonymous_4)
FNDA:0,(anonymous_5)
FNDA:0,(anonymous_6)
FNDA:0,(anonymous_7)
FNDA:0,(anonymous_8)
DA:1,0
DA:2,0
DA:6,0
DA:7,0
DA:10,0
DA:11,0
DA:15,0
DA:20,0
DA:26,0
DA:30,0
DA:31,0
DA:34,0
DA:38,0
DA:39,0
DA:40,0
DA:45,0
DA:50,0
DA:51,0
DA:54,0
DA:58,0
DA:59,0
DA:61,0
DA:62,0
LF:23
LH:0
BRDA:30,0,0,0
BRDA:30,0,1,0
BRDA:58,1,0,0
BRDA:58,1,1,0
BRF:4
BRH:0
end_of_record
TN:
SF:src\catalogos\tipos-flota\dto\create-tipo-flota.dto.ts
FNF:0
FNH:0
DA:1,0
DA:3,0
DA:5,0
DA:8,0
DA:11,0
DA:15,0
DA:19,0
DA:23,0
LF:8
LH:0
BRF:0
BRH:0
end_of_record
TN:
SF:src\catalogos\tipos-flota\dto\index.ts
FNF:0
FNH:0
DA:1,0
DA:2,0
LF:2
LH:0
BRF:0
BRH:0
end_of_record
TN:
SF:src\catalogos\tipos-flota\dto\update-tipo-flota.dto.ts
FNF:0
FNH:0
DA:1,0
DA:2,0
DA:4,0
LF:3
LH:0
BRF:0
BRH:0
end_of_record
TN:
SF:src\catalogos\tipos-novedad\tipos-novedad.controller.ts
FN:10,(anonymous_4)
FN:13,(anonymous_5)
FN:18,(anonymous_6)
FN:23,(anonymous_7)
FN:28,(anonymous_8)
FN:33,(anonymous_9)
FN:38,(anonymous_10)
FNF:7
FNH:0
FNDA:0,(anonymous_4)
FNDA:0,(anonymous_5)
FNDA:0,(anonymous_6)
FNDA:0,(anonymous_7)
FNDA:0,(anonymous_8)
FNDA:0,(anonymous_9)
FNDA:0,(anonymous_10)
DA:1,0
DA:2,0
DA:3,0
DA:4,0
DA:5,0
DA:9,0
DA:10,0
DA:13,0
DA:14,0
DA:18,0
DA:19,0
DA:23,0
DA:24,0
DA:28,0
DA:29,0
DA:33,0
DA:34,0
DA:38,0
DA:39,0
LF:19
LH:0
BRF:0
BRH:0
end_of_record
TN:
SF:src\catalogos\tipos-novedad\tipos-novedad.service.ts
FN:8,(anonymous_2)
FN:10,(anonymous_3)
FN:16,(anonymous_4)
FN:22,(anonymous_5)
FN:29,(anonymous_6)
FN:41,(anonymous_7)
FN:51,(anonymous_8)
FNF:7
FNH:0
FNDA:0,(anonymous_2)
FNDA:0,(anonymous_3)
FNDA:0,(anonymous_4)
FNDA:0,(anonymous_5)
FNDA:0,(anonymous_6)
FNDA:0,(anonymous_7)
FNDA:0,(anonymous_8)
DA:1,0
DA:2,0
DA:7,0
DA:8,0
DA:11,0
DA:17,0
DA:23,0
DA:30,0
DA:34,0
DA:35,0
DA:38,0
DA:43,0
DA:45,0
DA:53,0
DA:56,0
LF:15
LH:0
BRDA:34,0,0,0
BRDA:34,0,1,0
BRF:2
BRH:0
end_of_record
TN:
SF:src\catalogos\tipos-novedad\dto\create-tipo-novedad.dto.ts
FNF:0
FNH:0
DA:1,0
DA:3,0
DA:6,0
DA:10,0
DA:14,0
DA:19,0
DA:23,0
LF:7
LH:0
BRF:0
BRH:0
end_of_record
TN:
SF:src\catalogos\tipos-novedad\dto\tipo-novedad-response.dto.ts
FNF:0
FNH:0
DA:1,0
LF:1
LH:0
BRF:0
BRH:0
end_of_record
TN:
SF:src\catalogos\tipos-novedad\dto\update-tipo-novedad.dto.ts
FNF:0
FNH:0
DA:1,0
DA:2,0
DA:4,0
LF:3
LH:0
BRF:0
BRH:0
end_of_record
TN:
SF:src\catalogos\transiciones-estado\transiciones-estado.controller.ts
FN:10,(anonymous_4)
FN:14,(anonymous_5)
FN:19,(anonymous_6)
FN:24,(anonymous_7)
FN:30,(anonymous_8)
FN:39,(anonymous_9)
FNF:6
FNH:0
FNDA:0,(anonymous_4)
FNDA:0,(anonymous_5)
FNDA:0,(anonymous_6)
FNDA:0,(anonymous_7)
FNDA:0,(anonymous_8)
FNDA:0,(anonymous_9)
DA:1,0
DA:2,0
DA:3,0
DA:4,0
DA:5,0
DA:9,0
DA:10,0
DA:14,0
DA:15,0
DA:19,0
DA:20,0
DA:24,0
DA:25,0
DA:30,0
DA:34,0
DA:39,0
DA:40,0
LF:17
LH:0
BRF:0
BRH:0
end_of_record
TN:
SF:src\catalogos\transiciones-estado\transiciones-estado.service.ts
FN:12,(anonymous_2)
FN:14,(anonymous_3)
FN:25,(anonymous_4)
FN:35,(anonymous_5)
FN:48,(anonymous_6)
FN:61,(anonymous_7)
FN:67,(anonymous_8)
FNF:7
FNH:0
FNDA:0,(anonymous_2)
FNDA:0,(anonymous_3)
FNDA:0,(anonymous_4)
FNDA:0,(anonymous_5)
FNDA:0,(anonymous_6)
FNDA:0,(anonymous_7)
FNDA:0,(anonymous_8)
DA:1,0
DA:2,0
DA:5,0
DA:11,0
DA:12,0
DA:15,0
DA:16,0
DA:21,0
DA:26,0
DA:36,0
DA:41,0
DA:42,0
DA:45,0
DA:49,0
DA:50,0
DA:51,0
DA:57,0
DA:62,0
DA:63,0
DA:64,0
DA:68,0
DA:69,0
DA:70,0
DA:72,0
DA:73,0
LF:25
LH:0
BRDA:41,0,0,0
BRDA:41,0,1,0
BRDA:68,1,0,0
BRDA:68,1,1,0
BRDA:69,2,0,0
BRDA:69,2,1,0
BRF:6
BRH:0
end_of_record
TN:
SF:src\catalogos\transiciones-estado\dto\create-transicion-estado.dto.ts
FNF:0
FNH:0
DA:1,0
DA:3,0
DA:5,0
DA:8,0
DA:11,0
DA:14,0
DA:18,0
DA:22,0
DA:26,0
DA:30,0
LF:10
LH:0
BRF:0
BRH:0
end_of_record
TN:
SF:src\catalogos\transiciones-estado\dto\index.ts
FNF:0
FNH:0
DA:1,0
DA:2,0
LF:2
LH:0
BRF:0
BRH:0
end_of_record
TN:
SF:src\catalogos\transiciones-estado\dto\update-transicion-estado.dto.ts
FNF:0
FNH:0
DA:1,0
DA:2,0
DA:4,0
LF:3
LH:0
BRF:0
BRH:0
end_of_record
TN:
SF:src\common\common.module.ts
FNF:0
FNH:0
DA:1,0
DA:2,0
DA:3,0
DA:4,0
DA:5,0
DA:6,0
DA:7,0
DA:8,0
DA:22,0
LF:9
LH:0
BRF:0
BRH:0
end_of_record
TN:
SF:src\common\constants.ts
FNF:0
FNH:0
DA:1,2
LF:1
LH:1
BRF:0
BRH:0
end_of_record
TN:
SF:src\common\business-rules\business-rules.controller.ts
FN:8,(anonymous_2)
FN:11,(anonymous_3)
FNF:2
FNH:0
FNDA:0,(anonymous_2)
FNDA:0,(anonymous_3)
DA:1,0
DA:2,0
DA:5,0
DA:6,0
DA:8,0
DA:11,0
DA:12,0
DA:13,0
DA:14,0
DA:15,0
DA:16,0
DA:18,0
DA:19,0
LF:13
LH:0
BRF:0
BRH:0
end_of_record
TN:
SF:src\common\business-rules\business-rules.module.ts
FNF:0
FNH:0
DA:1,0
DA:2,0
DA:3,0
DA:10,0
LF:4
LH:0
BRF:0
BRH:0
end_of_record
TN:
SF:src\common\business-rules\business-rules.service.ts
FN:18,(anonymous_1)
FN:35,(anonymous_2)
FNF:2
FNH:0
FNDA:0,(anonymous_1)
FNDA:0,(anonymous_2)
DA:1,0
DA:18,0
DA:19,0
DA:21,0
DA:36,0
DA:37,0
LF:6
LH:0
BRF:0
BRH:0
end_of_record
TN:
SF:src\common\config\audit.config.ts
FN:28,(anonymous_0)
FNF:1
FNH:0
FNDA:0,(anonymous_0)
DA:1,0
DA:28,0
LF:2
LH:0
BRDA:30,0,0,0
BRDA:30,0,1,0
BRDA:35,1,0,0
BRDA:35,1,1,0
BRDA:36,2,0,0
BRDA:36,2,1,0
BRDA:40,3,0,0
BRDA:40,3,1,0
BRF:8
BRH:0
end_of_record
TN:
SF:src\common\dto\pagination.dto.ts
FN:4,(anonymous_2)
FN:18,(anonymous_3)
FN:8,(anonymous_4)
FN:15,(anonymous_5)
FNF:4
FNH:0
FNDA:0,(anonymous_2)
FNDA:0,(anonymous_3)
FNDA:0,(anonymous_4)
FNDA:0,(anonymous_5)
DA:1,0
DA:2,0
DA:4,0
DA:8,0
DA:9,0
DA:15,0
DA:16,0
DA:19,0
LF:8
LH:0
BRDA:19,0,0,0
BRDA:19,0,1,0
BRDA:19,1,0,0
BRDA:19,1,1,0
BRF:4
BRH:0
end_of_record
TN:
SF:src\common\dtos\pagination.dto.ts
FN:9,(anonymous_2)
FN:14,(anonymous_3)
FNF:2
FNH:0
FNDA:0,(anonymous_2)
FNDA:0,(anonymous_3)
DA:1,0
DA:2,0
DA:5,0
DA:9,0
DA:10,0
DA:14,0
DA:15,0
LF:7
LH:0
BRF:0
BRH:0
end_of_record
TN:
SF:src\common\error-logs\error-logs.controller.ts
FN:9,(anonymous_4)
FN:12,(anonymous_5)
FN:17,(anonymous_6)
FNF:3
FNH:0
FNDA:0,(anonymous_4)
FNDA:0,(anonymous_5)
FNDA:0,(anonymous_6)
DA:1,0
DA:2,0
DA:3,0
DA:4,0
DA:8,0
DA:9,0
DA:12,0
DA:13,0
DA:17,0
DA:18,0
LF:10
LH:0
BRF:0
BRH:0
end_of_record
TN:
SF:src\common\error-logs\error-logs.module.ts
FN:10,(anonymous_1)
FNF:1
FNH:0
FNDA:0,(anonymous_1)
DA:1,0
DA:2,0
DA:3,0
DA:4,0
DA:5,0
DA:10,0
DA:13,0
LF:7
LH:0
BRF:0
BRH:0
end_of_record
TN:
SF:src\common\error-logs\error-logs.service.ts
FN:6,(anonymous_2)
FN:8,(anonymous_3)
FN:35,(anonymous_4)
FN:42,(anonymous_5)
FNF:4
FNH:0
FNDA:0,(anonymous_2)
FNDA:0,(anonymous_3)
FNDA:0,(anonymous_4)
FNDA:0,(anonymous_5)
DA:1,0
DA:2,0
DA:5,0
DA:6,0
DA:21,0
DA:22,0
DA:30,0
DA:31,0
DA:36,0
DA:43,0
LF:10
LH:0
BRDA:25,0,0,0
BRDA:25,0,1,0
BRF:2
BRH:0
end_of_record
TN:
SF:src\common\filters\all-exceptions.filter.ts
FN:18,(anonymous_2)
FN:23,(anonymous_3)
FNF:2
FNH:0
FNDA:0,(anonymous_2)
FNDA:0,(anonymous_3)
DA:1,0
DA:10,0
DA:11,0
DA:12,0
DA:15,0
DA:16,0
DA:19,0
DA:20,0
DA:24,0
DA:25,0
DA:26,0
DA:29,0
DA:33,0
DA:34,0
DA:37,0
DA:40,0
DA:41,0
DA:42,0
DA:43,0
DA:44,0
DA:47,0
DA:55,0
DA:58,0
DA:78,0
DA:79,0
DA:81,0
DA:82,0
DA:83,0
DA:84,0
DA:85,0
DA:87,0
DA:89,0
DA:90,0
DA:94,0
DA:96,0
LF:35
LH:0
BRDA:29,0,0,0
BRDA:29,0,1,0
BRDA:33,1,0,0
BRDA:33,1,1,0
BRDA:40,2,0,0
BRDA:40,2,1,0
BRDA:42,3,0,0
BRDA:42,3,1,0
BRDA:42,4,0,0
BRDA:42,4,1,0
BRDA:55,5,0,0
BRDA:55,5,1,0
BRDA:55,5,2,0
BRDA:59,6,0,0
BRDA:59,6,1,0
BRDA:67,7,0,0
BRDA:67,7,1,0
BRDA:81,8,0,0
BRDA:81,8,1,0
BRDA:82,9,0,0
BRDA:82,9,1,0
BRDA:83,10,0,0
BRDA:83,10,1,0
BRDA:83,11,0,0
BRDA:83,11,1,0
BRDA:89,12,0,0
BRDA:89,12,1,0
BRDA:100,13,0,0
BRDA:100,13,1,0
BRDA:101,14,0,0
BRDA:101,14,1,0
BRDA:101,15,0,0
BRDA:101,15,1,0
BRF:33
BRH:0
end_of_record
TN:
SF:src\common\fishery-client\fishery-client.module.ts
FN:12,(anonymous_1)
FNF:1
FNH:0
FNDA:0,(anonymous_1)
DA:1,0
DA:2,0
DA:3,0
DA:4,0
DA:5,0
DA:13,0
DA:15,0
DA:16,0
DA:20,0
DA:21,0
DA:23,0
DA:24,0
DA:29,0
DA:36,0
LF:14
LH:0
BRDA:15,0,0,0
BRDA:15,0,1,0
BRDA:23,1,0,0
BRDA:23,1,1,0
BRDA:23,2,0,0
BRDA:23,2,1,0
BRF:6
BRH:0
end_of_record
TN:
SF:src\common\fishery-client\adapters\fishery-api.adapter.ts
FN:22,(anonymous_2)
FN:51,(anonymous_3)
FN:59,(anonymous_4)
FN:81,(anonymous_5)
FN:107,(anonymous_6)
FN:129,(anonymous_7)
FN:138,(anonymous_8)
FN:146,(anonymous_9)
FN:171,(anonymous_10)
FN:193,(anonymous_11)
FN:232,(anonymous_12)
FN:270,(anonymous_13)
FNF:12
FNH:0
FNDA:0,(anonymous_2)
FNDA:0,(anonymous_3)
FNDA:0,(anonymous_4)
FNDA:0,(anonymous_5)
FNDA:0,(anonymous_6)
FNDA:0,(anonymous_7)
FNDA:0,(anonymous_8)
FNDA:0,(anonymous_9)
FNDA:0,(anonymous_10)
FNDA:0,(anonymous_11)
FNDA:0,(anonymous_12)
FNDA:0,(anonymous_13)
DA:1,0
DA:2,0
DA:5,0
DA:6,0
DA:13,0
DA:14,0
DA:22,0
DA:23,0
DA:24,0
DA:25,0
DA:26,0
DA:28,0
DA:29,0
DA:32,0
DA:39,0
DA:44,0
DA:52,0
DA:53,0
DA:60,0
DA:61,0
DA:62,0
DA:63,0
DA:65,0
DA:66,0
DA:67,0
DA:70,0
DA:72,0
DA:73,0
DA:82,0
DA:83,0
DA:84,0
DA:85,0
DA:87,0
DA:88,0
DA:89,0
DA:93,0
DA:94,0
DA:97,0
DA:99,0
DA:100,0
DA:108,0
DA:109,0
DA:110,0
DA:111,0
DA:113,0
DA:114,0
DA:115,0
DA:118,0
DA:120,0
DA:121,0
DA:130,0
DA:131,0
DA:139,0
DA:140,0
DA:147,0
DA:150,0
DA:151,0
DA:154,0
DA:172,0
DA:173,0
DA:174,0
DA:176,0
DA:177,0
DA:178,0
DA:179,0
DA:180,0
DA:185,0
DA:194,0
DA:195,0
DA:199,0
DA:202,0
DA:203,0
DA:206,0
DA:208,0
DA:209,0
DA:213,0
DA:214,0
DA:215,0
DA:216,0
DA:217,0
DA:224,0
DA:225,0
DA:226,0
DA:229,0
DA:230,0
DA:232,0
DA:259,0
DA:260,0
DA:271,0
DA:272,0
LF:90
LH:0
BRDA:26,0,0,0
BRDA:26,0,1,0
BRDA:28,1,0,0
BRDA:28,1,1,0
BRDA:28,2,0,0
BRDA:28,2,1,0
BRDA:28,2,2,0
BRDA:65,3,0,0
BRDA:65,3,1,0
BRDA:87,4,0,0
BRDA:87,4,1,0
BRDA:93,5,0,0
BRDA:93,5,1,0
BRDA:113,6,0,0
BRDA:113,6,1,0
BRDA:147,7,0,0
BRDA:147,8,0,0
BRDA:147,9,0,0
BRDA:150,10,0,0
BRDA:150,10,1,0
BRDA:150,11,0,0
BRDA:150,11,1,0
BRDA:150,11,2,0
BRDA:176,12,0,0
BRDA:176,12,1,0
BRDA:177,13,0,0
BRDA:177,13,1,0
BRDA:178,14,0,0
BRDA:178,14,1,0
BRDA:182,15,0,0
BRDA:182,15,1,0
BRDA:199,16,0,0
BRDA:199,16,1,0
BRDA:202,17,0,0
BRDA:202,17,1,0
BRDA:208,18,0,0
BRDA:208,18,1,0
BRDA:214,19,0,0
BRDA:214,19,1,0
BRDA:215,20,0,0
BRDA:215,20,1,0
BRDA:225,21,0,0
BRDA:225,21,1,0
BRDA:225,22,0,0
BRDA:225,22,1,0
BRDA:230,23,0,0
BRDA:230,23,1,0
BRDA:238,24,0,0
BRDA:238,24,1,0
BRDA:244,25,0,0
BRDA:244,25,1,0
BRDA:245,26,0,0
BRDA:245,26,1,0
BRDA:246,27,0,0
BRDA:246,27,1,0
BRDA:247,28,0,0
BRDA:247,28,1,0
BRDA:248,29,0,0
BRDA:248,29,1,0
BRDA:249,30,0,0
BRDA:249,30,1,0
BRDA:253,31,0,0
BRDA:253,31,1,0
BRDA:254,32,0,0
BRDA:254,32,1,0
BRDA:271,33,0,0
BRDA:271,33,1,0
BRF:67
BRH:0
end_of_record
TN:
SF:src\common\fishery-client\adapters\fishery-mock-adapter.ts
FN:9,(anonymous_1)
FN:18,(anonymous_2)
FN:21,(anonymous_3)
FN:24,(anonymous_4)
FN:27,(anonymous_5)
FN:30,(anonymous_6)
FN:32,(anonymous_7)
FN:35,(anonymous_8)
FN:39,(anonymous_9)
FN:42,(anonymous_10)
FN:46,(anonymous_11)
FN:53,(anonymous_12)
FN:61,(anonymous_13)
FN:70,(anonymous_14)
FN:104,(anonymous_15)
FN:113,(anonymous_16)
FN:132,(anonymous_17)
FNF:17
FNH:0
FNDA:0,(anonymous_1)
FNDA:0,(anonymous_2)
FNDA:0,(anonymous_3)
FNDA:0,(anonymous_4)
FNDA:0,(anonymous_5)
FNDA:0,(anonymous_6)
FNDA:0,(anonymous_7)
FNDA:0,(anonymous_8)
FNDA:0,(anonymous_9)
FNDA:0,(anonymous_10)
FNDA:0,(anonymous_11)
FNDA:0,(anonymous_12)
FNDA:0,(anonymous_13)
FNDA:0,(anonymous_14)
FNDA:0,(anonymous_15)
FNDA:0,(anonymous_16)
FNDA:0,(anonymous_17)
DA:1,0
DA:2,0
DA:4,0
DA:5,0
DA:6,0
DA:9,0
DA:10,0
DA:11,0
DA:16,0
DA:19,0
DA:20,0
DA:21,0
DA:25,0
DA:26,0
DA:27,0
DA:31,0
DA:32,0
DA:36,0
DA:37,0
DA:39,0
DA:43,0
DA:44,0
DA:46,0
DA:47,0
DA:48,0
DA:49,0
DA:54,0
DA:56,0
DA:62,0
DA:63,0
DA:64,0
DA:65,0
DA:67,0
DA:68,0
DA:70,0
DA:99,0
DA:100,0
DA:105,0
DA:106,0
DA:107,0
DA:108,0
DA:110,0
DA:111,0
DA:113,0
DA:127,0
DA:128,0
DA:133,0
LF:47
LH:0
BRDA:21,0,0,0
BRDA:21,0,1,0
BRDA:27,1,0,0
BRDA:27,1,1,0
BRDA:32,2,0,0
BRDA:32,2,1,0
BRDA:39,3,0,0
BRDA:39,3,1,0
BRDA:48,4,0,0
BRDA:48,4,1,0
BRDA:49,5,0,0
BRDA:49,5,1,0
BRDA:68,6,0,0
BRDA:68,6,1,0
BRDA:76,7,0,0
BRDA:76,7,1,0
BRDA:82,8,0,0
BRDA:82,8,1,0
BRDA:83,9,0,0
BRDA:83,9,1,0
BRDA:84,10,0,0
BRDA:84,10,1,0
BRDA:85,11,0,0
BRDA:85,11,1,0
BRDA:86,12,0,0
BRDA:86,12,1,0
BRDA:87,13,0,0
BRDA:87,13,1,0
BRDA:91,14,0,0
BRDA:91,14,1,0
BRDA:92,15,0,0
BRDA:92,15,1,0
BRDA:94,16,0,0
BRDA:94,16,1,0
BRDA:111,17,0,0
BRDA:111,17,1,0
BRDA:121,18,0,0
BRDA:121,18,1,0
BRDA:122,19,0,0
BRDA:122,19,1,0
BRDA:123,20,0,0
BRDA:123,20,1,0
BRF:42
BRH:0
end_of_record
TN:
SF:src\common\fishery-client\interfaces\fishery-client.interface.ts
FNF:0
FNH:0
DA:8,0
LF:1
LH:0
BRF:0
BRH:0
end_of_record
TN:
SF:src\common\middlewares\user-context.middleware.ts
FN:15,(anonymous_1)
FN:17,(anonymous_2)
FNF:2
FNH:0
FNDA:0,(anonymous_1)
FNDA:0,(anonymous_2)
DA:2,5
DA:4,5
DA:11,5
DA:14,5
DA:17,0
LF:5
LH:4
BRF:0
BRH:0
end_of_record
TN:
SF:src\common\services\event-correlation.service.ts
FN:6,(anonymous_2)
FN:31,(anonymous_3)
FN:37,(anonymous_4)
FN:57,(anonymous_5)
FN:58,(anonymous_6)
FN:90,(anonymous_7)
FN:120,(anonymous_8)
FN:160,(anonymous_9)
FN:171,(anonymous_10)
FN:171,(anonymous_11)
FN:201,(anonymous_12)
FN:218,(anonymous_13)
FN:219,(anonymous_14)
FN:235,(anonymous_15)
FN:264,(anonymous_16)
FNF:15
FNH:0
FNDA:0,(anonymous_2)
FNDA:0,(anonymous_3)
FNDA:0,(anonymous_4)
FNDA:0,(anonymous_5)
FNDA:0,(anonymous_6)
FNDA:0,(anonymous_7)
FNDA:0,(anonymous_8)
FNDA:0,(anonymous_9)
FNDA:0,(anonymous_10)
FNDA:0,(anonymous_11)
FNDA:0,(anonymous_12)
FNDA:0,(anonymous_13)
FNDA:0,(anonymous_14)
FNDA:0,(anonymous_15)
FNDA:0,(anonymous_16)
DA:1,0
DA:2,0
DA:3,0
DA:4,0
DA:6,0
DA:7,0
DA:8,0
DA:9,0
DA:10,0
DA:11,0
DA:12,0
DA:13,0
DA:26,0
DA:27,0
DA:28,0
DA:29,0
DA:31,0
DA:38,0
DA:39,0
DA:42,0
DA:55,0
DA:57,0
DA:58,0
DA:62,0
DA:66,0
DA:71,0
DA:74,0
DA:75,0
DA:79,0
DA:80,0
DA:81,0
DA:82,0
DA:85,0
DA:86,0
DA:87,0
DA:88,0
DA:89,0
DA:90,0
DA:91,0
DA:94,0
DA:95,0
DA:100,0
DA:101,0
DA:103,0
DA:105,0
DA:110,0
DA:111,0
DA:114,0
DA:118,0
DA:120,0
DA:121,0
DA:122,0
DA:126,0
DA:127,0
DA:128,0
DA:129,0
DA:131,0
DA:132,0
DA:133,0
DA:138,0
DA:140,0
DA:144,0
DA:145,0
DA:146,0
DA:149,0
DA:151,0
DA:152,0
DA:160,0
DA:161,0
DA:162,0
DA:164,0
DA:167,0
DA:168,0
DA:171,0
DA:174,0
DA:175,0
DA:176,0
DA:180,0
DA:181,0
DA:182,0
DA:185,0
DA:194,0
DA:202,0
DA:216,0
DA:218,0
DA:219,0
DA:221,0
DA:223,0
DA:227,0
DA:236,0
DA:238,0
DA:240,0
DA:241,0
DA:242,0
DA:244,0
DA:247,0
DA:249,0
DA:253,0
DA:256,0
DA:265,0
DA:266,0
DA:269,0
DA:275,0
DA:285,0
LF:104
LH:0
BRDA:6,0,0,0
BRDA:6,0,1,0
BRDA:28,1,0,0
BRDA:28,1,1,0
BRDA:37,2,0,0
BRDA:38,3,0,0
BRDA:38,3,1,0
BRDA:55,4,0,0
BRDA:55,4,1,0
BRDA:62,5,0,0
BRDA:62,5,1,0
BRDA:63,6,0,0
BRDA:63,6,1,0
BRDA:64,7,0,0
BRDA:64,7,1,0
BRDA:66,8,0,0
BRDA:66,8,1,0
BRDA:74,9,0,0
BRDA:74,9,1,0
BRDA:80,10,0,0
BRDA:80,10,1,0
BRDA:81,11,0,0
BRDA:81,11,1,0
BRDA:82,12,0,0
BRDA:82,12,1,0
BRDA:85,13,0,0
BRDA:85,13,1,0
BRDA:85,14,0,0
BRDA:85,14,1,0
BRDA:87,15,0,0
BRDA:87,15,1,0
BRDA:87,16,0,0
BRDA:87,16,1,0
BRDA:89,17,0,0
BRDA:89,17,1,0
BRDA:91,18,0,0
BRDA:91,18,1,0
BRDA:94,19,0,0
BRDA:94,19,1,0
BRDA:94,20,0,0
BRDA:94,20,1,0
BRDA:94,20,2,0
BRDA:103,21,0,0
BRDA:103,21,1,0
BRDA:110,22,0,0
BRDA:110,22,1,0
BRDA:110,23,0,0
BRDA:110,23,1,0
[...]
BRDA:2162,317,0,0
BRDA:2162,317,1,0
BRDA:2171,318,0,0
BRDA:2171,318,1,0
BRDA:2176,319,0,0
BRDA:2176,319,1,0
BRDA:2206,320,0,0
BRDA:2206,320,1,0
BRDA:2224,321,0,0
BRDA:2224,321,1,0
BRDA:2225,322,0,0
BRDA:2225,322,1,0
BRDA:2231,323,0,0
BRDA:2231,323,1,0
BRDA:2234,324,0,0
BRDA:2234,324,1,0
BRDA:2268,325,0,0
BRDA:2268,325,1,0
BRDA:2272,326,0,0
BRDA:2272,326,1,0
BRDA:2273,327,0,0
BRDA:2273,327,1,0
BRDA:2274,328,0,0
BRDA:2274,328,1,0
BRDA:2281,329,0,0
BRDA:2281,329,1,0
BRDA:2282,330,0,0
BRDA:2282,330,1,0
BRDA:2283,331,0,0
BRDA:2283,331,1,0
BRDA:2284,332,0,0
BRDA:2284,332,1,0
BRDA:2284,332,2,0
BRDA:2285,333,0,0
BRDA:2285,333,1,0
BRDA:2286,334,0,0
BRDA:2286,334,1,0
BRDA:2287,335,0,0
BRDA:2287,335,1,0
BRDA:2288,336,0,0
BRDA:2288,336,1,0
BRDA:2294,337,0,0
BRDA:2294,337,1,0
BRDA:2295,338,0,0
BRDA:2295,338,1,0
BRDA:2296,339,0,0
BRDA:2296,339,1,0
BRDA:2297,340,0,0
BRDA:2297,340,1,0
BRDA:2303,341,0,0
BRDA:2303,341,1,0
BRDA:2310,342,0,0
BRDA:2310,342,1,0
BRDA:2310,343,0,0
BRDA:2310,343,1,0
BRDA:2318,344,0,0
BRDA:2318,344,1,0
BRDA:2321,345,0,0
BRDA:2321,345,1,0
BRDA:2323,346,0,0
BRDA:2323,346,1,0
BRDA:2328,347,0,0
BRDA:2328,347,1,0
BRDA:2330,348,0,0
BRDA:2330,348,1,0
BRDA:2331,349,0,0
BRDA:2331,349,1,0
BRDA:2368,350,0,0
BRDA:2369,351,0,0
BRDA:2377,352,0,0
BRDA:2377,352,1,0
BRDA:2380,353,0,0
BRDA:2380,353,1,0
BRDA:2380,354,0,0
BRDA:2380,354,1,0
BRDA:2442,355,0,0
BRDA:2442,355,1,0
BRDA:2472,356,0,0
BRDA:2472,356,1,0
BRDA:2479,357,0,0
BRDA:2479,357,1,0
BRDA:2528,358,0,0
BRDA:2528,358,1,0
BRDA:2541,359,0,0
BRDA:2541,359,1,0
BRDA:2542,360,0,0
BRDA:2542,360,1,0
BRDA:2548,361,0,0
BRDA:2548,361,1,0
BRDA:2549,362,0,0
BRDA:2549,362,1,0
BRDA:2553,363,0,0
BRDA:2553,363,1,0
BRDA:2553,364,0,0
BRDA:2553,364,1,0
BRDA:2553,364,2,0
BRDA:2557,365,0,0
BRDA:2557,365,1,0
BRDA:2557,366,0,0
BRDA:2557,366,1,0
BRDA:2557,366,2,0
BRDA:2564,367,0,0
BRDA:2564,367,1,0
BRDA:2566,368,0,0
BRDA:2566,368,1,0
BRDA:2568,369,0,0
BRDA:2568,369,1,0
BRDA:2584,370,0,0
BRDA:2584,370,1,0
BRDA:2585,371,0,0
BRDA:2585,371,1,0
BRDA:2587,372,0,0
BRDA:2587,372,1,0
BRDA:2590,373,0,0
BRDA:2590,373,1,0
BRDA:2613,374,0,0
BRDA:2613,374,1,0
BRDA:2613,375,0,0
BRDA:2613,375,1,0
BRDA:2613,375,2,0
BRDA:2661,376,0,0
BRDA:2661,376,1,0
BRDA:2664,377,0,0
BRDA:2664,377,1,0
BRDA:2672,378,0,0
BRDA:2672,378,1,0
BRDA:2742,379,0,0
BRDA:2742,379,1,0
BRDA:2834,380,0,0
BRDA:2834,380,1,0
BRDA:2883,381,0,0
BRDA:2883,381,1,0
BRDA:2884,382,0,0
BRDA:2884,382,1,0
BRDA:2887,383,0,0
BRDA:2887,383,1,0
BRDA:2894,384,0,0
BRDA:2894,384,1,0
BRDA:2895,385,0,0
BRDA:2895,385,1,0
BRDA:2898,386,0,0
BRDA:2898,386,1,0
BRDA:2899,387,0,0
BRDA:2899,387,1,0
BRDA:2900,388,0,0
BRDA:2900,388,1,0
BRDA:2903,389,0,0
BRDA:2903,389,1,0
BRDA:2903,390,0,0
BRDA:2903,390,1,0
BRDA:2904,391,0,0
BRDA:2904,391,1,0
BRDA:2904,392,0,0
BRDA:2904,392,1,0
BRDA:2913,393,0,0
BRDA:2913,393,1,0
BRDA:2915,394,0,0
BRDA:2915,394,1,0
BRDA:2918,395,0,0
BRDA:2918,395,1,0
BRDA:2919,396,0,0
BRDA:2919,396,1,0
BRDA:2920,397,0,0
BRDA:2920,397,1,0
BRDA:2921,398,0,0
BRDA:2921,398,1,0
BRDA:2922,399,0,0
BRDA:2922,399,1,0
BRDA:2923,400,0,0
BRDA:2923,400,1,0
BRDA:2924,401,0,0
BRDA:2924,401,1,0
BRDA:2935,402,0,0
BRDA:2935,402,1,0
BRDA:2935,403,0,0
BRDA:2935,403,1,0
BRDA:2939,404,0,0
BRDA:2939,404,1,0
BRDA:2940,405,0,0
BRDA:2940,405,1,0
BRDA:2967,406,0,0
BRDA:2967,406,1,0
BRDA:2967,407,0,0
BRDA:2967,407,1,0
BRDA:2986,408,0,0
BRDA:2986,408,1,0
BRDA:2988,409,0,0
BRDA:2988,409,1,0
BRDA:3023,410,0,0
BRDA:3023,410,1,0
BRDA:3048,411,0,0
BRDA:3048,411,1,0
BRDA:3079,412,0,0
BRDA:3079,412,1,0
BRDA:3080,413,0,0
BRDA:3080,413,1,0
BRDA:3087,414,0,0
BRDA:3087,414,1,0
BRDA:3090,415,0,0
BRDA:3090,415,1,0
BRDA:3096,416,0,0
BRDA:3096,416,1,0
BRDA:3101,417,0,0
BRDA:3101,417,1,0
BRDA:3104,418,0,0
BRDA:3104,418,1,0
BRDA:3113,419,0,0
BRDA:3113,419,1,0
BRDA:3114,420,0,0
BRDA:3114,420,1,0
BRDA:3115,421,0,0
BRDA:3115,421,1,0
BRDA:3162,422,0,0
BRDA:3162,422,1,0
BRDA:3167,423,0,0
BRDA:3167,423,1,0
BRDA:3168,424,0,0
BRDA:3168,424,1,0
BRDA:3169,425,0,0
BRDA:3169,425,1,0
BRDA:3171,426,0,0
BRDA:3171,426,1,0
BRDA:3171,427,0,0
BRDA:3171,427,1,0
BRDA:3179,428,0,0
BRDA:3179,428,1,0
BRDA:3181,429,0,0
BRDA:3181,429,1,0
BRDA:3182,430,0,0
BRDA:3182,430,1,0
BRDA:3193,431,0,0
BRDA:3193,431,1,0
BRDA:3194,432,0,0
BRDA:3194,432,1,0
BRDA:3195,433,0,0
BRDA:3195,433,1,0
BRDA:3198,434,0,0
BRDA:3198,434,1,0
BRDA:3204,435,0,0
BRDA:3204,435,1,0
BRDA:3204,436,0,0
BRDA:3204,436,1,0
BRDA:3208,437,0,0
BRDA:3208,437,1,0
BRDA:3209,438,0,0
BRDA:3209,438,1,0
BRDA:3289,439,0,0
BRDA:3289,439,1,0
BRDA:3295,440,0,0
BRDA:3295,440,1,0
BRDA:3325,441,0,0
BRDA:3325,441,1,0
BRDA:3345,442,0,0
BRDA:3345,442,1,0
BRDA:3345,443,0,0
BRDA:3345,443,1,0
BRDA:3347,444,0,0
BRDA:3347,444,1,0
BRDA:3347,445,0,0
BRDA:3347,445,1,0
BRDA:3358,446,0,0
BRDA:3358,446,1,0
BRDA:3369,447,0,0
BRDA:3369,447,1,0
BRDA:3392,448,0,0
BRDA:3392,448,1,0
BRDA:3392,449,0,0
BRDA:3392,449,1,0
BRDA:3421,450,0,0
BRDA:3421,450,1,0
BRDA:3463,451,0,0
BRDA:3463,451,1,0
BRDA:3463,452,0,0
BRDA:3463,452,1,0
BRDA:3464,453,0,0
BRDA:3464,453,1,0
BRDA:3464,454,0,0
BRDA:3464,454,1,0
BRDA:3465,455,0,0
BRDA:3465,455,1,0
BRDA:3465,456,0,0
BRDA:3465,456,1,0
BRDA:3466,457,0,0
BRDA:3466,457,1,0
BRDA:3466,458,0,0
BRDA:3466,458,1,0
BRDA:3468,459,0,0
BRDA:3468,459,1,0
BRDA:3468,460,0,0
BRDA:3468,460,1,0
BRDA:3520,461,0,0
BRDA:3520,461,1,0
BRDA:3520,462,0,0
BRDA:3520,462,1,0
BRDA:3543,463,0,0
BRDA:3543,463,1,0
BRDA:3557,464,0,0
BRDA:3557,464,1,0
BRDA:3688,465,0,0
BRDA:3688,465,1,0
BRDA:3727,466,0,0
BRDA:3727,466,1,0
BRDA:3727,467,0,0
BRDA:3727,467,1,0
BRDA:3738,468,0,0
BRDA:3738,468,1,0
BRDA:3739,469,0,0
BRDA:3739,469,1,0
BRDA:3740,470,0,0
BRDA:3740,470,1,0
BRDA:3746,471,0,0
BRDA:3746,471,1,0
BRDA:3773,472,0,0
BRDA:3773,472,1,0
BRDA:3811,473,0,0
BRDA:3811,473,1,0
BRDA:3811,474,0,0
BRDA:3811,474,1,0
BRDA:3822,475,0,0
BRDA:3822,475,1,0
BRDA:3823,476,0,0
BRDA:3823,476,1,0
BRDA:3824,477,0,0
BRDA:3824,477,1,0
BRDA:3830,478,0,0
BRDA:3830,478,1,0
BRDA:3887,479,0,0
BRDA:3887,479,1,0
BRDA:3888,480,0,0
BRDA:3888,480,1,0
BRDA:3907,481,0,0
BRDA:3907,481,1,0
BRDA:3917,482,0,0
BRDA:3917,482,1,0
BRDA:3923,483,0,0
BRDA:3923,483,1,0
BRDA:3963,484,0,0
BRDA:3963,484,1,0
BRDA:3992,485,0,0
BRDA:3992,485,1,0
BRDA:4002,486,0,0
BRDA:4002,486,1,0
BRDA:4002,487,0,0
BRDA:4002,487,1,0
BRDA:4005,488,0,0
BRDA:4005,488,1,0
BRDA:4060,489,0,0
BRDA:4060,489,1,0
BRDA:4061,490,0,0
BRDA:4061,490,1,0
BRDA:4096,491,0,0
BRDA:4096,491,1,0
BRDA:4101,492,0,0
BRDA:4101,492,1,0
BRDA:4114,493,0,0
BRDA:4117,494,0,0
BRDA:4117,494,1,0
BRDA:4119,495,0,0
BRDA:4119,495,1,0
BRDA:4194,496,0,0
BRDA:4194,496,1,0
BRDA:4194,497,0,0
BRDA:4194,497,1,0
BRDA:4198,498,0,0
BRDA:4198,498,1,0
BRDA:4198,499,0,0
BRDA:4198,499,1,0
BRDA:4208,500,0,0
BRDA:4208,500,1,0
BRDA:4210,501,0,0
BRDA:4210,501,1,0
BRDA:4212,502,0,0
BRDA:4212,502,1,0
BRDA:4214,503,0,0
BRDA:4214,503,1,0
BRDA:4215,504,0,0
BRDA:4215,504,1,0
BRDA:4219,505,0,0
BRDA:4219,505,1,0
BRDA:4220,506,0,0
BRDA:4220,506,1,0
BRDA:4221,507,0,0
BRDA:4221,507,1,0
BRDA:4238,508,0,0
BRDA:4238,508,1,0
BRDA:4238,509,0,0
BRDA:4238,509,1,0
BRDA:4248,510,0,0
BRDA:4248,510,1,0
BRDA:4252,511,0,0
BRDA:4252,511,1,0
BRDA:4254,512,0,0
BRDA:4254,512,1,0
BRDA:4256,513,0,0
BRDA:4256,513,1,0
BRDA:4257,514,0,0
BRDA:4257,514,1,0
BRDA:4261,515,0,0
BRDA:4261,515,1,0
BRDA:4262,516,0,0
BRDA:4262,516,1,0
BRDA:4263,517,0,0
BRDA:4263,517,1,0
BRDA:4265,518,0,0
BRDA:4265,518,1,0
BRDA:4268,519,0,0
BRDA:4268,519,1,0
BRDA:4271,520,0,0
BRDA:4271,520,1,0
BRDA:4294,521,0,0
BRDA:4294,521,1,0
BRDA:4297,522,0,0
BRDA:4297,522,1,0
BRDA:4301,523,0,0
BRDA:4301,523,1,0
BRDA:4301,524,0,0
BRDA:4301,524,1,0
BRDA:4313,525,0,0
BRDA:4313,525,1,0
BRDA:4316,526,0,0
BRDA:4316,526,1,0
BRDA:4325,527,0,0
BRDA:4325,527,1,0
BRDA:4328,528,0,0
BRDA:4328,528,1,0
BRDA:4356,529,0,0
BRDA:4359,530,0,0
BRDA:4359,530,1,0
BRDA:4360,531,0,0
BRDA:4360,531,1,0
BRDA:4363,532,0,0
BRDA:4363,532,1,0
BRDA:4365,533,0,0
BRDA:4365,533,1,0
BRDA:4423,534,0,0
BRDA:4423,534,1,0
BRDA:4423,535,0,0
BRDA:4423,535,1,0
BRDA:4430,536,0,0
BRDA:4430,536,1,0
BRDA:4430,537,0,0
BRDA:4430,537,1,0
BRDA:4434,538,0,0
BRDA:4434,538,1,0
BRDA:4434,539,0,0
BRDA:4434,539,1,0
BRDA:4435,540,0,0
BRDA:4435,540,1,0
BRDA:4437,541,0,0
BRDA:4437,541,1,0
BRDA:4453,542,0,0
BRDA:4453,542,1,0
BRDA:4454,543,0,0
BRDA:4454,543,1,0
BRDA:4455,544,0,0
BRDA:4455,544,1,0
BRDA:4455,544,2,0
BRDA:4456,545,0,0
BRDA:4456,545,1,0
BRDA:4460,546,0,0
BRDA:4460,546,1,0
BRDA:4461,547,0,0
BRDA:4461,547,1,0
BRDA:4462,548,0,0
BRDA:4462,548,1,0
BRDA:4463,549,0,0
BRDA:4463,549,1,0
BRDA:4463,550,0,0
BRDA:4463,550,1,0
BRDA:4472,551,0,0
BRDA:4472,551,1,0
BRDA:4472,551,2,0
BRDA:4476,552,0,0
BRDA:4476,552,1,0
BRDA:4476,552,2,0
BRDA:4481,553,0,0
BRDA:4481,553,1,0
BRDA:4483,554,0,0
BRDA:4483,554,1,0
BRDA:4485,555,0,0
BRDA:4485,555,1,0
BRDA:4490,556,0,0
BRDA:4490,556,1,0
BRDA:4491,557,0,0
BRDA:4491,557,1,0
BRDA:4491,557,2,0
BRDA:4493,558,0,0
BRDA:4493,558,1,0
BRDA:4494,559,0,0
BRDA:4494,559,1,0
BRDA:4496,560,0,0
BRDA:4496,560,1,0
BRDA:4496,561,0,0
BRDA:4496,561,1,0
BRDA:4496,561,2,0
BRDA:4498,562,0,0
BRDA:4498,562,1,0
BRDA:4501,563,0,0
BRDA:4501,563,1,0
BRDA:4503,564,0,0
BRDA:4503,564,1,0
BRDA:4505,565,0,0
BRDA:4505,565,1,0
BRDA:4507,566,0,0
BRDA:4507,566,1,0
BRDA:4526,567,0,0
BRDA:4528,568,0,0
BRDA:4528,568,1,0
BRDA:4529,569,0,0
BRDA:4529,569,1,0
BRDA:4532,570,0,0
BRDA:4532,570,1,0
BRDA:4535,571,0,0
BRDA:4535,571,1,0
BRDA:4584,572,0,0
BRDA:4584,572,1,0
BRDA:4585,573,0,0
BRDA:4585,573,1,0
BRDA:4586,574,0,0
BRDA:4586,574,1,0
BRDA:4587,575,0,0
BRDA:4587,575,1,0
BRDA:4588,576,0,0
BRDA:4588,576,1,0
BRDA:4593,577,0,0
BRDA:4593,577,1,0
BRDA:4597,578,0,0
BRDA:4597,578,1,0
BRDA:4598,579,0,0
BRDA:4598,579,1,0
BRDA:4601,580,0,0
BRDA:4601,580,1,0
BRDA:4605,581,0,0
BRDA:4605,581,1,0
BRDA:4606,582,0,0
BRDA:4606,582,1,0
BRDA:4611,583,0,0
BRDA:4611,583,1,0
BRDA:4618,584,0,0
BRDA:4618,584,1,0
BRDA:4625,585,0,0
BRDA:4625,585,1,0
BRDA:4626,586,0,0
BRDA:4626,586,1,0
BRDA:4628,587,0,0
BRDA:4628,587,1,0
BRDA:4628,588,0,0
BRDA:4628,588,1,0
BRDA:4658,589,0,0
BRDA:4658,589,1,0
BRDA:4659,590,0,0
BRDA:4659,590,1,0
BRDA:4660,591,0,0
BRDA:4660,591,1,0
BRDA:4664,592,0,0
BRDA:4664,592,1,0
BRDA:4665,593,0,0
BRDA:4665,593,1,0
BRDA:4666,594,0,0
BRDA:4666,594,1,0
BRDA:4680,595,0,0
BRDA:4680,595,1,0
BRDA:4700,596,0,0
BRDA:4700,596,1,0
BRDA:4709,597,0,0
BRDA:4709,597,1,0
BRDA:4714,598,0,0
BRDA:4714,598,1,0
BRDA:4719,599,0,0
BRDA:4719,599,1,0
BRDA:4720,600,0,0
BRDA:4720,600,1,0
BRDA:4720,600,2,0
BRDA:4723,601,0,0
BRDA:4723,601,1,0
BRDA:4729,602,0,0
BRDA:4729,602,1,0
BRDA:4730,603,0,0
BRDA:4730,603,1,0
BRDA:4730,604,0,0
BRDA:4730,604,1,0
BRDA:4732,605,0,0
BRDA:4732,605,1,0
BRDA:4732,606,0,0
BRDA:4732,606,1,0
BRDA:4739,607,0,0
BRDA:4739,607,1,0
BRDA:4741,608,0,0
BRDA:4741,608,1,0
BRDA:4748,609,0,0
BRDA:4748,609,1,0
BRDA:4748,610,0,0
BRDA:4748,610,1,0
BRDA:4748,610,2,0
BRDA:4748,610,3,0
BRDA:4750,611,0,0
BRDA:4750,611,1,0
BRDA:4825,612,0,0
BRDA:4825,612,1,0
BRDA:4827,613,0,0
BRDA:4827,613,1,0
BRF:1241
BRH:0
end_of_record
TN:
SF:src\stats\dto\get-stats.dto.ts
FN:5,(anonymous_2)
FN:10,(anonymous_3)
FN:15,(anonymous_4)
FN:30,(anonymous_5)
FN:32,(anonymous_6)
FN:41,(anonymous_7)
FN:46,(anonymous_8)
FN:55,(anonymous_9)
FN:88,(anonymous_10)
FN:93,(anonymous_11)
FN:98,(anonymous_12)
FNF:11
FNH:0
FNDA:0,(anonymous_2)
FNDA:0,(anonymous_3)
FNDA:0,(anonymous_4)
FNDA:0,(anonymous_5)
FNDA:0,(anonymous_6)
FNDA:0,(anonymous_7)
FNDA:0,(anonymous_8)
FNDA:0,(anonymous_9)
FNDA:0,(anonymous_10)
FNDA:0,(anonymous_11)
FNDA:0,(anonymous_12)
DA:2,0
DA:3,0
DA:5,0
DA:6,0
DA:7,0
DA:10,0
DA:11,0
DA:12,0
DA:15,0
DA:16,0
DA:17,0
DA:18,0
DA:19,0
DA:20,0
DA:21,0
DA:22,0
DA:23,0
DA:24,0
DA:25,0
DA:26,0
DA:27,0
DA:30,0
DA:32,0
DA:33,0
DA:37,0
DA:41,0
DA:42,0
DA:46,0
DA:47,0
DA:51,0
DA:55,0
DA:56,0
DA:60,0
DA:64,0
DA:68,0
DA:72,0
DA:76,0
DA:80,0
DA:84,0
DA:88,0
DA:89,0
DA:93,0
DA:94,0
DA:98,0
DA:99,0
LF:45
LH:0
BRDA:5,0,0,0
BRDA:5,0,1,0
BRDA:10,1,0,0
BRDA:10,1,1,0
BRDA:15,2,0,0
BRDA:15,2,1,0
BRF:6
BRH:0
end_of_record
TN:
SF:src\users\users.controller.ts
FN:16,(anonymous_4)
FN:22,(anonymous_5)
FN:27,(anonymous_6)
FN:35,(anonymous_7)
FN:44,(anonymous_8)
FN:50,(anonymous_9)
FN:56,(anonymous_10)
FN:71,(anonymous_11)
FN:85,(anonymous_12)
FNF:9
FNH:0
FNDA:0,(anonymous_4)
FNDA:0,(anonymous_5)
FNDA:0,(anonymous_6)
FNDA:0,(anonymous_7)
FNDA:0,(anonymous_8)
FNDA:0,(anonymous_9)
FNDA:0,(anonymous_10)
FNDA:0,(anonymous_11)
FNDA:0,(anonymous_12)
DA:1,0
DA:2,0
DA:3,0
DA:5,0
DA:6,0
DA:8,0
DA:9,0
DA:10,0
DA:11,0
DA:15,0
DA:17,0
DA:18,0
DA:22,0
DA:23,0
DA:27,0
DA:31,0
DA:35,0
DA:39,0
DA:44,0
DA:45,0
DA:50,0
DA:51,0
DA:56,0
DA:61,0
DA:71,0
DA:75,0
DA:85,0
DA:89,0
LF:28
LH:0
BRF:0
BRH:0
end_of_record
TN:
SF:src\users\users.module.ts
FNF:0
FNH:0
DA:1,0
DA:2,0
DA:3,0
DA:4,0
DA:5,0
DA:6,0
DA:7,0
DA:8,0
DA:22,0
LF:9
LH:0
BRF:0
BRH:0
end_of_record
TN:
SF:src\users\users.service.ts
FN:10,(anonymous_2)
FN:15,(anonymous_3)
FN:31,(anonymous_4)
FN:60,(anonymous_5)
FN:70,(anonymous_6)
FN:85,(anonymous_7)
FN:103,(anonymous_8)
FN:136,(anonymous_9)
FN:150,(anonymous_10)
FN:163,(anonymous_11)
FNF:10
FNH:0
FNDA:0,(anonymous_2)
FNDA:0,(anonymous_3)
FNDA:0,(anonymous_4)
FNDA:0,(anonymous_5)
FNDA:0,(anonymous_6)
FNDA:0,(anonymous_7)
FNDA:0,(anonymous_8)
FNDA:0,(anonymous_9)
FNDA:0,(anonymous_10)
FNDA:0,(anonymous_11)
DA:1,0
DA:2,0
DA:4,0
DA:6,0
DA:9,0
DA:11,0
DA:12,0
DA:16,0
DA:17,0
DA:24,0
DA:25,0
DA:27,0
DA:32,0
DA:40,0
DA:44,0
DA:46,0
DA:47,0
DA:50,0
DA:52,0
DA:57,0
DA:61,0
DA:66,0
DA:67,0
DA:71,0
DA:86,0
DA:87,0
DA:89,0
DA:96,0
DA:97,0
DA:99,0
DA:104,0
DA:107,0
DA:109,0
DA:110,0
DA:113,0
DA:114,0
DA:118,0
DA:119,0
DA:120,0
DA:121,0
DA:124,0
DA:129,0
DA:130,0
DA:132,0
DA:137,0
DA:138,0
DA:141,0
DA:142,0
DA:144,0
DA:151,0
DA:152,0
DA:156,0
DA:157,0
DA:159,0
DA:164,0
DA:165,0
DA:167,0
DA:168,0
LF:58
LH:0
BRDA:44,0,0,0
BRDA:44,0,1,0
BRDA:46,1,0,0
BRDA:46,1,1,0
BRDA:107,2,0,0
BRDA:107,2,1,0
BRDA:109,3,0,0
BRDA:109,3,1,0
BRDA:109,4,0,0
BRDA:109,4,1,0
BRDA:113,5,0,0
BRDA:113,5,1,0
BRDA:120,6,0,0
BRDA:120,6,1,0
BRDA:137,7,0,0
BRDA:137,7,1,0
BRDA:142,8,0,0
BRDA:142,8,1,0
BRDA:151,9,0,0
BRDA:151,9,1,0
BRDA:164,10,0,0
BRDA:164,10,1,0
BRF:22
BRH:0
end_of_record
TN:
SF:src\users\dto\admin-update-user.dto.ts
FNF:0
FNH:0
DA:1,0
DA:2,0
DA:4,0
LF:3
LH:0
BRF:0
BRH:0
end_of_record
TN:
SF:src\users\dto\change-password.dto.ts
FNF:0
FNH:0
DA:1,0
DA:3,0
DA:6,0
DA:10,0
LF:4
LH:0
BRF:0
BRH:0
end_of_record
TN:
SF:src\users\dto\create-user.dto.ts
FNF:0
FNH:0
DA:1,0
DA:3,0
DA:6,0
DA:9,0
DA:14,0
DA:19,0
DA:23,0
DA:27,0
LF:8
LH:0
BRF:0
BRH:0
end_of_record
TN:
SF:src\users\dto\index.ts
FNF:0
FNH:0
DA:1,0
DA:2,0
DA:3,0
DA:4,0
LF:4
LH:0
BRF:0
BRH:0
end_of_record
TN:
SF:src\users\dto\update-user.dto.ts
FNF:0
FNH:0
DA:1,0
DA:3,0
DA:7,0
DA:11,0
DA:15,0
LF:5
LH:0
BRF:0
BRH:0
end_of_record
TN:
SF:src\utils\migration\import-all-mareas.ts
FN:12,expandEnv
FN:14,(anonymous_1)
FN:25,main
FN:33,(anonymous_3)
FN:65,(anonymous_4)
FN:65,(anonymous_5)
FN:70,(anonymous_6)
FN:126,(anonymous_7)
FN:139,(anonymous_8)
FN:147,(anonymous_9)
FN:156,(anonymous_10)
FN:196,(anonymous_11)
FN:216,(anonymous_12)
FNF:13
FNH:0
FNDA:0,expandEnv
FNDA:0,(anonymous_1)
FNDA:0,main
FNDA:0,(anonymous_3)
FNDA:0,(anonymous_4)
FNDA:0,(anonymous_5)
FNDA:0,(anonymous_6)
FNDA:0,(anonymous_7)
FNDA:0,(anonymous_8)
FNDA:0,(anonymous_9)
FNDA:0,(anonymous_10)
FNDA:0,(anonymous_11)
FNDA:0,(anonymous_12)
DA:1,0
DA:2,0
DA:3,0
DA:4,0
DA:5,0
DA:6,0
DA:7,0
DA:8,0
DA:10,0
DA:13,0
DA:14,0
DA:18,0
DA:19,0
DA:20,0
DA:23,0
DA:26,0
DA:27,0
DA:28,0
DA:30,0
DA:31,0
DA:33,0
DA:34,0
DA:35,0
DA:36,0
DA:37,0
DA:40,0
DA:42,0
DA:43,0
DA:44,0
DA:46,0
DA:48,0
DA:49,0
DA:50,0
DA:53,0
DA:55,0
DA:56,0
DA:57,0
DA:58,0
DA:61,0
DA:62,0
DA:63,0
DA:65,0
DA:66,0
DA:67,0
DA:70,0
DA:72,0
DA:73,0
DA:77,0
DA:78,0
DA:79,0
DA:80,0
DA:82,0
DA:85,0
DA:87,0
DA:88,0
DA:91,0
DA:92,0
DA:93,0
DA:94,0
DA:95,0
DA:96,0
DA:97,0
DA:102,0
DA:104,0
DA:106,0
DA:107,0
DA:108,0
DA:110,0
DA:113,0
DA:115,0
DA:116,0
DA:117,0
DA:120,0
DA:122,0
DA:123,0
DA:125,0
DA:126,0
DA:127,0
DA:128,0
DA:129,0
DA:132,0
DA:133,0
DA:138,0
DA:139,0
DA:141,0
DA:142,0
DA:143,0
DA:144,0
DA:147,0
DA:148,0
DA:149,0
DA:150,0
DA:151,0
DA:155,0
DA:156,0
DA:158,0
DA:159,0
DA:160,0
DA:161,0
DA:163,0
DA:164,0
DA:165,0
DA:174,0
DA:175,0
DA:176,0
DA:177,0
DA:179,0
DA:180,0
DA:181,0
DA:183,0
DA:184,0
DA:185,0
DA:186,0
DA:187,0
DA:189,0
DA:190,0
DA:191,0
DA:196,0
DA:197,0
DA:198,0
DA:199,0
DA:202,0
DA:216,0
DA:229,0
DA:230,0
DA:231,0
DA:234,0
DA:238,0
DA:239,0
DA:240,0
DA:241,0
DA:242,0
DA:245,0
DA:246,0
DA:248,0
DA:249,0
DA:250,0
DA:254,0
LF:138
LH:0
BRDA:13,0,0,0
BRDA:13,0,1,0
BRDA:14,1,0,0
BRDA:14,1,1,0
BRDA:19,2,0,0
BRDA:19,2,1,0
BRDA:27,3,0,0
BRDA:27,3,1,0
BRDA:48,4,0,0
BRDA:48,4,1,0
BRDA:72,5,0,0
BRDA:72,5,1,0
BRDA:72,6,0,0
BRDA:72,6,1,0
BRDA:88,7,0,0
BRDA:88,7,1,0
BRDA:91,8,0,0
BRDA:91,8,1,0
BRDA:93,9,0,0
BRDA:93,9,1,0
BRDA:96,10,0,0
BRDA:96,10,1,0
BRDA:96,11,0,0
BRDA:96,11,1,0
BRDA:104,12,0,0
BRDA:104,12,1,0
BRDA:107,13,0,0
BRDA:107,13,1,0
BRDA:127,14,0,0
BRDA:127,14,1,0
BRDA:128,15,0,0
BRDA:128,15,1,0
BRDA:132,16,0,0
BRDA:132,16,1,0
BRDA:132,17,0,0
BRDA:132,17,1,0
BRDA:139,18,0,0
BRDA:139,18,1,0
BRDA:139,19,0,0
BRDA:139,19,1,0
BRDA:148,20,0,0
BRDA:148,20,1,0
BRDA:158,21,0,0
BRDA:158,21,1,0
BRDA:159,22,0,0
BRDA:159,22,1,0
BRDA:174,23,0,0
BRDA:174,23,1,0
BRDA:176,24,0,0
BRDA:176,24,1,0
BRDA:179,25,0,0
BRDA:179,25,1,0
BRDA:184,26,0,0
BRDA:184,26,1,0
BRDA:197,27,0,0
BRDA:197,27,1,0
BRDA:198,28,0,0
BRDA:198,28,1,0
BRDA:199,29,0,0
BRDA:199,29,1,0
BRDA:199,30,0,0
BRDA:199,30,1,0
BRDA:217,31,0,0
BRDA:217,31,1,0
BRDA:218,32,0,0
BRDA:218,32,1,0
BRDA:219,33,0,0
BRDA:219,33,1,0
BRDA:246,34,0,0
BRDA:246,34,1,0
BRF:70
BRH:0
end_of_record
TN:
SF:src\utils\migration\migrate-marea-observers.ts
FN:10,expandEnv
FN:12,(anonymous_1)
FN:23,main
FN:31,(anonymous_3)
FNF:4
FNH:0
FNDA:0,expandEnv
FNDA:0,(anonymous_1)
FNDA:0,main
FNDA:0,(anonymous_3)
DA:1,0
DA:2,0
DA:3,0
DA:4,0
DA:5,0
DA:6,0
DA:8,0
DA:11,0
DA:12,0
DA:16,0
DA:17,0
DA:18,0
DA:21,0
DA:24,0
DA:25,0
DA:26,0
DA:28,0
DA:29,0
DA:31,0
DA:32,0
DA:33,0
DA:34,0
DA:35,0
DA:38,0
DA:40,0
DA:41,0
DA:42,0
DA:44,0
DA:46,0
DA:59,0
DA:61,0
DA:62,0
DA:63,0
DA:65,0
DA:66,0
DA:67,0
DA:69,0
DA:70,0
DA:71,0
DA:72,0
DA:75,0
DA:77,0
DA:78,0
DA:79,0
DA:80,0
DA:84,0
DA:91,0
DA:92,0
DA:94,0
DA:95,0
DA:99,0
DA:100,0
DA:101,0
DA:102,0
DA:103,0
DA:106,0
DA:107,0
DA:109,0
DA:110,0
DA:111,0
DA:115,0
LF:61
LH:0
BRDA:11,0,0,0
BRDA:11,0,1,0
BRDA:12,1,0,0
BRDA:12,1,1,0
BRDA:17,2,0,0
BRDA:17,2,1,0
BRDA:25,3,0,0
BRDA:25,3,1,0
BRDA:69,4,0,0
BRDA:69,4,1,0
BRDA:77,5,0,0
BRDA:77,5,1,0
BRDA:107,6,0,0
BRDA:107,6,1,0
BRF:14
BRH:0
end_of_record
TN:
SF:src\utils\migration\update-buques-pesqueria.ts
FN:24,expandEnv
FN:26,(anonymous_1)
FN:37,main
FN:45,(anonymous_3)
FN:108,(anonymous_4)
FNF:5
FNH:0
FNDA:0,expandEnv
FNDA:0,(anonymous_1)
FNDA:0,main
FNDA:0,(anonymous_3)
FNDA:0,(anonymous_4)
DA:1,0
DA:2,0
DA:3,0
DA:4,0
DA:5,0
DA:6,0
DA:7,0
DA:9,0
DA:12,0
DA:25,0
DA:26,0
DA:30,0
DA:31,0
DA:32,0
DA:35,0
DA:38,0
DA:39,0
DA:40,0
DA:42,0
DA:43,0
DA:45,0
DA:46,0
DA:47,0
DA:48,0
DA:49,0
DA:52,0
DA:54,0
DA:55,0
DA:56,0
DA:58,0
DA:60,0
DA:61,0
DA:62,0
DA:65,0
DA:66,0
DA:67,0
DA:68,0
DA:69,0
DA:71,0
DA:74,0
DA:76,0
DA:77,0
DA:78,0
DA:80,0
DA:82,0
DA:83,0
DA:86,0
DA:90,0
DA:91,0
DA:92,0
DA:93,0
DA:94,0
DA:95,0
DA:96,0
DA:97,0
DA:100,0
DA:103,0
DA:106,0
DA:107,0
DA:108,0
DA:109,0
DA:113,0
DA:114,0
DA:115,0
DA:116,0
DA:118,0
DA:119,0
DA:120,0
DA:122,0
DA:123,0
DA:124,0
DA:127,0
DA:128,0
DA:129,0
DA:130,0
DA:134,0
DA:143,0
DA:144,0
DA:148,0
DA:149,0
DA:151,0
DA:155,0
DA:156,0
DA:158,0
DA:159,0
DA:160,0
DA:163,0
DA:164,0
DA:165,0
DA:168,0
DA:169,0
DA:170,0
DA:173,0
DA:176,0
DA:177,0
DA:179,0
DA:180,0
DA:181,0
DA:185,0
LF:99
LH:0
BRDA:25,0,0,0
BRDA:25,0,1,0
BRDA:26,1,0,0
BRDA:26,1,1,0
BRDA:31,2,0,0
BRDA:31,2,1,0
BRDA:39,3,0,0
BRDA:39,3,1,0
BRDA:60,4,0,0
BRDA:60,4,1,0
BRDA:80,5,0,0
BRDA:80,5,1,0
BRDA:80,6,0,0
BRDA:80,6,1,0
BRDA:82,7,0,0
BRDA:82,7,1,0
BRDA:86,8,0,0
BRDA:86,8,1,0
BRDA:95,9,0,0
BRDA:95,9,1,0
BRDA:122,10,0,0
BRDA:122,10,1,0
BRDA:128,11,0,0
BRDA:128,11,1,0
BRDA:143,12,0,0
BRDA:143,12,1,0
BRDA:158,13,0,0
BRDA:158,13,1,0
BRDA:163,14,0,0
BRDA:163,14,1,0
BRDA:168,15,0,0
BRDA:168,15,1,0
BRDA:177,16,0,0
BRDA:177,16,1,0
BRF:34
BRH:0
end_of_record
